#
# There is insufficient memory for the Java Runtime Environment to continue.
# Native memory allocation (malloc) failed to allocate 1309296 bytes for Chunk::new
# Possible reasons:
#   The system is out of physical RAM or swap space
#   The process is running with CompressedOops enabled, and the Java Heap may be blocking the growth of the native heap
# Possible solutions:
#   Reduce memory load on the system
#   Increase physical memory or swap space
#   Check if swap backing store is full
#   Decrease Java heap size (-Xmx/-Xms)
#   Decrease number of Java threads
#   Decrease Java thread stack sizes (-Xss)
#   Set larger code cache with -XX:ReservedCodeCacheSize=
#   JVM is running with Unscaled Compressed Oops mode in which the Java heap is
#     placed in the first 4GB address space. The Java Heap base address is the
#     maximum limit for the native heap growth. Please use -XX:HeapBaseMinAddress
#     to set the Java Heap base and to place the Java Heap above 4GB virtual address.
# This output file may be truncated or incomplete.
#
#  Out of Memory Error (arena.cpp:189), pid=9804, tid=6824
#
# JRE version: OpenJDK Runtime Environment (17.0.6) (build 17.0.6+0-b2043.56-9586694)
# Java VM: OpenJDK 64-Bit Server VM (17.0.6+0-b2043.56-9586694, mixed mode, tiered, compressed oops, compressed class ptrs, g1 gc, windows-amd64)
# No core dump will be written. Minidumps are not enabled by default on client versions of Windows
#

---------------  S U M M A R Y ------------

Command Line: --add-opens=java.base/java.util=ALL-UNNAMED --add-opens=java.base/java.lang=ALL-UNNAMED --add-opens=java.base/java.lang.invoke=ALL-UNNAMED --add-opens=java.prefs/java.util.prefs=ALL-UNNAMED --add-opens=java.base/java.nio.charset=ALL-UNNAMED --add-opens=java.base/java.net=ALL-UNNAMED --add-opens=java.base/java.util.concurrent.atomic=ALL-UNNAMED -Xmx2048m -Dfile.encoding=UTF-8 -Duser.country=US -Duser.language=en -Duser.variant org.gradle.launcher.daemon.bootstrap.GradleDaemon 8.0

Host: Intel(R) Core(TM) i5-4200M CPU @ 2.50GHz, 4 cores, 7G,  Windows 10 , 64 bit Build 19041 (10.0.19041.1806)
Time: Mon Aug  7 18:31:08 2023 Malay Peninsula Standard Time elapsed time: 18.209112 seconds (0d 0h 0m 18s)

---------------  T H R E A D  ---------------

Current thread (0x000001b99391ffc0):  JavaThread "C2 CompilerThread0" daemon [_thread_in_native, id=6824, stack(0x0000004a4f000000,0x0000004a4f100000)]


Current CompileTask:
C2:  18209 6342       4       org.objectweb.asm.SymbolTable::addConstantMemberReference (147 bytes)

Stack: [0x0000004a4f000000,0x0000004a4f100000]
Native frames: (J=compiled Java code, j=interpreted, Vv=VM code, C=native code)
V  [jvm.dll+0x683b4a]
V  [jvm.dll+0x842654]
V  [jvm.dll+0x843dfe]
V  [jvm.dll+0x844463]
V  [jvm.dll+0x249b75]
V  [jvm.dll+0xabcac]
V  [jvm.dll+0xac27c]
V  [jvm.dll+0x368802]
V  [jvm.dll+0x332f31]
V  [jvm.dll+0x3323da]
V  [jvm.dll+0x21c201]
V  [jvm.dll+0x21b621]
V  [jvm.dll+0x1a4fdd]
V  [jvm.dll+0x22b098]
V  [jvm.dll+0x229159]
V  [jvm.dll+0x7f809c]
V  [jvm.dll+0x7f25fa]
V  [jvm.dll+0x682985]
C  [ucrtbase.dll+0x21bb2]
C  [KERNEL32.DLL+0x17034]
C  [ntdll.dll+0x52651]


---------------  P R O C E S S  ---------------

Threads class SMR info:
_java_thread_list=0x000001b993e82c20, length=79, elements={
0x000001b9f91177f0, 0x000001b9ff6dc300, 0x000001b9ff6de830, 0x000001b9ff71e290,
0x000001b99391a090, 0x000001b99391c560, 0x000001b99391e240, 0x000001b99391ffc0,
0x000001b993924560, 0x000001b993927610, 0x000001b99391d8a0, 0x000001b99391ca30,
0x000001b99391dd70, 0x000001b99391ad50, 0x000001b99391bbc0, 0x000001b99391c090,
0x000001b99391cf00, 0x000001b99391e710, 0x000001b99391d3d0, 0x000001b996972da0,
0x000001b9969728d0, 0x000001b99696e570, 0x000001b99696ef10, 0x000001b99696c3c0,
0x000001b99696e0a0, 0x000001b996970bf0, 0x000001b99696b550, 0x000001b99696ea40,
0x000001b99696dbd0, 0x000001b99696fd80, 0x000001b99696f3e0, 0x000001b996970250,
0x000001b996971f30, 0x000001b996971590, 0x000001b99696bef0, 0x000001b996970720,
0x000001b99696d700, 0x000001b9964bf4f0, 0x000001b9964c16a0, 0x000001b9964c11d0,
0x000001b9964c3850, 0x000001b9964c3d20, 0x000001b9964c0830, 0x000001b9964c41f0,
0x000001b9964c0d00, 0x000001b9964bf9c0, 0x000001b9964c6870, 0x000001b9964c46c0,
0x000001b9964c5a00, 0x000001b9964c4b90, 0x000001b9964c1b70, 0x000001b9964c5ed0,
0x000001b9964c29e0, 0x000001b9964c0360, 0x000001b9964c2510, 0x000001b9964c5060,
0x000001b9964c63a0, 0x000001b9964bf020, 0x000001b99391b220, 0x000001b9985fbd20,
0x000001b9985f6b50, 0x000001b9985f79c0, 0x000001b9985fcb90, 0x000001b9985fa9e0,
0x000001b9985f7020, 0x000001b9985fd530, 0x000001b9985fda00, 0x000001b9985f7e90,
0x000001b9985fb380, 0x000001b9985fded0, 0x000001b9985f8360, 0x000001b9985fd060,
0x000001b9985f6680, 0x000001b9985f9b70, 0x000001b9985f74f0, 0x000001b9985f8830,
0x000001b9985f8d00, 0x000001b9985f91d0, 0x000001b9985fb850
}

Java Threads: ( => current thread )
  0x000001b9f91177f0 JavaThread "main" [_thread_blocked, id=1860, stack(0x0000004a4e300000,0x0000004a4e400000)]
  0x000001b9ff6dc300 JavaThread "Reference Handler" daemon [_thread_blocked, id=9352, stack(0x0000004a4ea00000,0x0000004a4eb00000)]
  0x000001b9ff6de830 JavaThread "Finalizer" daemon [_thread_blocked, id=9844, stack(0x0000004a4eb00000,0x0000004a4ec00000)]
  0x000001b9ff71e290 JavaThread "Signal Dispatcher" daemon [_thread_blocked, id=9456, stack(0x0000004a4ec00000,0x0000004a4ed00000)]
  0x000001b99391a090 JavaThread "Attach Listener" daemon [_thread_blocked, id=10128, stack(0x0000004a4ed00000,0x0000004a4ee00000)]
  0x000001b99391c560 JavaThread "Service Thread" daemon [_thread_blocked, id=6500, stack(0x0000004a4ee00000,0x0000004a4ef00000)]
  0x000001b99391e240 JavaThread "Monitor Deflation Thread" daemon [_thread_blocked, id=10100, stack(0x0000004a4ef00000,0x0000004a4f000000)]
=>0x000001b99391ffc0 JavaThread "C2 CompilerThread0" daemon [_thread_in_native, id=6824, stack(0x0000004a4f000000,0x0000004a4f100000)]
  0x000001b993924560 JavaThread "C1 CompilerThread0" daemon [_thread_blocked, id=9100, stack(0x0000004a4f100000,0x0000004a4f200000)]
  0x000001b993927610 JavaThread "Sweeper thread" daemon [_thread_blocked, id=10104, stack(0x0000004a4f200000,0x0000004a4f300000)]
  0x000001b99391d8a0 JavaThread "Common-Cleaner" daemon [_thread_blocked, id=1440, stack(0x0000004a4f300000,0x0000004a4f400000)]
  0x000001b99391ca30 JavaThread "Notification Thread" daemon [_thread_blocked, id=8592, stack(0x0000004a4f400000,0x0000004a4f500000)]
  0x000001b99391dd70 JavaThread "Daemon health stats" [_thread_blocked, id=5760, stack(0x0000004a4fa00000,0x0000004a4fb00000)]
  0x000001b99391ad50 JavaThread "Incoming local TCP Connector on port 55272" [_thread_in_native, id=8408, stack(0x0000004a4f600000,0x0000004a4f700000)]
  0x000001b99391bbc0 JavaThread "Daemon periodic checks" [_thread_blocked, id=8980, stack(0x0000004a4fb00000,0x0000004a4fc00000)]
  0x000001b99391c090 JavaThread "Daemon" [_thread_blocked, id=344, stack(0x0000004a4fc00000,0x0000004a4fd00000)]
  0x000001b99391cf00 JavaThread "Handler for socket connection from /127.0.0.1:55272 to /127.0.0.1:55273" [_thread_in_native, id=9944, stack(0x0000004a4fd00000,0x0000004a4fe00000)]
  0x000001b99391e710 JavaThread "Cancel handler" [_thread_blocked, id=5772, stack(0x0000004a4fe00000,0x0000004a4ff00000)]
  0x000001b99391d3d0 JavaThread "Daemon worker" [_thread_in_native, id=244, stack(0x0000004a4ff00000,0x0000004a50000000)]
  0x000001b996972da0 JavaThread "Asynchronous log dispatcher for DefaultDaemonConnection: socket connection from /127.0.0.1:55272 to /127.0.0.1:55273" [_thread_blocked, id=3120, stack(0x0000004a50000000,0x0000004a50100000)]
  0x000001b9969728d0 JavaThread "Stdin handler" [_thread_blocked, id=7804, stack(0x0000004a50100000,0x0000004a50200000)]
  0x000001b99696e570 JavaThread "Daemon client event forwarder" [_thread_blocked, id=3108, stack(0x0000004a50200000,0x0000004a50300000)]
  0x000001b99696ef10 JavaThread "Cache worker for journal cache (C:\Users\markt\.gradle\caches\journal-1)" [_thread_blocked, id=9696, stack(0x0000004a50300000,0x0000004a50400000)]
  0x000001b99696c3c0 JavaThread "File lock request listener" [_thread_in_native, id=9832, stack(0x0000004a50400000,0x0000004a50500000)]
  0x000001b99696e0a0 JavaThread "Cache worker for file hash cache (C:\Users\markt\.gradle\caches\8.0\fileHashes)" [_thread_blocked, id=9728, stack(0x0000004a50500000,0x0000004a50600000)]
  0x000001b996970bf0 JavaThread "File watcher server" daemon [_thread_in_native, id=6784, stack(0x0000004a50600000,0x0000004a50700000)]
  0x000001b99696b550 JavaThread "File watcher consumer" daemon [_thread_blocked, id=6296, stack(0x0000004a50700000,0x0000004a50800000)]
  0x000001b99696ea40 JavaThread "jar transforms" [_thread_blocked, id=5468, stack(0x0000004a50900000,0x0000004a50a00000)]
  0x000001b99696dbd0 JavaThread "jar transforms Thread 2" [_thread_blocked, id=6604, stack(0x0000004a50a00000,0x0000004a50b00000)]
  0x000001b99696fd80 JavaThread "jar transforms Thread 3" [_thread_blocked, id=6780, stack(0x0000004a50b00000,0x0000004a50c00000)]
  0x000001b99696f3e0 JavaThread "jar transforms Thread 4" [_thread_blocked, id=6596, stack(0x0000004a50c00000,0x0000004a50d00000)]
  0x000001b996970250 JavaThread "Cache worker for checksums cache (C:\Users\markt\AndroidStudioProjects\WinrateCalculator\.gradle\8.0\checksums)" [_thread_blocked, id=7112, stack(0x0000004a50d00000,0x0000004a50e00000)]
  0x000001b996971f30 JavaThread "Cache worker for cache directory md-rule (C:\Users\markt\.gradle\caches\8.0\md-rule)" [_thread_blocked, id=3160, stack(0x0000004a50e00000,0x0000004a50f00000)]
  0x000001b996971590 JavaThread "Cache worker for file content cache (C:\Users\markt\.gradle\caches\8.0\fileContent)" [_thread_blocked, id=1172, stack(0x0000004a50f00000,0x0000004a51000000)]
  0x000001b99696bef0 JavaThread "Cache worker for file hash cache (C:\Users\markt\AndroidStudioProjects\WinrateCalculator\.gradle\8.0\fileHashes)" [_thread_blocked, id=2556, stack(0x0000004a51000000,0x0000004a51100000)]
  0x000001b996970720 JavaThread "Cache worker for cache directory md-supplier (C:\Users\markt\.gradle\caches\8.0\md-supplier)" [_thread_blocked, id=8776, stack(0x0000004a50800000,0x0000004a50900000)]
  0x000001b99696d700 JavaThread "Cache worker for execution history cache (C:\Users\markt\.gradle\caches\8.0\executionHistory)" [_thread_blocked, id=5196, stack(0x0000004a51100000,0x0000004a51200000)]
  0x000001b9964bf4f0 JavaThread "Cache worker for dependencies-accessors (C:\Users\markt\AndroidStudioProjects\WinrateCalculator\.gradle\8.0\dependencies-accessors)" [_thread_blocked, id=7692, stack(0x0000004a51300000,0x0000004a51400000)]
  0x000001b9964c16a0 JavaThread "Cache worker for Build Output Cleanup Cache (C:\Users\markt\AndroidStudioProjects\WinrateCalculator\.gradle\buildOutputCleanup)" [_thread_blocked, id=2992, stack(0x0000004a51400000,0x0000004a51500000)]
  0x000001b9964c11d0 JavaThread "Unconstrained build operations" [_thread_blocked, id=7752, stack(0x0000004a51500000,0x0000004a51600000)]
  0x000001b9964c3850 JavaThread "Unconstrained build operations Thread 2" [_thread_blocked, id=4192, stack(0x0000004a51600000,0x0000004a51700000)]
  0x000001b9964c3d20 JavaThread "Unconstrained build operations Thread 3" [_thread_blocked, id=6952, stack(0x0000004a51700000,0x0000004a51800000)]
  0x000001b9964c0830 JavaThread "Unconstrained build operations Thread 4" [_thread_blocked, id=4452, stack(0x0000004a51800000,0x0000004a51900000)]
  0x000001b9964c41f0 JavaThread "Unconstrained build operations Thread 5" [_thread_blocked, id=6540, stack(0x0000004a51900000,0x0000004a51a00000)]
  0x000001b9964c0d00 JavaThread "Unconstrained build operations Thread 6" [_thread_blocked, id=5676, stack(0x0000004a51a00000,0x0000004a51b00000)]
  0x000001b9964bf9c0 JavaThread "Unconstrained build operations Thread 7" [_thread_blocked, id=5940, stack(0x0000004a51b00000,0x0000004a51c00000)]
  0x000001b9964c6870 JavaThread "Unconstrained build operations Thread 8" [_thread_blocked, id=8072, stack(0x0000004a51c00000,0x0000004a51d00000)]
  0x000001b9964c46c0 JavaThread "Unconstrained build operations Thread 9" [_thread_blocked, id=1612, stack(0x0000004a51d00000,0x0000004a51e00000)]
  0x000001b9964c5a00 JavaThread "Unconstrained build operations Thread 10" [_thread_blocked, id=5040, stack(0x0000004a51e00000,0x0000004a51f00000)]
  0x000001b9964c4b90 JavaThread "Unconstrained build operations Thread 11" [_thread_blocked, id=3604, stack(0x0000004a51f00000,0x0000004a52000000)]
  0x000001b9964c1b70 JavaThread "Unconstrained build operations Thread 12" [_thread_blocked, id=948, stack(0x0000004a52000000,0x0000004a52100000)]
  0x000001b9964c5ed0 JavaThread "Unconstrained build operations Thread 13" [_thread_blocked, id=7120, stack(0x0000004a52100000,0x0000004a52200000)]
  0x000001b9964c29e0 JavaThread "Unconstrained build operations Thread 14" [_thread_blocked, id=6168, stack(0x0000004a52200000,0x0000004a52300000)]
  0x000001b9964c0360 JavaThread "Unconstrained build operations Thread 15" [_thread_blocked, id=7164, stack(0x0000004a52300000,0x0000004a52400000)]
  0x000001b9964c2510 JavaThread "Unconstrained build operations Thread 16" [_thread_blocked, id=6624, stack(0x0000004a52400000,0x0000004a52500000)]
  0x000001b9964c5060 JavaThread "Unconstrained build operations Thread 17" [_thread_blocked, id=9776, stack(0x0000004a52500000,0x0000004a52600000)]
  0x000001b9964c63a0 JavaThread "Unconstrained build operations Thread 18" [_thread_blocked, id=680, stack(0x0000004a52600000,0x0000004a52700000)]
  0x000001b9964bf020 JavaThread "Unconstrained build operations Thread 19" [_thread_blocked, id=8256, stack(0x0000004a52700000,0x0000004a52800000)]
  0x000001b99391b220 JavaThread "Unconstrained build operations Thread 20" [_thread_blocked, id=8584, stack(0x0000004a52800000,0x0000004a52900000)]
  0x000001b9985fbd20 JavaThread "Unconstrained build operations Thread 21" [_thread_blocked, id=8292, stack(0x0000004a52900000,0x0000004a52a00000)]
  0x000001b9985f6b50 JavaThread "Unconstrained build operations Thread 22" [_thread_blocked, id=9492, stack(0x0000004a52a00000,0x0000004a52b00000)]
  0x000001b9985f79c0 JavaThread "Unconstrained build operations Thread 23" [_thread_blocked, id=5648, stack(0x0000004a52b00000,0x0000004a52c00000)]
  0x000001b9985fcb90 JavaThread "Unconstrained build operations Thread 24" [_thread_blocked, id=7368, stack(0x0000004a52c00000,0x0000004a52d00000)]
  0x000001b9985fa9e0 JavaThread "Unconstrained build operations Thread 25" [_thread_blocked, id=9644, stack(0x0000004a52d00000,0x0000004a52e00000)]
  0x000001b9985f7020 JavaThread "Unconstrained build operations Thread 26" [_thread_blocked, id=764, stack(0x0000004a52e00000,0x0000004a52f00000)]
  0x000001b9985fd530 JavaThread "Unconstrained build operations Thread 27" [_thread_blocked, id=6024, stack(0x0000004a52f00000,0x0000004a53000000)]
  0x000001b9985fda00 JavaThread "Unconstrained build operations Thread 28" [_thread_blocked, id=2732, stack(0x0000004a53000000,0x0000004a53100000)]
  0x000001b9985f7e90 JavaThread "Unconstrained build operations Thread 29" [_thread_blocked, id=8632, stack(0x0000004a53100000,0x0000004a53200000)]
  0x000001b9985fb380 JavaThread "Unconstrained build operations Thread 30" [_thread_blocked, id=9024, stack(0x0000004a53200000,0x0000004a53300000)]
  0x000001b9985fded0 JavaThread "Unconstrained build operations Thread 31" [_thread_blocked, id=9256, stack(0x0000004a53300000,0x0000004a53400000)]
  0x000001b9985f8360 JavaThread "Unconstrained build operations Thread 32" [_thread_blocked, id=9920, stack(0x0000004a53400000,0x0000004a53500000)]
  0x000001b9985fd060 JavaThread "Unconstrained build operations Thread 33" [_thread_blocked, id=9380, stack(0x0000004a53500000,0x0000004a53600000)]
  0x000001b9985f6680 JavaThread "Unconstrained build operations Thread 34" [_thread_blocked, id=9796, stack(0x0000004a53600000,0x0000004a53700000)]
  0x000001b9985f9b70 JavaThread "Unconstrained build operations Thread 35" [_thread_blocked, id=8168, stack(0x0000004a53700000,0x0000004a53800000)]
  0x000001b9985f74f0 JavaThread "Unconstrained build operations Thread 36" [_thread_blocked, id=7988, stack(0x0000004a53800000,0x0000004a53900000)]
  0x000001b9985f8830 JavaThread "Unconstrained build operations Thread 37" [_thread_blocked, id=5728, stack(0x0000004a53900000,0x0000004a53a00000)]
  0x000001b9985f8d00 JavaThread "Unconstrained build operations Thread 38" [_thread_blocked, id=1836, stack(0x0000004a53a00000,0x0000004a53b00000)]
  0x000001b9985f91d0 JavaThread "Unconstrained build operations Thread 39" [_thread_blocked, id=2040, stack(0x0000004a53b00000,0x0000004a53c00000)]
  0x000001b9985fb850 JavaThread "Unconstrained build operations Thread 40" [_thread_blocked, id=7800, stack(0x0000004a53c00000,0x0000004a53d00000)]

Other Threads:
  0x000001b9ff6d9040 VMThread "VM Thread" [stack: 0x0000004a4e900000,0x0000004a4ea00000] [id=9756]
  0x000001b993a951f0 WatcherThread [stack: 0x0000004a4f500000,0x0000004a4f600000] [id=2224]
  0x000001b9f9175b30 GCTaskThread "GC Thread#0" [stack: 0x0000004a4e400000,0x0000004a4e500000] [id=8752]
  0x000001b993f242d0 GCTaskThread "GC Thread#1" [stack: 0x0000004a4f700000,0x0000004a4f800000] [id=9940]
  0x000001b993f24580 GCTaskThread "GC Thread#2" [stack: 0x0000004a4f800000,0x0000004a4f900000] [id=2676]
  0x000001b994aab600 GCTaskThread "GC Thread#3" [stack: 0x0000004a4f900000,0x0000004a4fa00000] [id=9956]
  0x000001b9f9186980 ConcurrentGCThread "G1 Main Marker" [stack: 0x0000004a4e500000,0x0000004a4e600000] [id=3648]
  0x000001b9f91872a0 ConcurrentGCThread "G1 Conc#0" [stack: 0x0000004a4e600000,0x0000004a4e700000] [id=880]
  0x000001b9ff530090 ConcurrentGCThread "G1 Refine#0" [stack: 0x0000004a4e700000,0x0000004a4e800000] [id=10220]
  0x000001b9ff5319d0 ConcurrentGCThread "G1 Service" [stack: 0x0000004a4e800000,0x0000004a4e900000] [id=4688]

Threads with active compile tasks:
C2 CompilerThread0    18282 6342       4       org.objectweb.asm.SymbolTable::addConstantMemberReference (147 bytes)

VM state: not at safepoint (normal execution)

VM Mutex/Monitor currently owned by a thread: None

Heap address: 0x0000000080000000, size: 2048 MB, Compressed Oops mode: 32-bit

CDS archive(s) not mapped
Compressed class space mapped at: 0x0000000100000000-0x0000000140000000, reserved size: 1073741824
Narrow klass base: 0x0000000000000000, Narrow klass shift: 3, Narrow klass range: 0x140000000

GC Precious Log:
 CPUs: 4 total, 4 available
 Memory: 8104M
 Large Page Support: Disabled
 NUMA Support: Disabled
 Compressed Oops: Enabled (32-bit)
 Heap Region Size: 1M
 Heap Min Capacity: 8M
 Heap Initial Capacity: 128M
 Heap Max Capacity: 2G
 Pre-touch: Disabled
 Parallel Workers: 4
 Concurrent Workers: 1
 Concurrent Refinement Workers: 4
 Periodic GC: Disabled

Heap:
 garbage-first heap   total 204800K, used 123371K [0x0000000080000000, 0x0000000100000000)
  region size 1024K, 6 young (6144K), 3 survivors (3072K)
 Metaspace       used 58537K, committed 59072K, reserved 1105920K
  class space    used 7826K, committed 8064K, reserved 1048576K

Heap Regions: E=young(eden), S=young(survivor), O=old, HS=humongous(starts), HC=humongous(continues), CS=collection set, F=free, OA=open archive, CA=closed archive, TAMS=top-at-mark-start (previous, next)
|   0|0x0000000080000000, 0x0000000080100000, 0x0000000080100000|100%| O|  |TAMS 0x0000000080100000, 0x0000000080000000| Untracked 
|   1|0x0000000080100000, 0x0000000080200000, 0x0000000080200000|100%| O|  |TAMS 0x0000000080200000, 0x0000000080100000| Untracked 
|   2|0x0000000080200000, 0x0000000080300000, 0x0000000080300000|100%|HS|  |TAMS 0x0000000080300000, 0x0000000080200000| Complete 
|   3|0x0000000080300000, 0x0000000080400000, 0x0000000080400000|100%|HC|  |TAMS 0x0000000080400000, 0x0000000080300000| Complete 
|   4|0x0000000080400000, 0x0000000080500000, 0x0000000080500000|100%|HC|  |TAMS 0x0000000080500000, 0x0000000080400000| Complete 
|   5|0x0000000080500000, 0x0000000080600000, 0x0000000080600000|100%|HC|  |TAMS 0x0000000080600000, 0x0000000080500000| Complete 
|   6|0x0000000080600000, 0x0000000080700000, 0x0000000080700000|100%| O|  |TAMS 0x0000000080700000, 0x0000000080600000| Untracked 
|   7|0x0000000080700000, 0x0000000080800000, 0x0000000080800000|100%| O|  |TAMS 0x0000000080800000, 0x0000000080700000| Untracked 
|   8|0x0000000080800000, 0x0000000080900000, 0x0000000080900000|100%| O|  |TAMS 0x0000000080900000, 0x0000000080800000| Untracked 
|   9|0x0000000080900000, 0x0000000080a00000, 0x0000000080a00000|100%| O|  |TAMS 0x0000000080a00000, 0x0000000080900000| Untracked 
|  10|0x0000000080a00000, 0x0000000080b00000, 0x0000000080b00000|100%| O|  |TAMS 0x0000000080b00000, 0x0000000080a00000| Untracked 
|  11|0x0000000080b00000, 0x0000000080c00000, 0x0000000080c00000|100%| O|  |TAMS 0x0000000080c00000, 0x0000000080b00000| Untracked 
|  12|0x0000000080c00000, 0x0000000080d00000, 0x0000000080d00000|100%| O|  |TAMS 0x0000000080d00000, 0x0000000080c00000| Untracked 
|  13|0x0000000080d00000, 0x0000000080e00000, 0x0000000080e00000|100%| O|  |TAMS 0x0000000080e00000, 0x0000000080d00000| Untracked 
|  14|0x0000000080e00000, 0x0000000080f00000, 0x0000000080f00000|100%| O|  |TAMS 0x0000000080f00000, 0x0000000080e00000| Untracked 
|  15|0x0000000080f00000, 0x0000000081000000, 0x0000000081000000|100%| O|  |TAMS 0x0000000081000000, 0x0000000080f00000| Untracked 
|  16|0x0000000081000000, 0x0000000081100000, 0x0000000081100000|100%| O|  |TAMS 0x0000000081100000, 0x0000000081000000| Untracked 
|  17|0x0000000081100000, 0x0000000081200000, 0x0000000081200000|100%| O|  |TAMS 0x0000000081200000, 0x0000000081100000| Untracked 
|  18|0x0000000081200000, 0x0000000081300000, 0x0000000081300000|100%| O|  |TAMS 0x0000000081300000, 0x0000000081200000| Untracked 
|  19|0x0000000081300000, 0x0000000081400000, 0x0000000081400000|100%| O|  |TAMS 0x0000000081400000, 0x0000000081300000| Untracked 
|  20|0x0000000081400000, 0x0000000081500000, 0x0000000081500000|100%| O|  |TAMS 0x0000000081500000, 0x0000000081400000| Untracked 
|  21|0x0000000081500000, 0x0000000081600000, 0x0000000081600000|100%|HS|  |TAMS 0x0000000081600000, 0x0000000081500000| Complete 
|  22|0x0000000081600000, 0x0000000081700000, 0x0000000081700000|100%|HC|  |TAMS 0x0000000081700000, 0x0000000081600000| Complete 
|  23|0x0000000081700000, 0x0000000081800000, 0x0000000081800000|100%|HS|  |TAMS 0x0000000081800000, 0x0000000081700000| Complete 
|  24|0x0000000081800000, 0x0000000081900000, 0x0000000081900000|100%|HC|  |TAMS 0x0000000081900000, 0x0000000081800000| Complete 
|  25|0x0000000081900000, 0x0000000081a00000, 0x0000000081a00000|100%|HC|  |TAMS 0x0000000081a00000, 0x0000000081900000| Complete 
|  26|0x0000000081a00000, 0x0000000081b00000, 0x0000000081b00000|100%|HS|  |TAMS 0x0000000081b00000, 0x0000000081a00000| Complete 
|  27|0x0000000081b00000, 0x0000000081c00000, 0x0000000081c00000|100%|HC|  |TAMS 0x0000000081c00000, 0x0000000081b00000| Complete 
|  28|0x0000000081c00000, 0x0000000081d00000, 0x0000000081d00000|100%|HC|  |TAMS 0x0000000081d00000, 0x0000000081c00000| Complete 
|  29|0x0000000081d00000, 0x0000000081e00000, 0x0000000081e00000|100%|HS|  |TAMS 0x0000000081e00000, 0x0000000081d00000| Complete 
|  30|0x0000000081e00000, 0x0000000081f00000, 0x0000000081f00000|100%|HC|  |TAMS 0x0000000081f00000, 0x0000000081e00000| Complete 
|  31|0x0000000081f00000, 0x0000000082000000, 0x0000000082000000|100%|HS|  |TAMS 0x0000000082000000, 0x0000000081f00000| Complete 
|  32|0x0000000082000000, 0x0000000082100000, 0x0000000082100000|100%|HC|  |TAMS 0x0000000082100000, 0x0000000082000000| Complete 
|  33|0x0000000082100000, 0x0000000082200000, 0x0000000082200000|100%|HC|  |TAMS 0x0000000082200000, 0x0000000082100000| Complete 
|  34|0x0000000082200000, 0x0000000082300000, 0x0000000082300000|100%|HC|  |TAMS 0x0000000082300000, 0x0000000082200000| Complete 
|  35|0x0000000082300000, 0x0000000082400000, 0x0000000082400000|100%|HC|  |TAMS 0x0000000082400000, 0x0000000082300000| Complete 
|  36|0x0000000082400000, 0x0000000082500000, 0x0000000082500000|100%|HC|  |TAMS 0x0000000082500000, 0x0000000082400000| Complete 
|  37|0x0000000082500000, 0x0000000082600000, 0x0000000082600000|100%|HC|  |TAMS 0x0000000082600000, 0x0000000082500000| Complete 
|  38|0x0000000082600000, 0x0000000082700000, 0x0000000082700000|100%|HC|  |TAMS 0x0000000082700000, 0x0000000082600000| Complete 
|  39|0x0000000082700000, 0x0000000082800000, 0x0000000082800000|100%|HC|  |TAMS 0x0000000082800000, 0x0000000082700000| Complete 
|  40|0x0000000082800000, 0x0000000082900000, 0x0000000082900000|100%|HC|  |TAMS 0x0000000082900000, 0x0000000082800000| Complete 
|  41|0x0000000082900000, 0x0000000082a00000, 0x0000000082a00000|100%|HS|  |TAMS 0x0000000082a00000, 0x0000000082900000| Complete 
|  42|0x0000000082a00000, 0x0000000082b00000, 0x0000000082b00000|100%|HC|  |TAMS 0x0000000082b00000, 0x0000000082a00000| Complete 
|  43|0x0000000082b00000, 0x0000000082c00000, 0x0000000082c00000|100%|HS|  |TAMS 0x0000000082c00000, 0x0000000082b00000| Complete 
|  44|0x0000000082c00000, 0x0000000082d00000, 0x0000000082d00000|100%| O|  |TAMS 0x0000000082d00000, 0x0000000082c00000| Untracked 
|  45|0x0000000082d00000, 0x0000000082e00000, 0x0000000082e00000|100%| O|  |TAMS 0x0000000082e00000, 0x0000000082d00000| Untracked 
|  46|0x0000000082e00000, 0x0000000082f00000, 0x0000000082f00000|100%| O|  |TAMS 0x0000000082f00000, 0x0000000082e00000| Untracked 
|  47|0x0000000082f00000, 0x0000000083000000, 0x0000000083000000|100%| O|  |TAMS 0x0000000083000000, 0x0000000082f00000| Untracked 
|  48|0x0000000083000000, 0x0000000083100000, 0x0000000083100000|100%|HS|  |TAMS 0x0000000083100000, 0x0000000083000000| Complete 
|  49|0x0000000083100000, 0x0000000083200000, 0x0000000083200000|100%|HC|  |TAMS 0x0000000083200000, 0x0000000083100000| Complete 
|  50|0x0000000083200000, 0x0000000083300000, 0x0000000083300000|100%|HC|  |TAMS 0x0000000083300000, 0x0000000083200000| Complete 
|  51|0x0000000083300000, 0x0000000083400000, 0x0000000083400000|100%|HC|  |TAMS 0x0000000083400000, 0x0000000083300000| Complete 
|  52|0x0000000083400000, 0x0000000083500000, 0x0000000083500000|100%|HC|  |TAMS 0x0000000083500000, 0x0000000083400000| Complete 
|  53|0x0000000083500000, 0x0000000083600000, 0x0000000083600000|100%|HC|  |TAMS 0x0000000083600000, 0x0000000083500000| Complete 
|  54|0x0000000083600000, 0x0000000083700000, 0x0000000083700000|100%| O|  |TAMS 0x0000000083700000, 0x0000000083600000| Untracked 
|  55|0x0000000083700000, 0x0000000083800000, 0x0000000083800000|100%| O|  |TAMS 0x0000000083800000, 0x0000000083700000| Untracked 
|  56|0x0000000083800000, 0x0000000083900000, 0x0000000083900000|100%| O|  |TAMS 0x0000000083900000, 0x0000000083800000| Untracked 
|  57|0x0000000083900000, 0x0000000083a00000, 0x0000000083a00000|100%| O|  |TAMS 0x0000000083a00000, 0x0000000083900000| Untracked 
|  58|0x0000000083a00000, 0x0000000083b00000, 0x0000000083b00000|100%| O|  |TAMS 0x0000000083b00000, 0x0000000083a00000| Untracked 
|  59|0x0000000083b00000, 0x0000000083c00000, 0x0000000083c00000|100%| O|  |TAMS 0x0000000083c00000, 0x0000000083b00000| Untracked 
|  60|0x0000000083c00000, 0x0000000083d00000, 0x0000000083d00000|100%| O|  |TAMS 0x0000000083d00000, 0x0000000083c00000| Untracked 
|  61|0x0000000083d00000, 0x0000000083e00000, 0x0000000083e00000|100%| O|  |TAMS 0x0000000083e00000, 0x0000000083d00000| Untracked 
|  62|0x0000000083e00000, 0x0000000083f00000, 0x0000000083f00000|100%| O|  |TAMS 0x0000000083f00000, 0x0000000083e00000| Untracked 
|  63|0x0000000083f00000, 0x0000000084000000, 0x0000000084000000|100%| O|  |TAMS 0x0000000084000000, 0x0000000083f00000| Untracked 
|  64|0x0000000084000000, 0x0000000084100000, 0x0000000084100000|100%| O|  |TAMS 0x0000000084100000, 0x0000000084000000| Untracked 
|  65|0x0000000084100000, 0x0000000084200000, 0x0000000084200000|100%| O|  |TAMS 0x0000000084200000, 0x0000000084100000| Untracked 
|  66|0x0000000084200000, 0x0000000084300000, 0x0000000084300000|100%|HS|  |TAMS 0x0000000084300000, 0x0000000084200000| Complete 
|  67|0x0000000084300000, 0x0000000084400000, 0x0000000084400000|100%|HC|  |TAMS 0x0000000084400000, 0x0000000084300000| Complete 
|  68|0x0000000084400000, 0x0000000084500000, 0x0000000084500000|100%|HC|  |TAMS 0x0000000084500000, 0x0000000084400000| Complete 
|  69|0x0000000084500000, 0x0000000084600000, 0x0000000084600000|100%|HC|  |TAMS 0x0000000084600000, 0x0000000084500000| Complete 
|  70|0x0000000084600000, 0x0000000084700000, 0x0000000084700000|100%|HC|  |TAMS 0x0000000084700000, 0x0000000084600000| Complete 
|  71|0x0000000084700000, 0x0000000084800000, 0x0000000084800000|100%|HC|  |TAMS 0x0000000084800000, 0x0000000084700000| Complete 
|  72|0x0000000084800000, 0x0000000084900000, 0x0000000084900000|100%|HC|  |TAMS 0x0000000084900000, 0x0000000084800000| Complete 
|  73|0x0000000084900000, 0x0000000084a00000, 0x0000000084a00000|100%|HC|  |TAMS 0x0000000084a00000, 0x0000000084900000| Complete 
|  74|0x0000000084a00000, 0x0000000084b00000, 0x0000000084b00000|100%|HC|  |TAMS 0x0000000084b00000, 0x0000000084a00000| Complete 
|  75|0x0000000084b00000, 0x0000000084c00000, 0x0000000084c00000|100%|HC|  |TAMS 0x0000000084c00000, 0x0000000084b00000| Complete 
|  76|0x0000000084c00000, 0x0000000084d00000, 0x0000000084d00000|100%|HC|  |TAMS 0x0000000084d00000, 0x0000000084c00000| Complete 
|  77|0x0000000084d00000, 0x0000000084e00000, 0x0000000084e00000|100%|HS|  |TAMS 0x0000000084e00000, 0x0000000084d00000| Complete 
|  78|0x0000000084e00000, 0x0000000084f00000, 0x0000000084f00000|100%|HC|  |TAMS 0x0000000084f00000, 0x0000000084e00000| Complete 
|  79|0x0000000084f00000, 0x0000000085000000, 0x0000000085000000|100%|HS|  |TAMS 0x0000000085000000, 0x0000000084f00000| Complete 
|  80|0x0000000085000000, 0x0000000085100000, 0x0000000085100000|100%|HC|  |TAMS 0x0000000085100000, 0x0000000085000000| Complete 
|  81|0x0000000085100000, 0x0000000085200000, 0x0000000085200000|100%|HC|  |TAMS 0x0000000085200000, 0x0000000085100000| Complete 
|  82|0x0000000085200000, 0x0000000085300000, 0x0000000085300000|100%|HS|  |TAMS 0x0000000085300000, 0x0000000085200000| Complete 
|  83|0x0000000085300000, 0x0000000085400000, 0x0000000085400000|100%|HC|  |TAMS 0x0000000085400000, 0x0000000085300000| Complete 
|  84|0x0000000085400000, 0x0000000085500000, 0x0000000085500000|100%|HS|  |TAMS 0x0000000085500000, 0x0000000085400000| Complete 
|  85|0x0000000085500000, 0x0000000085600000, 0x0000000085600000|100%|HC|  |TAMS 0x0000000085600000, 0x0000000085500000| Complete 
|  86|0x0000000085600000, 0x0000000085700000, 0x0000000085700000|100%|HC|  |TAMS 0x0000000085700000, 0x0000000085600000| Complete 
|  87|0x0000000085700000, 0x0000000085800000, 0x0000000085800000|100%| O|  |TAMS 0x0000000085800000, 0x0000000085700000| Untracked 
|  88|0x0000000085800000, 0x0000000085900000, 0x0000000085900000|100%| O|  |TAMS 0x0000000085900000, 0x0000000085800000| Untracked 
|  89|0x0000000085900000, 0x0000000085a00000, 0x0000000085a00000|100%| O|  |TAMS 0x0000000085a00000, 0x0000000085900000| Untracked 
|  90|0x0000000085a00000, 0x0000000085b00000, 0x0000000085b00000|100%|HS|  |TAMS 0x0000000085b00000, 0x0000000085a00000| Complete 
|  91|0x0000000085b00000, 0x0000000085c00000, 0x0000000085c00000|100%|HC|  |TAMS 0x0000000085c00000, 0x0000000085b00000| Complete 
|  92|0x0000000085c00000, 0x0000000085d00000, 0x0000000085d00000|100%|HC|  |TAMS 0x0000000085d00000, 0x0000000085c00000| Complete 
|  93|0x0000000085d00000, 0x0000000085e00000, 0x0000000085e00000|100%|HC|  |TAMS 0x0000000085e00000, 0x0000000085d00000| Complete 
|  94|0x0000000085e00000, 0x0000000085f00000, 0x0000000085f00000|100%|HC|  |TAMS 0x0000000085f00000, 0x0000000085e00000| Complete 
|  95|0x0000000085f00000, 0x0000000086000000, 0x0000000086000000|100%|HC|  |TAMS 0x0000000086000000, 0x0000000085f00000| Complete 
|  96|0x0000000086000000, 0x0000000086100000, 0x0000000086100000|100%|HS|  |TAMS 0x0000000086100000, 0x0000000086000000| Complete 
|  97|0x0000000086100000, 0x0000000086200000, 0x0000000086200000|100%| O|  |TAMS 0x0000000086200000, 0x0000000086100000| Untracked 
|  98|0x0000000086200000, 0x0000000086300000, 0x0000000086300000|100%| O|  |TAMS 0x0000000086300000, 0x0000000086200000| Untracked 
|  99|0x0000000086300000, 0x0000000086400000, 0x0000000086400000|100%|HS|  |TAMS 0x0000000086400000, 0x0000000086300000| Complete 
| 100|0x0000000086400000, 0x0000000086500000, 0x0000000086500000|100%|HS|  |TAMS 0x0000000086500000, 0x0000000086400000| Complete 
| 101|0x0000000086500000, 0x0000000086600000, 0x0000000086600000|100%|HC|  |TAMS 0x0000000086600000, 0x0000000086500000| Complete 
| 102|0x0000000086600000, 0x0000000086700000, 0x0000000086700000|100%| O|  |TAMS 0x00000000866fd800, 0x0000000086600000| Untracked 
| 103|0x0000000086700000, 0x0000000086800000, 0x0000000086800000|100%|HS|  |TAMS 0x0000000086800000, 0x0000000086700000| Complete 
| 104|0x0000000086800000, 0x0000000086900000, 0x0000000086900000|100%|HS|  |TAMS 0x0000000086900000, 0x0000000086800000| Complete 
| 105|0x0000000086900000, 0x0000000086a00000, 0x0000000086a00000|100%|HC|  |TAMS 0x0000000086a00000, 0x0000000086900000| Complete 
| 106|0x0000000086a00000, 0x0000000086b00000, 0x0000000086b00000|100%|HC|  |TAMS 0x0000000086b00000, 0x0000000086a00000| Complete 
| 107|0x0000000086b00000, 0x0000000086c00000, 0x0000000086c00000|100%|HC|  |TAMS 0x0000000086c00000, 0x0000000086b00000| Complete 
| 108|0x0000000086c00000, 0x0000000086d00000, 0x0000000086d00000|100%| O|  |TAMS 0x0000000086c00000, 0x0000000086c00000| Untracked 
| 109|0x0000000086d00000, 0x0000000086e00000, 0x0000000086e00000|100%| O|  |TAMS 0x0000000086d00000, 0x0000000086d00000| Untracked 
| 110|0x0000000086e00000, 0x0000000086f00000, 0x0000000086f00000|100%| O|  |TAMS 0x0000000086e00000, 0x0000000086e00000| Untracked 
| 111|0x0000000086f00000, 0x0000000087000000, 0x0000000087000000|100%| O|  |TAMS 0x0000000086f00000, 0x0000000086f00000| Untracked 
| 112|0x0000000087000000, 0x0000000087000000, 0x0000000087100000|  0%| F|  |TAMS 0x0000000087000000, 0x0000000087000000| Untracked 
| 113|0x0000000087100000, 0x0000000087200000, 0x0000000087200000|100%| O|  |TAMS 0x0000000087100000, 0x0000000087100000| Untracked 
| 114|0x0000000087200000, 0x0000000087300000, 0x0000000087300000|100%| O|  |TAMS 0x0000000087200000, 0x0000000087200000| Untracked 
| 115|0x0000000087300000, 0x0000000087400000, 0x0000000087400000|100%| O|  |TAMS 0x0000000087300000, 0x0000000087300000| Untracked 
| 116|0x0000000087400000, 0x00000000874c0800, 0x0000000087500000| 75%| O|  |TAMS 0x0000000087400000, 0x0000000087400000| Untracked 
| 117|0x0000000087500000, 0x0000000087500000, 0x0000000087600000|  0%| F|  |TAMS 0x0000000087500000, 0x0000000087500000| Untracked 
| 118|0x0000000087600000, 0x0000000087600000, 0x0000000087700000|  0%| F|  |TAMS 0x0000000087600000, 0x0000000087600000| Untracked 
| 119|0x0000000087700000, 0x0000000087700000, 0x0000000087800000|  0%| F|  |TAMS 0x0000000087700000, 0x0000000087700000| Untracked 
| 120|0x0000000087800000, 0x0000000087800000, 0x0000000087900000|  0%| F|  |TAMS 0x0000000087800000, 0x0000000087800000| Untracked 
| 121|0x0000000087900000, 0x0000000087900000, 0x0000000087a00000|  0%| F|  |TAMS 0x0000000087900000, 0x0000000087900000| Untracked 
| 122|0x0000000087a00000, 0x0000000087a00000, 0x0000000087b00000|  0%| F|  |TAMS 0x0000000087a00000, 0x0000000087a00000| Untracked 
| 123|0x0000000087b00000, 0x0000000087b00000, 0x0000000087c00000|  0%| F|  |TAMS 0x0000000087b00000, 0x0000000087b00000| Untracked 
| 124|0x0000000087c00000, 0x0000000087c00000, 0x0000000087d00000|  0%| F|  |TAMS 0x0000000087c00000, 0x0000000087c00000| Untracked 
| 125|0x0000000087d00000, 0x0000000087d00000, 0x0000000087e00000|  0%| F|  |TAMS 0x0000000087d00000, 0x0000000087d00000| Untracked 
| 126|0x0000000087e00000, 0x0000000087e00000, 0x0000000087f00000|  0%| F|  |TAMS 0x0000000087e00000, 0x0000000087e00000| Untracked 
| 127|0x0000000087f00000, 0x0000000087f00000, 0x0000000088000000|  0%| F|  |TAMS 0x0000000087f00000, 0x0000000087f00000| Untracked 
| 128|0x0000000088000000, 0x0000000088000000, 0x0000000088100000|  0%| F|  |TAMS 0x0000000088000000, 0x0000000088000000| Untracked 
| 129|0x0000000088100000, 0x0000000088100000, 0x0000000088200000|  0%| F|  |TAMS 0x0000000088100000, 0x0000000088100000| Untracked 
| 130|0x0000000088200000, 0x0000000088200000, 0x0000000088300000|  0%| F|  |TAMS 0x0000000088200000, 0x0000000088200000| Untracked 
| 131|0x0000000088300000, 0x0000000088300000, 0x0000000088400000|  0%| F|  |TAMS 0x0000000088300000, 0x0000000088300000| Untracked 
| 132|0x0000000088400000, 0x0000000088400000, 0x0000000088500000|  0%| F|  |TAMS 0x0000000088400000, 0x0000000088400000| Untracked 
| 133|0x0000000088500000, 0x0000000088500000, 0x0000000088600000|  0%| F|  |TAMS 0x0000000088500000, 0x0000000088500000| Untracked 
| 134|0x0000000088600000, 0x0000000088600000, 0x0000000088700000|  0%| F|  |TAMS 0x0000000088600000, 0x0000000088600000| Untracked 
| 135|0x0000000088700000, 0x0000000088700000, 0x0000000088800000|  0%| F|  |TAMS 0x0000000088700000, 0x0000000088700000| Untracked 
| 136|0x0000000088800000, 0x0000000088800000, 0x0000000088900000|  0%| F|  |TAMS 0x0000000088800000, 0x0000000088800000| Untracked 
| 137|0x0000000088900000, 0x0000000088900000, 0x0000000088a00000|  0%| F|  |TAMS 0x0000000088900000, 0x0000000088900000| Untracked 
| 138|0x0000000088a00000, 0x0000000088a00000, 0x0000000088b00000|  0%| F|  |TAMS 0x0000000088a00000, 0x0000000088a00000| Untracked 
| 139|0x0000000088b00000, 0x0000000088b00000, 0x0000000088c00000|  0%| F|  |TAMS 0x0000000088b00000, 0x0000000088b00000| Untracked 
| 140|0x0000000088c00000, 0x0000000088c00000, 0x0000000088d00000|  0%| F|  |TAMS 0x0000000088c00000, 0x0000000088c00000| Untracked 
| 141|0x0000000088d00000, 0x0000000088d00000, 0x0000000088e00000|  0%| F|  |TAMS 0x0000000088d00000, 0x0000000088d00000| Untracked 
| 142|0x0000000088e00000, 0x0000000088e00000, 0x0000000088f00000|  0%| F|  |TAMS 0x0000000088e00000, 0x0000000088e00000| Untracked 
| 143|0x0000000088f00000, 0x0000000088f00000, 0x0000000089000000|  0%| F|  |TAMS 0x0000000088f00000, 0x0000000088f00000| Untracked 
| 144|0x0000000089000000, 0x0000000089000000, 0x0000000089100000|  0%| F|  |TAMS 0x0000000089000000, 0x0000000089000000| Untracked 
| 145|0x0000000089100000, 0x0000000089100000, 0x0000000089200000|  0%| F|  |TAMS 0x0000000089100000, 0x0000000089100000| Untracked 
| 146|0x0000000089200000, 0x0000000089200000, 0x0000000089300000|  0%| F|  |TAMS 0x0000000089200000, 0x0000000089200000| Untracked 
| 147|0x0000000089300000, 0x0000000089300000, 0x0000000089400000|  0%| F|  |TAMS 0x0000000089300000, 0x0000000089300000| Untracked 
| 148|0x0000000089400000, 0x0000000089400000, 0x0000000089500000|  0%| F|  |TAMS 0x0000000089400000, 0x0000000089400000| Untracked 
| 149|0x0000000089500000, 0x0000000089500000, 0x0000000089600000|  0%| F|  |TAMS 0x0000000089500000, 0x0000000089500000| Untracked 
| 150|0x0000000089600000, 0x0000000089600000, 0x0000000089700000|  0%| F|  |TAMS 0x0000000089600000, 0x0000000089600000| Untracked 
| 151|0x0000000089700000, 0x0000000089700000, 0x0000000089800000|  0%| F|  |TAMS 0x0000000089700000, 0x0000000089700000| Untracked 
| 152|0x0000000089800000, 0x0000000089800000, 0x0000000089900000|  0%| F|  |TAMS 0x0000000089800000, 0x0000000089800000| Untracked 
| 153|0x0000000089900000, 0x0000000089900000, 0x0000000089a00000|  0%| F|  |TAMS 0x0000000089900000, 0x0000000089900000| Untracked 
| 154|0x0000000089a00000, 0x0000000089a00000, 0x0000000089b00000|  0%| F|  |TAMS 0x0000000089a00000, 0x0000000089a00000| Untracked 
| 155|0x0000000089b00000, 0x0000000089b00000, 0x0000000089c00000|  0%| F|  |TAMS 0x0000000089b00000, 0x0000000089b00000| Untracked 
| 156|0x0000000089c00000, 0x0000000089c00000, 0x0000000089d00000|  0%| F|  |TAMS 0x0000000089c00000, 0x0000000089c00000| Untracked 
| 157|0x0000000089d00000, 0x0000000089d00000, 0x0000000089e00000|  0%| F|  |TAMS 0x0000000089d00000, 0x0000000089d00000| Untracked 
| 158|0x0000000089e00000, 0x0000000089e00000, 0x0000000089f00000|  0%| F|  |TAMS 0x0000000089e00000, 0x0000000089e00000| Untracked 
| 159|0x0000000089f00000, 0x0000000089f00000, 0x000000008a000000|  0%| F|  |TAMS 0x0000000089f00000, 0x0000000089f00000| Untracked 
| 160|0x000000008a000000, 0x000000008a000000, 0x000000008a100000|  0%| F|  |TAMS 0x000000008a000000, 0x000000008a000000| Untracked 
| 161|0x000000008a100000, 0x000000008a100000, 0x000000008a200000|  0%| F|  |TAMS 0x000000008a100000, 0x000000008a100000| Untracked 
| 162|0x000000008a200000, 0x000000008a200000, 0x000000008a300000|  0%| F|  |TAMS 0x000000008a200000, 0x000000008a200000| Untracked 
| 163|0x000000008a300000, 0x000000008a300000, 0x000000008a400000|  0%| F|  |TAMS 0x000000008a300000, 0x000000008a300000| Untracked 
| 164|0x000000008a400000, 0x000000008a400000, 0x000000008a500000|  0%| F|  |TAMS 0x000000008a400000, 0x000000008a400000| Untracked 
| 165|0x000000008a500000, 0x000000008a500000, 0x000000008a600000|  0%| F|  |TAMS 0x000000008a500000, 0x000000008a500000| Untracked 
| 166|0x000000008a600000, 0x000000008a600000, 0x000000008a700000|  0%| F|  |TAMS 0x000000008a600000, 0x000000008a600000| Untracked 
| 167|0x000000008a700000, 0x000000008a700000, 0x000000008a800000|  0%| F|  |TAMS 0x000000008a700000, 0x000000008a700000| Untracked 
| 168|0x000000008a800000, 0x000000008a800000, 0x000000008a900000|  0%| F|  |TAMS 0x000000008a800000, 0x000000008a800000| Untracked 
| 169|0x000000008a900000, 0x000000008a9ba770, 0x000000008aa00000| 72%| S|CS|TAMS 0x000000008a900000, 0x000000008a900000| Complete 
| 170|0x000000008aa00000, 0x000000008ab00000, 0x000000008ab00000|100%| S|CS|TAMS 0x000000008aa00000, 0x000000008aa00000| Complete 
| 171|0x000000008ab00000, 0x000000008ac00000, 0x000000008ac00000|100%| S|CS|TAMS 0x000000008ab00000, 0x000000008ab00000| Complete 
| 172|0x000000008ac00000, 0x000000008ac00000, 0x000000008ad00000|  0%| F|  |TAMS 0x000000008ac00000, 0x000000008ac00000| Untracked 
| 173|0x000000008ad00000, 0x000000008ad00000, 0x000000008ae00000|  0%| F|  |TAMS 0x000000008ad00000, 0x000000008ad00000| Untracked 
| 174|0x000000008ae00000, 0x000000008ae00000, 0x000000008af00000|  0%| F|  |TAMS 0x000000008ae00000, 0x000000008ae00000| Untracked 
| 175|0x000000008af00000, 0x000000008af00000, 0x000000008b000000|  0%| F|  |TAMS 0x000000008af00000, 0x000000008af00000| Untracked 
| 176|0x000000008b000000, 0x000000008b000000, 0x000000008b100000|  0%| F|  |TAMS 0x000000008b000000, 0x000000008b000000| Untracked 
| 177|0x000000008b100000, 0x000000008b100000, 0x000000008b200000|  0%| F|  |TAMS 0x000000008b100000, 0x000000008b100000| Untracked 
| 178|0x000000008b200000, 0x000000008b200000, 0x000000008b300000|  0%| F|  |TAMS 0x000000008b200000, 0x000000008b200000| Untracked 
| 179|0x000000008b300000, 0x000000008b300000, 0x000000008b400000|  0%| F|  |TAMS 0x000000008b300000, 0x000000008b300000| Untracked 
| 180|0x000000008b400000, 0x000000008b400000, 0x000000008b500000|  0%| F|  |TAMS 0x000000008b400000, 0x000000008b400000| Untracked 
| 181|0x000000008b500000, 0x000000008b500000, 0x000000008b600000|  0%| F|  |TAMS 0x000000008b500000, 0x000000008b500000| Untracked 
| 182|0x000000008b600000, 0x000000008b600000, 0x000000008b700000|  0%| F|  |TAMS 0x000000008b600000, 0x000000008b600000| Untracked 
| 183|0x000000008b700000, 0x000000008b700000, 0x000000008b800000|  0%| F|  |TAMS 0x000000008b700000, 0x000000008b700000| Untracked 
| 184|0x000000008b800000, 0x000000008b800000, 0x000000008b900000|  0%| F|  |TAMS 0x000000008b800000, 0x000000008b800000| Untracked 
| 185|0x000000008b900000, 0x000000008b900000, 0x000000008ba00000|  0%| F|  |TAMS 0x000000008b900000, 0x000000008b900000| Untracked 
| 186|0x000000008ba00000, 0x000000008ba00000, 0x000000008bb00000|  0%| F|  |TAMS 0x000000008ba00000, 0x000000008ba00000| Untracked 
| 187|0x000000008bb00000, 0x000000008bb00000, 0x000000008bc00000|  0%| F|  |TAMS 0x000000008bb00000, 0x000000008bb00000| Untracked 
| 188|0x000000008bc00000, 0x000000008bc00000, 0x000000008bd00000|  0%| F|  |TAMS 0x000000008bc00000, 0x000000008bc00000| Untracked 
| 189|0x000000008bd00000, 0x000000008bd00000, 0x000000008be00000|  0%| F|  |TAMS 0x000000008bd00000, 0x000000008bd00000| Untracked 
| 190|0x000000008be00000, 0x000000008be00000, 0x000000008bf00000|  0%| F|  |TAMS 0x000000008be00000, 0x000000008be00000| Untracked 
| 191|0x000000008bf00000, 0x000000008bf00000, 0x000000008c000000|  0%| F|  |TAMS 0x000000008bf00000, 0x000000008bf00000| Untracked 
| 192|0x000000008c000000, 0x000000008c000000, 0x000000008c100000|  0%| F|  |TAMS 0x000000008c000000, 0x000000008c000000| Untracked 
| 193|0x000000008c100000, 0x000000008c100000, 0x000000008c200000|  0%| F|  |TAMS 0x000000008c100000, 0x000000008c100000| Untracked 
| 194|0x000000008c200000, 0x000000008c200000, 0x000000008c300000|  0%| F|  |TAMS 0x000000008c200000, 0x000000008c200000| Untracked 
| 195|0x000000008c300000, 0x000000008c300000, 0x000000008c400000|  0%| F|  |TAMS 0x000000008c300000, 0x000000008c300000| Untracked 
| 196|0x000000008c400000, 0x000000008c400000, 0x000000008c500000|  0%| F|  |TAMS 0x000000008c400000, 0x000000008c400000| Untracked 
| 197|0x000000008c500000, 0x000000008c5fa330, 0x000000008c600000| 97%| E|  |TAMS 0x000000008c500000, 0x000000008c500000| Complete 
| 198|0x000000008c600000, 0x000000008c700000, 0x000000008c700000|100%| E|CS|TAMS 0x000000008c600000, 0x000000008c600000| Complete 
| 199|0x000000008c700000, 0x000000008c800000, 0x000000008c800000|100%| E|CS|TAMS 0x000000008c700000, 0x000000008c700000| Complete 

Card table byte_map: [0x000001b9fc9f0000,0x000001b9fcdf0000] _byte_map_base: 0x000001b9fc5f0000

Marking Bits (Prev, Next): (CMBitMap*) 0x000001b9f9176090, (CMBitMap*) 0x000001b9f9176050
 Prev Bits: [0x000001b98f000000, 0x000001b991000000)
 Next Bits: [0x000001b9fd1f0000, 0x000001b9ff1f0000)

Polling page: 0x000001b9f70b0000

Metaspace:

Usage:
  Non-class:     49.52 MB used.
      Class:      7.64 MB used.
       Both:     57.17 MB used.

Virtual space:
  Non-class space:       56.00 MB reserved,      49.81 MB ( 89%) committed,  7 nodes.
      Class space:        1.00 GB reserved,       7.88 MB ( <1%) committed,  1 nodes.
             Both:        1.05 GB reserved,      57.69 MB (  5%) committed. 

Chunk freelists:
   Non-Class:  1.91 MB
       Class:  0 bytes
        Both:  1.91 MB

MaxMetaspaceSize: unlimited
CompressedClassSpaceSize: 1.00 GB
Initial GC threshold: 21.00 MB
Current GC threshold: 90.88 MB
CDS: off
MetaspaceReclaimPolicy: balanced
 - commit_granule_bytes: 65536.
 - commit_granule_words: 8192.
 - virtual_space_node_default_size: 1048576.
 - enlarge_chunks_in_place: 1.
 - new_chunks_are_fully_committed: 0.
 - uncommit_free_chunks: 1.
 - use_allocation_guard: 0.
 - handle_deallocations: 1.


Internal statistics:

num_allocs_failed_limit: 3.
num_arena_births: 602.
num_arena_deaths: 0.
num_vsnodes_births: 8.
num_vsnodes_deaths: 0.
num_space_committed: 923.
num_space_uncommitted: 0.
num_chunks_returned_to_freelist: 3.
num_chunks_taken_from_freelist: 2582.
num_chunk_merges: 3.
num_chunk_splits: 1687.
num_chunks_enlarged: 1128.
num_purges: 0.
num_inconsistent_stats: 0.

CodeHeap 'non-profiled nmethods': size=120000Kb used=2965Kb max_used=3376Kb free=117034Kb
 bounds [0x000001b987ad0000, 0x000001b987e20000, 0x000001b98f000000]
CodeHeap 'profiled nmethods': size=120000Kb used=10798Kb max_used=11371Kb free=109201Kb
 bounds [0x000001b980000000, 0x000001b980b20000, 0x000001b987530000]
CodeHeap 'non-nmethods': size=5760Kb used=2324Kb max_used=2369Kb free=3435Kb
 bounds [0x000001b987530000, 0x000001b9877a0000, 0x000001b987ad0000]
 total_blobs=6428 nmethods=5580 adapters=759
 compilation: enabled
              stopped_count=0, restarted_count=0
 full_count=0

Compilation events (20 events):
Event: 18.124 Thread 0x000001b993924560 6346       3       java.lang.invoke.BoundMethodHandle::bindSingle (7 bytes)
Event: 18.124 Thread 0x000001b993924560 nmethod 6346 0x000001b9801f4610 code [0x000001b9801f47a0, 0x000001b9801f48a8]
Event: 18.164 Thread 0x000001b993924560 6347       3       java.lang.invoke.SimpleMethodHandle::make (10 bytes)
Event: 18.164 Thread 0x000001b993924560 nmethod 6347 0x000001b9801f4190 code [0x000001b9801f4340, 0x000001b9801f4528]
Event: 18.164 Thread 0x000001b993924560 6348       3       java.lang.invoke.SimpleMethodHandle::<init> (7 bytes)
Event: 18.164 Thread 0x000001b993924560 nmethod 6348 0x000001b9801f3d10 code [0x000001b9801f3ec0, 0x000001b9801f4088]
Event: 18.167 Thread 0x000001b993924560 6349       3       java.lang.invoke.MethodHandles::makeIdentity (23 bytes)
Event: 18.168 Thread 0x000001b993924560 nmethod 6349 0x000001b980067f90 code [0x000001b980068200, 0x000001b980068ba8]
Event: 18.168 Thread 0x000001b993924560 6350       3       java.lang.invoke.LambdaForm::identityForm (27 bytes)
Event: 18.168 Thread 0x000001b993924560 nmethod 6350 0x000001b9801f3890 code [0x000001b9801f3a40, 0x000001b9801f3c28]
Event: 18.172 Thread 0x000001b993924560 6351       3       java.lang.invoke.SimpleMethodHandle::speciesData (4 bytes)
Event: 18.172 Thread 0x000001b993924560 nmethod 6351 0x000001b980067c10 code [0x000001b980067da0, 0x000001b980067eb8]
Event: 18.172 Thread 0x000001b993924560 6352       3       java.lang.invoke.SimpleMethodHandle::copyWithExtendL (7 bytes)
Event: 18.172 Thread 0x000001b993924560 nmethod 6352 0x000001b980067790 code [0x000001b980067940, 0x000001b980067ae8]
Event: 18.177 Thread 0x000001b993924560 6354       3       java.lang.reflect.Method::toShortSignature (78 bytes)
Event: 18.178 Thread 0x000001b993924560 nmethod 6354 0x000001b980066790 code [0x000001b980066a20, 0x000001b9800673b8]
Event: 18.178 Thread 0x000001b993924560 6355       3       java.lang.reflect.ProxyGenerator::addProxyMethod (190 bytes)
Event: 18.179 Thread 0x000001b993924560 nmethod 6355 0x000001b980364690 code [0x000001b980364a20, 0x000001b980366208]
Event: 18.179 Thread 0x000001b993924560 6356       3       com.google.common.collect.AbstractMapBasedMultimap::get (31 bytes)
Event: 18.180 Thread 0x000001b993924560 nmethod 6356 0x000001b980066010 code [0x000001b9800661e0, 0x000001b980066688]

GC Heap History (20 events):
Event: 11.756 GC heap before
{Heap before GC invocations=21 (full 0):
 garbage-first heap   total 114688K, used 68510K [0x0000000080000000, 0x0000000100000000)
  region size 1024K, 5 young (5120K), 2 survivors (2048K)
 Metaspace       used 46516K, committed 46976K, reserved 1097728K
  class space    used 6179K, committed 6400K, reserved 1048576K
}
Event: 11.761 GC heap after
{Heap after GC invocations=22 (full 0):
 garbage-first heap   total 114688K, used 65335K [0x0000000080000000, 0x0000000100000000)
  region size 1024K, 1 young (1024K), 1 survivors (1024K)
 Metaspace       used 46516K, committed 46976K, reserved 1097728K
  class space    used 6179K, committed 6400K, reserved 1048576K
}
Event: 11.819 GC heap before
{Heap before GC invocations=22 (full 0):
 garbage-first heap   total 114688K, used 67383K [0x0000000080000000, 0x0000000100000000)
  region size 1024K, 4 young (4096K), 1 survivors (1024K)
 Metaspace       used 46583K, committed 47040K, reserved 1097728K
  class space    used 6185K, committed 6400K, reserved 1048576K
}
Event: 11.822 GC heap after
{Heap after GC invocations=23 (full 0):
 garbage-first heap   total 114688K, used 65996K [0x0000000080000000, 0x0000000100000000)
  region size 1024K, 2 young (2048K), 2 survivors (2048K)
 Metaspace       used 46583K, committed 47040K, reserved 1097728K
  class space    used 6185K, committed 6400K, reserved 1048576K
}
Event: 12.130 GC heap before
{Heap before GC invocations=24 (full 0):
 garbage-first heap   total 152576K, used 97740K [0x0000000080000000, 0x0000000100000000)
  region size 1024K, 14 young (14336K), 2 survivors (2048K)
 Metaspace       used 47299K, committed 47808K, reserved 1097728K
  class space    used 6266K, committed 6464K, reserved 1048576K
}
Event: 12.135 GC heap after
{Heap after GC invocations=25 (full 0):
 garbage-first heap   total 152576K, used 90363K [0x0000000080000000, 0x0000000100000000)
  region size 1024K, 4 young (4096K), 4 survivors (4096K)
 Metaspace       used 47299K, committed 47808K, reserved 1097728K
  class space    used 6266K, committed 6464K, reserved 1048576K
}
Event: 13.102 GC heap before
{Heap before GC invocations=26 (full 0):
 garbage-first heap   total 158720K, used 114939K [0x0000000080000000, 0x0000000100000000)
  region size 1024K, 27 young (27648K), 4 survivors (4096K)
 Metaspace       used 49362K, committed 49856K, reserved 1097728K
  class space    used 6472K, committed 6656K, reserved 1048576K
}
Event: 13.108 GC heap after
{Heap after GC invocations=27 (full 0):
 garbage-first heap   total 158720K, used 92323K [0x0000000080000000, 0x0000000100000000)
  region size 1024K, 3 young (3072K), 3 survivors (3072K)
 Metaspace       used 49362K, committed 49856K, reserved 1097728K
  class space    used 6472K, committed 6656K, reserved 1048576K
}
Event: 13.420 GC heap before
{Heap before GC invocations=27 (full 0):
 garbage-first heap   total 158720K, used 104611K [0x0000000080000000, 0x0000000100000000)
  region size 1024K, 17 young (17408K), 3 survivors (3072K)
 Metaspace       used 50798K, committed 51264K, reserved 1097728K
  class space    used 6720K, committed 6912K, reserved 1048576K
}
Event: 13.426 GC heap after
{Heap after GC invocations=28 (full 0):
 garbage-first heap   total 158720K, used 93628K [0x0000000080000000, 0x0000000100000000)
  region size 1024K, 2 young (2048K), 2 survivors (2048K)
 Metaspace       used 50798K, committed 51264K, reserved 1097728K
  class space    used 6720K, committed 6912K, reserved 1048576K
}
Event: 14.321 GC heap before
{Heap before GC invocations=29 (full 0):
 garbage-first heap   total 176128K, used 127420K [0x0000000080000000, 0x0000000100000000)
  region size 1024K, 28 young (28672K), 2 survivors (2048K)
 Metaspace       used 53829K, committed 54400K, reserved 1097728K
  class space    used 7212K, committed 7488K, reserved 1048576K
}
Event: 14.327 GC heap after
{Heap after GC invocations=30 (full 0):
 garbage-first heap   total 176128K, used 102400K [0x0000000080000000, 0x0000000100000000)
  region size 1024K, 3 young (3072K), 3 survivors (3072K)
 Metaspace       used 53829K, committed 54400K, reserved 1097728K
  class space    used 7212K, committed 7488K, reserved 1048576K
}
Event: 15.139 GC heap before
{Heap before GC invocations=30 (full 0):
 garbage-first heap   total 176128K, used 131072K [0x0000000080000000, 0x0000000100000000)
  region size 1024K, 33 young (33792K), 3 survivors (3072K)
 Metaspace       used 54888K, committed 55488K, reserved 1097728K
  class space    used 7305K, committed 7616K, reserved 1048576K
}
Event: 15.147 GC heap after
{Heap after GC invocations=31 (full 0):
 garbage-first heap   total 176128K, used 104862K [0x0000000080000000, 0x0000000100000000)
  region size 1024K, 5 young (5120K), 5 survivors (5120K)
 Metaspace       used 54888K, committed 55488K, reserved 1097728K
  class space    used 7305K, committed 7616K, reserved 1048576K
}
Event: 15.542 GC heap before
{Heap before GC invocations=32 (full 0):
 garbage-first heap   total 184320K, used 107934K [0x0000000080000000, 0x0000000100000000)
  region size 1024K, 7 young (7168K), 5 survivors (5120K)
 Metaspace       used 54951K, committed 55552K, reserved 1097728K
  class space    used 7314K, committed 7616K, reserved 1048576K
}
Event: 15.549 GC heap after
{Heap after GC invocations=33 (full 0):
 garbage-first heap   total 184320K, used 109420K [0x0000000080000000, 0x0000000100000000)
  region size 1024K, 4 young (4096K), 4 survivors (4096K)
 Metaspace       used 54951K, committed 55552K, reserved 1097728K
  class space    used 7314K, committed 7616K, reserved 1048576K
}
Event: 15.920 GC heap before
{Heap before GC invocations=34 (full 0):
 garbage-first heap   total 196608K, used 119660K [0x0000000080000000, 0x0000000100000000)
  region size 1024K, 11 young (11264K), 4 survivors (4096K)
 Metaspace       used 55247K, committed 55808K, reserved 1097728K
  class space    used 7366K, committed 7616K, reserved 1048576K
}
Event: 15.931 GC heap after
{Heap after GC invocations=35 (full 0):
 garbage-first heap   total 196608K, used 118784K [0x0000000080000000, 0x0000000100000000)
  region size 1024K, 4 young (4096K), 4 survivors (4096K)
 Metaspace       used 55247K, committed 55808K, reserved 1097728K
  class space    used 7366K, committed 7616K, reserved 1048576K
}
Event: 18.115 GC heap before
{Heap before GC invocations=36 (full 0):
 garbage-first heap   total 204800K, used 143360K [0x0000000080000000, 0x0000000100000000)
  region size 1024K, 28 young (28672K), 4 survivors (4096K)
 Metaspace       used 58200K, committed 58816K, reserved 1105920K
  class space    used 7764K, committed 8064K, reserved 1048576K
}
Event: 18.119 GC heap after
{Heap after GC invocations=37 (full 0):
 garbage-first heap   total 204800K, used 121323K [0x0000000080000000, 0x0000000100000000)
  region size 1024K, 3 young (3072K), 3 survivors (3072K)
 Metaspace       used 58200K, committed 58816K, reserved 1105920K
  class space    used 7764K, committed 8064K, reserved 1048576K
}

Dll operation events (2 events):
Event: 0.010 Loaded shared library C:\Program Files\Android\Android Studio\jbr\bin\java.dll
Event: 0.668 Loaded shared library C:\Program Files\Android\Android Studio\jbr\bin\verify.dll

Deoptimization events (20 events):
Event: 17.918 Thread 0x000001b99391d3d0 Uncommon trap: trap_request=0xffffffde fr.pc=0x000001b987c87e64 relative=0x0000000000000964
Event: 17.918 Thread 0x000001b99391d3d0 Uncommon trap: reason=class_check action=maybe_recompile pc=0x000001b987c87e64 method=java.io.BufferedInputStream.read1([BII)I @ 39 c2
Event: 17.918 Thread 0x000001b99391d3d0 DEOPT PACKING pc=0x000001b987c87e64 sp=0x0000004a4fff6bc0
Event: 17.918 Thread 0x000001b99391d3d0 DEOPT UNPACKING pc=0x000001b9875869a3 sp=0x0000004a4fff6ad8 mode 2
Event: 18.051 Thread 0x000001b99391d3d0 Uncommon trap: trap_request=0xffffffde fr.pc=0x000001b987c87e64 relative=0x0000000000000964
Event: 18.051 Thread 0x000001b99391d3d0 Uncommon trap: reason=class_check action=maybe_recompile pc=0x000001b987c87e64 method=java.io.BufferedInputStream.read1([BII)I @ 39 c2
Event: 18.051 Thread 0x000001b99391d3d0 DEOPT PACKING pc=0x000001b987c87e64 sp=0x0000004a4fff7650
Event: 18.052 Thread 0x000001b99391d3d0 DEOPT UNPACKING pc=0x000001b9875869a3 sp=0x0000004a4fff7568 mode 2
Event: 18.052 Thread 0x000001b99391d3d0 Uncommon trap: trap_request=0xffffffde fr.pc=0x000001b987c2567c relative=0x00000000000001bc
Event: 18.052 Thread 0x000001b99391d3d0 Uncommon trap: reason=class_check action=maybe_recompile pc=0x000001b987c2567c method=java.io.BufferedInputStream.read1([BII)I @ 39 c2
Event: 18.052 Thread 0x000001b99391d3d0 DEOPT PACKING pc=0x000001b987c2567c sp=0x0000004a4fff75a0
Event: 18.052 Thread 0x000001b99391d3d0 DEOPT UNPACKING pc=0x000001b9875869a3 sp=0x0000004a4fff7558 mode 2
Event: 18.119 Thread 0x000001b99391d8a0 Uncommon trap: trap_request=0xffffffde fr.pc=0x000001b987cc8f28 relative=0x0000000000000488
Event: 18.119 Thread 0x000001b99391d8a0 Uncommon trap: reason=class_check action=maybe_recompile pc=0x000001b987cc8f28 method=jdk.internal.ref.PhantomCleanable.clean()V @ 12 c2
Event: 18.119 Thread 0x000001b99391d8a0 DEOPT PACKING pc=0x000001b987cc8f28 sp=0x0000004a4f3fefa0
Event: 18.119 Thread 0x000001b99391d8a0 DEOPT UNPACKING pc=0x000001b9875869a3 sp=0x0000004a4f3fef80 mode 2
Event: 18.178 Thread 0x000001b99391d3d0 Uncommon trap: trap_request=0xffffffbe fr.pc=0x000001b987cd0698 relative=0x0000000000002398
Event: 18.178 Thread 0x000001b99391d3d0 Uncommon trap: reason=profile_predicate action=maybe_recompile pc=0x000001b987cd0698 method=java.util.TreeMap.put(Ljava/lang/Object;Ljava/lang/Object;Z)Ljava/lang/Object; @ 27 c2
Event: 18.178 Thread 0x000001b99391d3d0 DEOPT PACKING pc=0x000001b987cd0698 sp=0x0000004a4fff70c0
Event: 18.178 Thread 0x000001b99391d3d0 DEOPT UNPACKING pc=0x000001b9875869a3 sp=0x0000004a4fff7070 mode 2

Classes unloaded (0 events):
No events

Classes redefined (0 events):
No events

Internal exceptions (20 events):
Event: 13.581 Thread 0x000001b99391d3d0 Exception <a 'java/lang/NoSuchMethodError'{0x000000008a71f338}: 'java.lang.Object java.lang.invoke.DirectMethodHandle$Holder.invokeStatic(java.lang.Object, java.lang.Object, java.lang.Object, java.lang.Object, java.lang.Object, java.lang.Object, java.lang.Object, java.lang.Object, java.lang.Object, java.lang.Object, java.lang.Object, java.lang.Object, java.lang.Object, java.lang.Object, java.lang.Object, java.lang.Object, java.lang.Object, java.lang.Object, java.lang.Object, java.lang.Object, java.lang.Obj
Event: 13.584 Thread 0x000001b99391d3d0 Exception <a 'java/lang/NoSuchMethodError'{0x000000008a74e6d8}: 'java.lang.Object java.lang.invoke.DirectMethodHandle$Holder.invokeStatic(java.lang.Object, java.lang.Object, java.lang.Object, java.lang.Object, java.lang.Object, java.lang.Object, java.lang.Object, java.lang.Object, java.lang.Object, java.lang.Object, java.lang.Object, java.lang.Object, java.lang.Object, java.lang.Object, java.lang.Object, java.lang.Object, java.lang.Object, java.lang.Object, java.lang.Object, java.lang.Object, java.lang.Obj
Event: 13.817 Thread 0x000001b99391d3d0 Exception <a 'java/lang/ClassNotFoundException'{0x000000008a0b3b58}: build_ews0jba3kv9v8k5y9m2mghjzpBeanInfo> (0x000000008a0b3b58) 
thrown [s\src\hotspot\share\classfile\systemDictionary.cpp, line 256]
Event: 13.817 Thread 0x000001b99391d3d0 Exception <a 'java/lang/ClassNotFoundException'{0x000000008a0bf128}: org/gradle/api/internal/project/ProjectScriptBeanInfo> (0x000000008a0bf128) 
thrown [s\src\hotspot\share\classfile\systemDictionary.cpp, line 256]
Event: 13.819 Thread 0x000001b99391d3d0 Exception <a 'java/lang/ClassNotFoundException'{0x000000008a0ca4a0}: org/gradle/api/internal/project/ProjectScriptCustomizer> (0x000000008a0ca4a0) 
thrown [s\src\hotspot\share\classfile\systemDictionary.cpp, line 256]
Event: 13.820 Thread 0x000001b99391d3d0 Exception <a 'java/lang/ClassNotFoundException'{0x000000008a0e1a70}: build_ews0jba3kv9v8k5y9m2mghjzpCustomizer> (0x000000008a0e1a70) 
thrown [s\src\hotspot\share\classfile\systemDictionary.cpp, line 256]
Event: 13.833 Thread 0x000001b99391d3d0 Exception <a 'java/lang/ClassNotFoundException'{0x0000000089f56b48}: org/gradle/plugin/use/internal/PluginRequestCollector$PluginDependenciesSpecImplBeanInfo> (0x0000000089f56b48) 
thrown [s\src\hotspot\share\classfile\systemDictionary.cpp, line 256]
Event: 13.835 Thread 0x000001b99391d3d0 Exception <a 'java/lang/ClassNotFoundException'{0x0000000089f68f80}: org/gradle/plugin/use/internal/PluginRequestCollector$PluginDependenciesSpecImplCustomizer> (0x0000000089f68f80) 
thrown [s\src\hotspot\share\classfile\systemDictionary.cpp, line 256]
Event: 13.840 Thread 0x000001b99391d3d0 Exception <a 'java/lang/ClassNotFoundException'{0x0000000089fa2a80}: org/gradle/plugin/use/internal/PluginRequestCollector$PluginDependencySpecImplBeanInfo> (0x0000000089fa2a80) 
thrown [s\src\hotspot\share\classfile\systemDictionary.cpp, line 256]
Event: 13.841 Thread 0x000001b99391d3d0 Exception <a 'java/lang/ClassNotFoundException'{0x0000000089fb5128}: org/gradle/plugin/use/internal/PluginRequestCollector$PluginDependencySpecImplCustomizer> (0x0000000089fb5128) 
thrown [s\src\hotspot\share\classfile\systemDictionary.cpp, line 256]
Event: 14.312 Thread 0x000001b99391d3d0 Exception <a 'java/lang/NoSuchMethodError'{0x000000008929c0d0}: 'java.lang.Object java.lang.invoke.DirectMethodHandle$Holder.newInvokeSpecial(java.lang.Object, java.lang.Object, java.lang.Object, java.lang.Object, java.lang.Object, int)'> (0x000000008929c0d0) 
thrown [s\src\hotspot\share\interpreter\linkResolver.cpp, line 771]
Event: 14.312 Thread 0x000001b99391d3d0 Exception <a 'java/lang/NoSuchMethodError'{0x00000000892a1728}: 'java.lang.Object java.lang.invoke.DirectMethodHandle$Holder.invokeSpecial(java.lang.Object, java.lang.Object, java.lang.Object, java.lang.Object, java.lang.Object, java.lang.Object, int)'> (0x00000000892a1728) 
thrown [s\src\hotspot\share\interpreter\linkResolver.cpp, line 771]
Event: 14.331 Thread 0x000001b99391d3d0 Exception <a 'java/lang/NoSuchMethodError'{0x000000008ab3c1c0}: 'void java.lang.invoke.DirectMethodHandle$Holder.invokeStatic(java.lang.Object, java.lang.Object, java.lang.Object, int, java.lang.Object)'> (0x000000008ab3c1c0) 
thrown [s\src\hotspot\share\interpreter\linkResolver.cpp, line 771]
Event: 14.777 Thread 0x000001b99391d3d0 Implicit null exception at 0x000001b987b76fef to 0x000001b987b77238
Event: 15.133 Thread 0x000001b99391d3d0 Exception <a 'java/lang/ClassNotFoundException'{0x0000000088b31d80}: build_2os3flwztxwl2scdgapd7smthBeanInfo> (0x0000000088b31d80) 
thrown [s\src\hotspot\share\classfile\systemDictionary.cpp, line 256]
Event: 15.134 Thread 0x000001b99391d3d0 Exception <a 'java/lang/ClassNotFoundException'{0x0000000088b38600}: build_2os3flwztxwl2scdgapd7smthCustomizer> (0x0000000088b38600) 
thrown [s\src\hotspot\share\classfile\systemDictionary.cpp, line 256]
Event: 16.923 Thread 0x000001b99391d3d0 Exception <a 'java/lang/NoSuchMethodError'{0x000000008bc84840}: 'java.lang.Object java.lang.invoke.DirectMethodHandle$Holder.newInvokeSpecial(java.lang.Object, java.lang.Object, java.lang.Object, java.lang.Object, int)'> (0x000000008bc84840) 
thrown [s\src\hotspot\share\interpreter\linkResolver.cpp, line 771]
Event: 16.923 Thread 0x000001b99391d3d0 Exception <a 'java/lang/NoSuchMethodError'{0x000000008bc89c88}: 'java.lang.Object java.lang.invoke.DirectMethodHandle$Holder.invokeSpecial(java.lang.Object, java.lang.Object, java.lang.Object, java.lang.Object, java.lang.Object, int)'> (0x000000008bc89c88) 
thrown [s\src\hotspot\share\interpreter\linkResolver.cpp, line 771]
Event: 16.924 Thread 0x000001b99391d3d0 Exception <a 'java/lang/NoSuchMethodError'{0x000000008bc8ea08}: 'java.lang.Object java.lang.invoke.Invokers$Holder.linkToTargetMethod(java.lang.Object, java.lang.Object, java.lang.Object, int, java.lang.Object)'> (0x000000008bc8ea08) 
thrown [s\src\hotspot\share\interpreter\linkResolver.cpp, line 771]
Event: 18.176 Thread 0x000001b99391d3d0 Exception <a 'java/lang/NoSuchMethodError'{0x000000008c633b28}: 'int java.lang.invoke.DirectMethodHandle$Holder.invokeInterface(java.lang.Object, java.lang.Object, java.lang.Object, java.lang.Object)'> (0x000000008c633b28) 
thrown [s\src\hotspot\share\interpreter\linkResolver.cpp, line 771]

VM Operations (20 events):
Event: 15.614 Executing VM operation: G1Concurrent
Event: 15.618 Executing VM operation: G1Concurrent done
Event: 15.642 Executing VM operation: G1Concurrent
Event: 15.642 Executing VM operation: G1Concurrent done
Event: 15.920 Executing VM operation: G1TryInitiateConcMark
Event: 15.932 Executing VM operation: G1TryInitiateConcMark done
Event: 16.007 Executing VM operation: G1Concurrent
Event: 16.011 Executing VM operation: G1Concurrent done
Event: 16.040 Executing VM operation: G1Concurrent
Event: 16.040 Executing VM operation: G1Concurrent done
Event: 16.975 Executing VM operation: HandshakeAllThreads
Event: 16.975 Executing VM operation: HandshakeAllThreads done
Event: 17.985 Executing VM operation: Cleanup
Event: 17.985 Executing VM operation: Cleanup done
Event: 18.115 Executing VM operation: G1CollectForAllocation
Event: 18.119 Executing VM operation: G1CollectForAllocation done
Event: 18.165 Executing VM operation: HandshakeAllThreads
Event: 18.166 Executing VM operation: HandshakeAllThreads done
Event: 18.174 Executing VM operation: HandshakeAllThreads
Event: 18.174 Executing VM operation: HandshakeAllThreads done

Events (20 events):
Event: 14.799 Thread 0x000001b9985f8d00 Thread added: 0x000001b9985f8d00
Event: 14.800 Thread 0x000001b9985f91d0 Thread added: 0x000001b9985f91d0
Event: 14.800 Thread 0x000001b9985fb850 Thread added: 0x000001b9985fb850
Event: 15.352 Thread 0x000001b99610eab0 Thread exited: 0x000001b99610eab0
Event: 16.972 loading class sun/reflect/ReflectionFactory
Event: 16.972 loading class sun/reflect/ReflectionFactory done
Event: 16.972 loading class sun/reflect/ReflectionFactory$1
Event: 16.973 loading class sun/reflect/ReflectionFactory$1 done
Event: 17.619 loading class java/util/concurrent/atomic/AtomicIntegerArray
Event: 17.619 loading class java/util/concurrent/atomic/AtomicIntegerArray done
Event: 17.621 loading class java/util/Currency
Event: 17.621 loading class java/util/Currency done
Event: 17.641 loading class java/util/concurrent/atomic/AtomicLongArray
Event: 17.641 loading class java/util/concurrent/atomic/AtomicLongArray done
Event: 18.048 loading class java/util/concurrent/atomic/AtomicReferenceFieldUpdater
Event: 18.049 loading class java/util/concurrent/atomic/AtomicReferenceFieldUpdater done
Event: 18.049 loading class java/util/concurrent/atomic/AtomicReferenceFieldUpdater$AtomicReferenceFieldUpdaterImpl
Event: 18.050 loading class java/util/concurrent/atomic/AtomicReferenceFieldUpdater$AtomicReferenceFieldUpdaterImpl done
Event: 18.050 loading class java/util/concurrent/atomic/AtomicReferenceFieldUpdater$AtomicReferenceFieldUpdaterImpl$1
Event: 18.050 loading class java/util/concurrent/atomic/AtomicReferenceFieldUpdater$AtomicReferenceFieldUpdaterImpl$1 done


Dynamic libraries:
0x00007ff771220000 - 0x00007ff77122a000 	C:\Program Files\Android\Android Studio\jbr\bin\java.exe
0x00007ffa50530000 - 0x00007ffa50728000 	C:\Windows\SYSTEM32\ntdll.dll
0x00007ffa4fef0000 - 0x00007ffa4ffad000 	C:\Windows\System32\KERNEL32.DLL
0x00007ffa4de40000 - 0x00007ffa4e10e000 	C:\Windows\System32\KERNELBASE.dll
0x00007ffa4dca0000 - 0x00007ffa4dda0000 	C:\Windows\System32\ucrtbase.dll
0x00007ffa3ad20000 - 0x00007ffa3ad3b000 	C:\Program Files\Android\Android Studio\jbr\bin\VCRUNTIME140.dll
0x00007ffa2ca70000 - 0x00007ffa2ca87000 	C:\Program Files\Android\Android Studio\jbr\bin\jli.dll
0x00007ffa4f600000 - 0x00007ffa4f7a0000 	C:\Windows\System32\USER32.dll
0x00007ffa4dda0000 - 0x00007ffa4ddc2000 	C:\Windows\System32\win32u.dll
0x00007ffa3bbd0000 - 0x00007ffa3be6a000 	C:\Windows\WinSxS\amd64_microsoft.windows.common-controls_6595b64144ccf1df_6.0.19041.1110_none_60b5254171f9507e\COMCTL32.dll
0x00007ffa504b0000 - 0x00007ffa504da000 	C:\Windows\System32\GDI32.dll
0x00007ffa4efe0000 - 0x00007ffa4f07e000 	C:\Windows\System32\msvcrt.dll
0x00007ffa4e2f0000 - 0x00007ffa4e3fb000 	C:\Windows\System32\gdi32full.dll
0x00007ffa4e250000 - 0x00007ffa4e2ed000 	C:\Windows\System32\msvcp_win.dll
0x00007ffa50480000 - 0x00007ffa504b0000 	C:\Windows\System32\IMM32.DLL
0x00007ffa43770000 - 0x00007ffa4377c000 	C:\Program Files\Android\Android Studio\jbr\bin\vcruntime140_1.dll
0x00007ffa2c9e0000 - 0x00007ffa2ca6d000 	C:\Program Files\Android\Android Studio\jbr\bin\msvcp140.dll
0x00007ffa1fa90000 - 0x00007ffa206fd000 	C:\Program Files\Android\Android Studio\jbr\bin\server\jvm.dll
0x00007ffa4e7b0000 - 0x00007ffa4e85e000 	C:\Windows\System32\ADVAPI32.dll
0x00007ffa4eec0000 - 0x00007ffa4ef5c000 	C:\Windows\System32\sechost.dll
0x00007ffa4ed90000 - 0x00007ffa4eeb5000 	C:\Windows\System32\RPCRT4.dll
0x00007ffa40500000 - 0x00007ffa40509000 	C:\Windows\SYSTEM32\WSOCK32.dll
0x00007ffa4f590000 - 0x00007ffa4f5fb000 	C:\Windows\System32\WS2_32.dll
0x00007ffa44d20000 - 0x00007ffa44d47000 	C:\Windows\SYSTEM32\WINMM.dll
0x00007ffa425b0000 - 0x00007ffa425ba000 	C:\Windows\SYSTEM32\VERSION.dll
0x00007ffa4bb50000 - 0x00007ffa4bb62000 	C:\Windows\SYSTEM32\kernel.appcore.dll
0x00007ffa39120000 - 0x00007ffa3912a000 	C:\Program Files\Android\Android Studio\jbr\bin\jimage.dll
0x00007ffa47200000 - 0x00007ffa473e4000 	C:\Windows\SYSTEM32\DBGHELP.DLL
0x00007ffa471a0000 - 0x00007ffa471cc000 	C:\Windows\SYSTEM32\dbgcore.DLL
0x00007ffa4e1c0000 - 0x00007ffa4e242000 	C:\Windows\System32\bcryptPrimitives.dll
0x00007ffa2dca0000 - 0x00007ffa2dcc5000 	C:\Program Files\Android\Android Studio\jbr\bin\java.dll
0x00007ffa33e20000 - 0x00007ffa33e38000 	C:\Program Files\Android\Android Studio\jbr\bin\zip.dll
0x00007ffa4f7a0000 - 0x00007ffa4fee4000 	C:\Windows\System32\SHELL32.dll
0x00007ffa4bd50000 - 0x00007ffa4c4e4000 	C:\Windows\SYSTEM32\windows.storage.dll
0x00007ffa4e980000 - 0x00007ffa4ecd4000 	C:\Windows\System32\combase.dll
0x00007ffa4d6b0000 - 0x00007ffa4d6e0000 	C:\Windows\SYSTEM32\Wldp.dll
0x00007ffa4e8c0000 - 0x00007ffa4e96d000 	C:\Windows\System32\SHCORE.dll
0x00007ffa50420000 - 0x00007ffa50475000 	C:\Windows\System32\shlwapi.dll
0x00007ffa4db90000 - 0x00007ffa4dbaf000 	C:\Windows\SYSTEM32\profapi.dll
0x00007ffa37db0000 - 0x00007ffa37dc9000 	C:\Program Files\Android\Android Studio\jbr\bin\net.dll
0x00007ffa426f0000 - 0x00007ffa427fa000 	C:\Windows\SYSTEM32\WINHTTP.dll
0x00007ffa4d410000 - 0x00007ffa4d47a000 	C:\Windows\system32\mswsock.dll
0x00007ffa34440000 - 0x00007ffa34456000 	C:\Program Files\Android\Android Studio\jbr\bin\nio.dll
0x00007ffa330b0000 - 0x00007ffa330c0000 	C:\Program Files\Android\Android Studio\jbr\bin\verify.dll
0x00007ffa1ecf0000 - 0x00007ffa1ed17000 	C:\Users\markt\.gradle\native\68d5fa5c4cc2d200863cafc0d521ce42e7d3e7ee720ec0a83991735586a16f82\windows-amd64\native-platform.dll
0x00007ffa2c130000 - 0x00007ffa2c274000 	C:\Users\markt\.gradle\native\e376f236ea51e6404a007f0833ffe2c6e607c4080706a723a18a27aeea778392\windows-amd64\native-platform-file-events.dll
0x00007ffa34af0000 - 0x00007ffa34af9000 	C:\Program Files\Android\Android Studio\jbr\bin\management.dll
0x00007ffa342b0000 - 0x00007ffa342bb000 	C:\Program Files\Android\Android Studio\jbr\bin\management_ext.dll
0x00007ffa4f3d0000 - 0x00007ffa4f3d8000 	C:\Windows\System32\PSAPI.DLL
0x00007ffa4d600000 - 0x00007ffa4d618000 	C:\Windows\SYSTEM32\CRYPTSP.dll
0x00007ffa4cd20000 - 0x00007ffa4cd54000 	C:\Windows\system32\rsaenh.dll
0x00007ffa4e560000 - 0x00007ffa4e587000 	C:\Windows\System32\bcrypt.dll
0x00007ffa4db10000 - 0x00007ffa4db3e000 	C:\Windows\SYSTEM32\USERENV.dll
0x00007ffa4d620000 - 0x00007ffa4d62c000 	C:\Windows\SYSTEM32\CRYPTBASE.dll
0x00007ffa4d0b0000 - 0x00007ffa4d0eb000 	C:\Windows\SYSTEM32\IPHLPAPI.DLL
0x00007ffa504e0000 - 0x00007ffa504e8000 	C:\Windows\System32\NSI.dll
0x00007ffa45100000 - 0x00007ffa45117000 	C:\Windows\SYSTEM32\dhcpcsvc6.DLL
0x00007ffa44f60000 - 0x00007ffa44f7d000 	C:\Windows\SYSTEM32\dhcpcsvc.DLL
0x00007ffa4d100000 - 0x00007ffa4d1cb000 	C:\Windows\SYSTEM32\DNSAPI.dll
0x00007ffa39e00000 - 0x00007ffa39e07000 	C:\Windows\system32\wshunix.dll

dbghelp: loaded successfully - version: 4.0.5 - missing functions: none
symbol engine: initialized successfully - sym options: 0x614 - pdb path: .;C:\Program Files\Android\Android Studio\jbr\bin;C:\Windows\SYSTEM32;C:\Windows\WinSxS\amd64_microsoft.windows.common-controls_6595b64144ccf1df_6.0.19041.1110_none_60b5254171f9507e;C:\Program Files\Android\Android Studio\jbr\bin\server;C:\Users\markt\.gradle\native\68d5fa5c4cc2d200863cafc0d521ce42e7d3e7ee720ec0a83991735586a16f82\windows-amd64;C:\Users\markt\.gradle\native\e376f236ea51e6404a007f0833ffe2c6e607c4080706a723a18a27aeea778392\windows-amd64

VM Arguments:
jvm_args: --add-opens=java.base/java.util=ALL-UNNAMED --add-opens=java.base/java.lang=ALL-UNNAMED --add-opens=java.base/java.lang.invoke=ALL-UNNAMED --add-opens=java.prefs/java.util.prefs=ALL-UNNAMED --add-opens=java.base/java.nio.charset=ALL-UNNAMED --add-opens=java.base/java.net=ALL-UNNAMED --add-opens=java.base/java.util.concurrent.atomic=ALL-UNNAMED -Xmx2048m -Dfile.encoding=UTF-8 -Duser.country=US -Duser.language=en -Duser.variant 
java_command: org.gradle.launcher.daemon.bootstrap.GradleDaemon 8.0
java_class_path (initial): C:\Users\markt\.gradle\wrapper\dists\gradle-8.0-bin\ca5e32bp14vu59qr306oxotwh\gradle-8.0\lib\gradle-launcher-8.0.jar
Launcher Type: SUN_STANDARD

[Global flags]
     intx CICompilerCount                          = 3                                         {product} {ergonomic}
     uint ConcGCThreads                            = 1                                         {product} {ergonomic}
     uint G1ConcRefinementThreads                  = 4                                         {product} {ergonomic}
   size_t G1HeapRegionSize                         = 1048576                                   {product} {ergonomic}
    uintx GCDrainStackTargetSize                   = 64                                        {product} {ergonomic}
   size_t InitialHeapSize                          = 134217728                                 {product} {ergonomic}
   size_t MarkStackSize                            = 4194304                                   {product} {ergonomic}
   size_t MaxHeapSize                              = 2147483648                                {product} {command line}
   size_t MaxNewSize                               = 1287651328                                {product} {ergonomic}
   size_t MinHeapDeltaBytes                        = 1048576                                   {product} {ergonomic}
   size_t MinHeapSize                              = 8388608                                   {product} {ergonomic}
    uintx NonNMethodCodeHeapSize                   = 5832780                                {pd product} {ergonomic}
    uintx NonProfiledCodeHeapSize                  = 122912730                              {pd product} {ergonomic}
    uintx ProfiledCodeHeapSize                     = 122912730                              {pd product} {ergonomic}
    uintx ReservedCodeCacheSize                    = 251658240                              {pd product} {ergonomic}
     bool SegmentedCodeCache                       = true                                      {product} {ergonomic}
   size_t SoftMaxHeapSize                          = 2147483648                             {manageable} {ergonomic}
     bool UseCompressedClassPointers               = true                           {product lp64_product} {ergonomic}
     bool UseCompressedOops                        = true                           {product lp64_product} {ergonomic}
     bool UseG1GC                                  = true                                      {product} {ergonomic}
     bool UseLargePagesIndividualAllocation        = false                                  {pd product} {ergonomic}

Logging:
Log output configuration:
 #0: stdout all=warning uptime,level,tags
 #1: stderr all=off uptime,level,tags

Environment Variables:
JAVA_HOME=C:\Program Files\Java\jdk-20\bin
PATH=C:\Users\markt\AppData\Local\Programs\Microsoft VS Code\bin;C:\Users\markt\AppData\Local\Programs\Python\Python311\;C:\Users\markt\AppData\Local\Programs\Python\Python311\Scripts\;C:\Program Files\nodejs;C:\Users\markt\AppData\Local\Programs\Python\Python311\Scripts\;C:\Users\markt\AppData\Local\Programs\Python\Python311\;C:\Users\markt\AppData\Local\Programs\Microsoft VS Code\bin;C:\Program Files\heroku\bin;C:\Program Files\nodejs;C:\Users\markt\AppData\Roaming\npm;
USERNAME=Tristan
OS=Windows_NT
PROCESSOR_IDENTIFIER=Intel64 Family 6 Model 60 Stepping 3, GenuineIntel
TMP=C:\Users\markt\AppData\Local\Temp
TEMP=C:\Users\markt\AppData\Local\Temp



---------------  S Y S T E M  ---------------

OS:
 Windows 10 , 64 bit Build 19041 (10.0.19041.1806)
OS uptime: 0 days 3:41 hours

CPU: total 4 (initial active 4) (2 cores per cpu, 2 threads per core) family 6 model 60 stepping 3 microcode 0x27, cx8, cmov, fxsr, ht, mmx, sse, sse2, sse3, ssse3, sse4.1, sse4.2, popcnt, lzcnt, tsc, tscinvbit, avx, avx2, aes, erms, clmul, bmi1, bmi2, fma, vzeroupper, clflush

Memory: 4k page, system-wide physical 8104M (419M free)
TotalPageFile size 10152M (AvailPageFile size 6M)
current process WorkingSet (physical memory assigned to process): 362M, peak: 362M
current process commit charge ("private bytes"): 402M, peak: 404M

vm_info: OpenJDK 64-Bit Server VM (17.0.6+0-b2043.56-9586694) for windows-amd64 JRE (17.0.6+0-b2043.56-9586694), built on Feb  9 2023 20:06:20 by "androidbuild" with MS VC++ 16.10 / 16.11 (VS2019)

END.
