#
# There is insufficient memory for the Java Runtime Environment to continue.
# Native memory allocation (mmap) failed to map 160432128 bytes for G1 virtual space
# Possible reasons:
#   The system is out of physical RAM or swap space
#   The process is running with CompressedOops enabled, and the Java Heap may be blocking the growth of the native heap
# Possible solutions:
#   Reduce memory load on the system
#   Increase physical memory or swap space
#   Check if swap backing store is full
#   Decrease Java heap size (-Xmx/-Xms)
#   Decrease number of Java threads
#   Decrease Java thread stack sizes (-Xss)
#   Set larger code cache with -XX:ReservedCodeCacheSize=
#   JVM is running with Unscaled Compressed Oops mode in which the Java heap is
#     placed in the first 4GB address space. The Java Heap base address is the
#     maximum limit for the native heap growth. Please use -XX:HeapBaseMinAddress
#     to set the Java Heap base and to place the Java Heap above 4GB virtual address.
# This output file may be truncated or incomplete.
#
#  Out of Memory Error (os_windows.cpp:3769), pid=9632, tid=1576
#
# JRE version: OpenJDK Runtime Environment (17.0.6) (build 17.0.6+0-b2043.56-9586694)
# Java VM: OpenJDK 64-Bit Server VM (17.0.6+0-b2043.56-9586694, mixed mode, tiered, compressed oops, compressed class ptrs, g1 gc, windows-amd64)
# No core dump will be written. Minidumps are not enabled by default on client versions of Windows
#

---------------  S U M M A R Y ------------

Command Line: org.jetbrains.kotlin.cli.jvm.K2JVMCompiler @C:\Users\markt\AndroidStudioProjects\WinrateCalculator\app\build\20230807_18048757662810073454.compiler.options

Host: Intel(R) Core(TM) i5-4200M CPU @ 2.50GHz, 4 cores, 7G,  Windows 10 , 64 bit Build 19041 (10.0.19041.1806)
Time: Mon Aug  7 18:46:36 2023 Malay Peninsula Standard Time elapsed time: 12.298047 seconds (0d 0h 0m 12s)

---------------  T H R E A D  ---------------

Current thread (0x000001ddd5f444f0):  VMThread "VM Thread" [stack: 0x0000007060a00000,0x0000007060b00000] [id=1576]

Stack: [0x0000007060a00000,0x0000007060b00000]
Native frames: (J=compiled Java code, j=interpreted, Vv=VM code, C=native code)
V  [jvm.dll+0x683b4a]
V  [jvm.dll+0x842654]
V  [jvm.dll+0x843dfe]
V  [jvm.dll+0x844463]
V  [jvm.dll+0x249b75]
V  [jvm.dll+0x680a19]
V  [jvm.dll+0x674f0a]
V  [jvm.dll+0x309acb]
V  [jvm.dll+0x310f86]
V  [jvm.dll+0x3608ee]
V  [jvm.dll+0x360b1f]
V  [jvm.dll+0x2dfbf8]
V  [jvm.dll+0x2ddec4]
V  [jvm.dll+0x2dd4cc]
V  [jvm.dll+0x321f3b]
V  [jvm.dll+0x84893b]
V  [jvm.dll+0x849674]
V  [jvm.dll+0x849b8d]
V  [jvm.dll+0x849f64]
V  [jvm.dll+0x84a030]
V  [jvm.dll+0x7f25fa]
V  [jvm.dll+0x682985]
C  [ucrtbase.dll+0x21bb2]
C  [KERNEL32.DLL+0x17034]
C  [ntdll.dll+0x52651]

VM_Operation (0x00000070604fd690): G1CollectForAllocation, mode: safepoint, requested by thread 0x000001ddbca75c30


---------------  P R O C E S S  ---------------

Threads class SMR info:
_java_thread_list=0x000001ddd6aab5c0, length=13, elements={
0x000001ddbca75c30, 0x000001ddd5f85e60, 0x000001ddd5f868e0, 0x000001ddd5fd0360,
0x000001ddd5fd2840, 0x000001ddd5fd3e10, 0x000001ddd6924310, 0x000001ddd5fd4700,
0x000001ddd693dd60, 0x000001ddd693e270, 0x000001ddd6922630, 0x000001ddd69247e0,
0x000001ddd6b1aa60
}

Java Threads: ( => current thread )
  0x000001ddbca75c30 JavaThread "main" [_thread_blocked, id=9704, stack(0x0000007060400000,0x0000007060500000)]
  0x000001ddd5f85e60 JavaThread "Reference Handler" daemon [_thread_blocked, id=5304, stack(0x0000007060b00000,0x0000007060c00000)]
  0x000001ddd5f868e0 JavaThread "Finalizer" daemon [_thread_blocked, id=9732, stack(0x0000007060c00000,0x0000007060d00000)]
  0x000001ddd5fd0360 JavaThread "Signal Dispatcher" daemon [_thread_blocked, id=9220, stack(0x0000007060d00000,0x0000007060e00000)]
  0x000001ddd5fd2840 JavaThread "Attach Listener" daemon [_thread_blocked, id=9376, stack(0x0000007060e00000,0x0000007060f00000)]
  0x000001ddd5fd3e10 JavaThread "Service Thread" daemon [_thread_blocked, id=8264, stack(0x0000007060f00000,0x0000007061000000)]
  0x000001ddd6924310 JavaThread "Monitor Deflation Thread" daemon [_thread_blocked, id=828, stack(0x0000007061000000,0x0000007061100000)]
  0x000001ddd5fd4700 JavaThread "C2 CompilerThread0" daemon [_thread_blocked, id=1244, stack(0x0000007061100000,0x0000007061200000)]
  0x000001ddd693dd60 JavaThread "C1 CompilerThread0" daemon [_thread_blocked, id=10196, stack(0x0000007061200000,0x0000007061300000)]
  0x000001ddd693e270 JavaThread "Sweeper thread" daemon [_thread_blocked, id=7216, stack(0x0000007061300000,0x0000007061400000)]
  0x000001ddd6922630 JavaThread "Notification Thread" daemon [_thread_blocked, id=9844, stack(0x0000007061400000,0x0000007061500000)]
  0x000001ddd69247e0 JavaThread "Common-Cleaner" daemon [_thread_blocked, id=4700, stack(0x0000007061600000,0x0000007061700000)]
  0x000001ddd6b1aa60 JavaThread "C2 CompilerThread1" daemon [_thread_blocked, id=8440, stack(0x0000007061700000,0x0000007061800000)]

Other Threads:
=>0x000001ddd5f444f0 VMThread "VM Thread" [stack: 0x0000007060a00000,0x0000007060b00000] [id=1576]
  0x000001ddbcaed190 WatcherThread [stack: 0x0000007061500000,0x0000007061600000] [id=9920]
  0x000001ddbcad4600 GCTaskThread "GC Thread#0" [stack: 0x0000007060500000,0x0000007060600000] [id=9404]
  0x000001ddd6e8c330 GCTaskThread "GC Thread#1" [stack: 0x0000007061800000,0x0000007061900000] [id=9640]
  0x000001ddd6e8c5e0 GCTaskThread "GC Thread#2" [stack: 0x0000007061900000,0x0000007061a00000] [id=7984]
  0x000001ddd6f50cf0 GCTaskThread "GC Thread#3" [stack: 0x0000007061a00000,0x0000007061b00000] [id=6912]
  0x000001ddbcae52c0 ConcurrentGCThread "G1 Main Marker" [stack: 0x0000007060600000,0x0000007060700000] [id=5452]
  0x000001ddbcae5cd0 ConcurrentGCThread "G1 Conc#0" [stack: 0x0000007060700000,0x0000007060800000] [id=8388]
  0x000001ddd5df0090 ConcurrentGCThread "G1 Refine#0" [stack: 0x0000007060800000,0x0000007060900000] [id=5184]
  0x000001ddbcb4eb50 ConcurrentGCThread "G1 Service" [stack: 0x0000007060900000,0x0000007060a00000] [id=8068]

Threads with active compile tasks:
C2 CompilerThread0    12321 11105       4       org.jetbrains.kotlin.load.kotlin.TypeSignatureMappingKt::mapBuiltInType (339 bytes)
C2 CompilerThread1    12321 11444       4       org.jetbrains.kotlin.ir.util.TypeTranslator::translateType (625 bytes)

VM state: at safepoint (normal execution)

VM Mutex/Monitor currently owned by a thread:  ([mutex/lock_event])
[0x000001ddbca71560] Threads_lock - owner thread: 0x000001ddd5f444f0
[0x000001ddbca72d00] Heap_lock - owner thread: 0x000001ddbca75c30

Heap address: 0x0000000081400000, size: 2028 MB, Compressed Oops mode: 32-bit

CDS archive(s) not mapped
Compressed class space mapped at: 0x0000000100000000-0x0000000140000000, reserved size: 1073741824
Narrow klass base: 0x0000000000000000, Narrow klass shift: 3, Narrow klass range: 0x140000000

GC Precious Log:
 CPUs: 4 total, 4 available
 Memory: 8104M
 Large Page Support: Disabled
 NUMA Support: Disabled
 Compressed Oops: Enabled (32-bit)
 Heap Region Size: 1M
 Heap Min Capacity: 8M
 Heap Initial Capacity: 128M
 Heap Max Capacity: 2028M
 Pre-touch: Disabled
 Parallel Workers: 4
 Concurrent Workers: 1
 Concurrent Refinement Workers: 4
 Periodic GC: Disabled

Heap:
 garbage-first heap   total 131072K, used 68227K [0x0000000081400000, 0x0000000100000000)
  region size 1024K, 2 young (2048K), 2 survivors (2048K)
 Metaspace       used 84972K, committed 85312K, reserved 1130496K
  class space    used 9592K, committed 9728K, reserved 1048576K

Heap Regions: E=young(eden), S=young(survivor), O=old, HS=humongous(starts), HC=humongous(continues), CS=collection set, F=free, OA=open archive, CA=closed archive, TAMS=top-at-mark-start (previous, next)
|   0|0x0000000081400000, 0x0000000081500000, 0x0000000081500000|100%|HS|  |TAMS 0x0000000081500000, 0x0000000081500000| Complete 
|   1|0x0000000081500000, 0x0000000081600000, 0x0000000081600000|100%|HC|  |TAMS 0x0000000081600000, 0x0000000081600000| Complete 
|   2|0x0000000081600000, 0x0000000081700000, 0x0000000081700000|100%|HC|  |TAMS 0x0000000081700000, 0x0000000081700000| Complete 
|   3|0x0000000081700000, 0x0000000081800000, 0x0000000081800000|100%|HC|  |TAMS 0x0000000081800000, 0x0000000081800000| Complete 
|   4|0x0000000081800000, 0x0000000081900000, 0x0000000081900000|100%| O|  |TAMS 0x0000000081900000, 0x0000000081900000| Untracked 
|   5|0x0000000081900000, 0x0000000081a00000, 0x0000000081a00000|100%| O|  |TAMS 0x0000000081a00000, 0x0000000081a00000| Untracked 
|   6|0x0000000081a00000, 0x0000000081b00000, 0x0000000081b00000|100%| O|  |TAMS 0x0000000081b00000, 0x0000000081b00000| Untracked 
|   7|0x0000000081b00000, 0x0000000081c00000, 0x0000000081c00000|100%|HS|  |TAMS 0x0000000081c00000, 0x0000000081c00000| Complete 
|   8|0x0000000081c00000, 0x0000000081d00000, 0x0000000081d00000|100%|HC|  |TAMS 0x0000000081d00000, 0x0000000081d00000| Complete 
|   9|0x0000000081d00000, 0x0000000081e00000, 0x0000000081e00000|100%|HC|  |TAMS 0x0000000081e00000, 0x0000000081e00000| Complete 
|  10|0x0000000081e00000, 0x0000000081f00000, 0x0000000081f00000|100%|HC|  |TAMS 0x0000000081f00000, 0x0000000081f00000| Complete 
|  11|0x0000000081f00000, 0x0000000082000000, 0x0000000082000000|100%| O|  |TAMS 0x0000000082000000, 0x0000000082000000| Untracked 
|  12|0x0000000082000000, 0x0000000082100000, 0x0000000082100000|100%| O|  |TAMS 0x0000000082100000, 0x0000000082100000| Untracked 
|  13|0x0000000082100000, 0x0000000082200000, 0x0000000082200000|100%| O|  |TAMS 0x0000000082200000, 0x0000000082200000| Untracked 
|  14|0x0000000082200000, 0x0000000082300000, 0x0000000082300000|100%| O|  |TAMS 0x0000000082300000, 0x0000000082300000| Untracked 
|  15|0x0000000082300000, 0x0000000082400000, 0x0000000082400000|100%| O|  |TAMS 0x0000000082400000, 0x0000000082400000| Untracked 
|  16|0x0000000082400000, 0x0000000082500000, 0x0000000082500000|100%| O|  |TAMS 0x0000000082500000, 0x0000000082500000| Untracked 
|  17|0x0000000082500000, 0x0000000082600000, 0x0000000082600000|100%| O|  |TAMS 0x0000000082600000, 0x0000000082600000| Untracked 
|  18|0x0000000082600000, 0x0000000082700000, 0x0000000082700000|100%| O|  |TAMS 0x0000000082700000, 0x0000000082700000| Untracked 
|  19|0x0000000082700000, 0x0000000082800000, 0x0000000082800000|100%| O|  |TAMS 0x0000000082800000, 0x0000000082800000| Untracked 
|  20|0x0000000082800000, 0x0000000082900000, 0x0000000082900000|100%| O|  |TAMS 0x0000000082900000, 0x0000000082900000| Untracked 
|  21|0x0000000082900000, 0x0000000082a00000, 0x0000000082a00000|100%| O|  |TAMS 0x0000000082a00000, 0x0000000082a00000| Untracked 
|  22|0x0000000082a00000, 0x0000000082b00000, 0x0000000082b00000|100%| O|  |TAMS 0x0000000082b00000, 0x0000000082b00000| Untracked 
|  23|0x0000000082b00000, 0x0000000082c00000, 0x0000000082c00000|100%| O|  |TAMS 0x0000000082b00000, 0x0000000082c00000| Untracked 
|  24|0x0000000082c00000, 0x0000000082d00000, 0x0000000082d00000|100%| O|  |TAMS 0x0000000082d00000, 0x0000000082d00000| Untracked 
|  25|0x0000000082d00000, 0x0000000082e00000, 0x0000000082e00000|100%| O|  |TAMS 0x0000000082e00000, 0x0000000082e00000| Untracked 
|  26|0x0000000082e00000, 0x0000000082f00000, 0x0000000082f00000|100%| O|  |TAMS 0x0000000082f00000, 0x0000000082f00000| Untracked 
|  27|0x0000000082f00000, 0x0000000083000000, 0x0000000083000000|100%|HS|  |TAMS 0x0000000083000000, 0x0000000083000000| Complete 
|  28|0x0000000083000000, 0x0000000083100000, 0x0000000083100000|100%|HC|  |TAMS 0x0000000083100000, 0x0000000083100000| Complete 
|  29|0x0000000083100000, 0x0000000083200000, 0x0000000083200000|100%| O|  |TAMS 0x0000000083200000, 0x0000000083200000| Untracked 
|  30|0x0000000083200000, 0x0000000083300000, 0x0000000083300000|100%| O|  |TAMS 0x0000000083300000, 0x0000000083300000| Untracked 
|  31|0x0000000083300000, 0x0000000083400000, 0x0000000083400000|100%| O|  |TAMS 0x0000000083400000, 0x0000000083400000| Untracked 
|  32|0x0000000083400000, 0x0000000083500000, 0x0000000083500000|100%| O|  |TAMS 0x0000000083500000, 0x0000000083500000| Untracked 
|  33|0x0000000083500000, 0x0000000083600000, 0x0000000083600000|100%| O|  |TAMS 0x0000000083600000, 0x0000000083600000| Untracked 
|  34|0x0000000083600000, 0x0000000083700000, 0x0000000083700000|100%| O|  |TAMS 0x0000000083700000, 0x0000000083700000| Untracked 
|  35|0x0000000083700000, 0x0000000083800000, 0x0000000083800000|100%| O|  |TAMS 0x0000000083800000, 0x0000000083800000| Untracked 
|  36|0x0000000083800000, 0x0000000083900000, 0x0000000083900000|100%| O|  |TAMS 0x0000000083900000, 0x0000000083900000| Untracked 
|  37|0x0000000083900000, 0x0000000083a00000, 0x0000000083a00000|100%| O|  |TAMS 0x0000000083a00000, 0x0000000083a00000| Untracked 
|  38|0x0000000083a00000, 0x0000000083b00000, 0x0000000083b00000|100%| O|  |TAMS 0x0000000083b00000, 0x0000000083b00000| Untracked 
|  39|0x0000000083b00000, 0x0000000083c00000, 0x0000000083c00000|100%| O|  |TAMS 0x0000000083c00000, 0x0000000083c00000| Untracked 
|  40|0x0000000083c00000, 0x0000000083d00000, 0x0000000083d00000|100%| O|  |TAMS 0x0000000083d00000, 0x0000000083d00000| Untracked 
|  41|0x0000000083d00000, 0x0000000083e00000, 0x0000000083e00000|100%| O|  |TAMS 0x0000000083e00000, 0x0000000083e00000| Untracked 
|  42|0x0000000083e00000, 0x0000000083f00000, 0x0000000083f00000|100%| O|  |TAMS 0x0000000083f00000, 0x0000000083f00000| Untracked 
|  43|0x0000000083f00000, 0x0000000084000000, 0x0000000084000000|100%| O|  |TAMS 0x0000000084000000, 0x0000000084000000| Untracked 
|  44|0x0000000084000000, 0x0000000084000000, 0x0000000084100000|  0%| F|  |TAMS 0x0000000084000000, 0x0000000084000000| Untracked 
|  45|0x0000000084100000, 0x0000000084200000, 0x0000000084200000|100%| O|  |TAMS 0x0000000084200000, 0x0000000084200000| Untracked 
|  46|0x0000000084200000, 0x0000000084300000, 0x0000000084300000|100%| O|  |TAMS 0x0000000084300000, 0x0000000084300000| Untracked 
|  47|0x0000000084300000, 0x0000000084400000, 0x0000000084400000|100%| O|  |TAMS 0x0000000084400000, 0x0000000084400000| Untracked 
|  48|0x0000000084400000, 0x0000000084500000, 0x0000000084500000|100%| O|  |TAMS 0x0000000084500000, 0x0000000084500000| Untracked 
|  49|0x0000000084500000, 0x0000000084600000, 0x0000000084600000|100%| O|  |TAMS 0x0000000084600000, 0x0000000084600000| Untracked 
|  50|0x0000000084600000, 0x0000000084700000, 0x0000000084700000|100%| O|  |TAMS 0x0000000084700000, 0x0000000084700000| Untracked 
|  51|0x0000000084700000, 0x0000000084800000, 0x0000000084800000|100%| O|  |TAMS 0x0000000084800000, 0x0000000084800000| Untracked 
|  52|0x0000000084800000, 0x0000000084900000, 0x0000000084900000|100%| O|  |TAMS 0x0000000084900000, 0x0000000084900000| Untracked 
|  53|0x0000000084900000, 0x0000000084a00000, 0x0000000084a00000|100%| O|  |TAMS 0x0000000084a00000, 0x0000000084a00000| Untracked 
|  54|0x0000000084a00000, 0x0000000084b00000, 0x0000000084b00000|100%| O|  |TAMS 0x0000000084b00000, 0x0000000084b00000| Untracked 
|  55|0x0000000084b00000, 0x0000000084c00000, 0x0000000084c00000|100%| O|  |TAMS 0x0000000084c00000, 0x0000000084c00000| Untracked 
|  56|0x0000000084c00000, 0x0000000084d00000, 0x0000000084d00000|100%| O|  |TAMS 0x0000000084d00000, 0x0000000084d00000| Untracked 
|  57|0x0000000084d00000, 0x0000000084e00000, 0x0000000084e00000|100%| O|  |TAMS 0x0000000084db3800, 0x0000000084e00000| Untracked 
|  58|0x0000000084e00000, 0x0000000084f00000, 0x0000000084f00000|100%| O|  |TAMS 0x0000000084e00000, 0x0000000084f00000| Untracked 
|  59|0x0000000084f00000, 0x0000000085000000, 0x0000000085000000|100%| O|  |TAMS 0x0000000084f00000, 0x0000000085000000| Untracked 
|  60|0x0000000085000000, 0x0000000085100000, 0x0000000085100000|100%| O|  |TAMS 0x0000000085000000, 0x0000000085100000| Untracked 
|  61|0x0000000085100000, 0x0000000085200000, 0x0000000085200000|100%| O|  |TAMS 0x0000000085100000, 0x0000000085200000| Untracked 
|  62|0x0000000085200000, 0x0000000085300000, 0x0000000085300000|100%| O|  |TAMS 0x0000000085200000, 0x0000000085300000| Untracked 
|  63|0x0000000085300000, 0x0000000085400000, 0x0000000085400000|100%| O|  |TAMS 0x0000000085300000, 0x0000000085400000| Untracked 
|  64|0x0000000085400000, 0x0000000085500000, 0x0000000085500000|100%| O|  |TAMS 0x0000000085400000, 0x0000000085500000| Untracked 
|  65|0x0000000085500000, 0x0000000085600000, 0x0000000085600000|100%| O|  |TAMS 0x0000000085500000, 0x0000000085600000| Untracked 
|  66|0x0000000085600000, 0x0000000085600000, 0x0000000085700000|  0%| F|  |TAMS 0x0000000085600000, 0x0000000085600000| Untracked 
|  67|0x0000000085700000, 0x0000000085700000, 0x0000000085800000|  0%| F|  |TAMS 0x0000000085700000, 0x0000000085700000| Untracked 
|  68|0x0000000085800000, 0x0000000085800000, 0x0000000085900000|  0%| F|  |TAMS 0x0000000085800000, 0x0000000085800000| Untracked 
|  69|0x0000000085900000, 0x0000000085900000, 0x0000000085a00000|  0%| F|  |TAMS 0x0000000085900000, 0x0000000085900000| Untracked 
|  70|0x0000000085a00000, 0x0000000085a00000, 0x0000000085b00000|  0%| F|  |TAMS 0x0000000085a00000, 0x0000000085a00000| Untracked 
|  71|0x0000000085b00000, 0x0000000085b00000, 0x0000000085c00000|  0%| F|  |TAMS 0x0000000085b00000, 0x0000000085b00000| Untracked 
|  72|0x0000000085c00000, 0x0000000085c00000, 0x0000000085d00000|  0%| F|  |TAMS 0x0000000085c00000, 0x0000000085c00000| Untracked 
|  73|0x0000000085d00000, 0x0000000085d00000, 0x0000000085e00000|  0%| F|  |TAMS 0x0000000085d00000, 0x0000000085d00000| Untracked 
|  74|0x0000000085e00000, 0x0000000085e00000, 0x0000000085f00000|  0%| F|  |TAMS 0x0000000085e00000, 0x0000000085e00000| Untracked 
|  75|0x0000000085f00000, 0x0000000085f00000, 0x0000000086000000|  0%| F|  |TAMS 0x0000000085f00000, 0x0000000085f00000| Untracked 
|  76|0x0000000086000000, 0x0000000086000000, 0x0000000086100000|  0%| F|  |TAMS 0x0000000086000000, 0x0000000086000000| Untracked 
|  77|0x0000000086100000, 0x0000000086100000, 0x0000000086200000|  0%| F|  |TAMS 0x0000000086100000, 0x0000000086100000| Untracked 
|  78|0x0000000086200000, 0x0000000086200000, 0x0000000086300000|  0%| F|  |TAMS 0x0000000086200000, 0x0000000086200000| Untracked 
|  79|0x0000000086300000, 0x0000000086300000, 0x0000000086400000|  0%| F|  |TAMS 0x0000000086300000, 0x0000000086300000| Untracked 
|  80|0x0000000086400000, 0x0000000086400000, 0x0000000086500000|  0%| F|  |TAMS 0x0000000086400000, 0x0000000086400000| Untracked 
|  81|0x0000000086500000, 0x0000000086500000, 0x0000000086600000|  0%| F|  |TAMS 0x0000000086500000, 0x0000000086500000| Untracked 
|  82|0x0000000086600000, 0x0000000086600000, 0x0000000086700000|  0%| F|  |TAMS 0x0000000086600000, 0x0000000086600000| Untracked 
|  83|0x0000000086700000, 0x0000000086700000, 0x0000000086800000|  0%| F|  |TAMS 0x0000000086700000, 0x0000000086700000| Untracked 
|  84|0x0000000086800000, 0x0000000086800000, 0x0000000086900000|  0%| F|  |TAMS 0x0000000086800000, 0x0000000086800000| Untracked 
|  85|0x0000000086900000, 0x0000000086900000, 0x0000000086a00000|  0%| F|  |TAMS 0x0000000086900000, 0x0000000086900000| Untracked 
|  86|0x0000000086a00000, 0x0000000086a00000, 0x0000000086b00000|  0%| F|  |TAMS 0x0000000086a00000, 0x0000000086a00000| Untracked 
|  87|0x0000000086b00000, 0x0000000086b00000, 0x0000000086c00000|  0%| F|  |TAMS 0x0000000086b00000, 0x0000000086b00000| Untracked 
|  88|0x0000000086c00000, 0x0000000086c00000, 0x0000000086d00000|  0%| F|  |TAMS 0x0000000086c00000, 0x0000000086c00000| Untracked 
|  89|0x0000000086d00000, 0x0000000086da0f20, 0x0000000086e00000| 62%| S|CS|TAMS 0x0000000086d00000, 0x0000000086d00000| Complete 
|  90|0x0000000086e00000, 0x0000000086f00000, 0x0000000086f00000|100%| S|CS|TAMS 0x0000000086e00000, 0x0000000086e00000| Complete 
|  91|0x0000000086f00000, 0x0000000086f00000, 0x0000000087000000|  0%| F|  |TAMS 0x0000000086f00000, 0x0000000086f00000| Untracked 
|  92|0x0000000087000000, 0x0000000087000000, 0x0000000087100000|  0%| F|  |TAMS 0x0000000087000000, 0x0000000087000000| Untracked 
|  93|0x0000000087100000, 0x0000000087100000, 0x0000000087200000|  0%| F|  |TAMS 0x0000000087100000, 0x0000000087100000| Untracked 
|  94|0x0000000087200000, 0x0000000087200000, 0x0000000087300000|  0%| F|  |TAMS 0x0000000087200000, 0x0000000087200000| Untracked 
|  95|0x0000000087300000, 0x0000000087300000, 0x0000000087400000|  0%| F|  |TAMS 0x0000000087300000, 0x0000000087300000| Untracked 
|  96|0x0000000087400000, 0x0000000087400000, 0x0000000087500000|  0%| F|  |TAMS 0x0000000087400000, 0x0000000087400000| Untracked 
|  97|0x0000000087500000, 0x0000000087500000, 0x0000000087600000|  0%| F|  |TAMS 0x0000000087500000, 0x0000000087500000| Untracked 
|  98|0x0000000087600000, 0x0000000087600000, 0x0000000087700000|  0%| F|  |TAMS 0x0000000087600000, 0x0000000087600000| Untracked 
|  99|0x0000000087700000, 0x0000000087700000, 0x0000000087800000|  0%| F|  |TAMS 0x0000000087700000, 0x0000000087700000| Untracked 
| 100|0x0000000087800000, 0x0000000087800000, 0x0000000087900000|  0%| F|  |TAMS 0x0000000087800000, 0x0000000087800000| Untracked 
| 101|0x0000000087900000, 0x0000000087900000, 0x0000000087a00000|  0%| F|  |TAMS 0x0000000087900000, 0x0000000087900000| Untracked 
| 102|0x0000000087a00000, 0x0000000087a00000, 0x0000000087b00000|  0%| F|  |TAMS 0x0000000087a00000, 0x0000000087a00000| Untracked 
| 103|0x0000000087b00000, 0x0000000087b00000, 0x0000000087c00000|  0%| F|  |TAMS 0x0000000087b00000, 0x0000000087b00000| Untracked 
| 104|0x0000000087c00000, 0x0000000087c00000, 0x0000000087d00000|  0%| F|  |TAMS 0x0000000087c00000, 0x0000000087c00000| Untracked 
| 105|0x0000000087d00000, 0x0000000087d00000, 0x0000000087e00000|  0%| F|  |TAMS 0x0000000087d00000, 0x0000000087d00000| Untracked 
| 106|0x0000000087e00000, 0x0000000087e00000, 0x0000000087f00000|  0%| F|  |TAMS 0x0000000087e00000, 0x0000000087e00000| Untracked 
| 107|0x0000000087f00000, 0x0000000087f00000, 0x0000000088000000|  0%| F|  |TAMS 0x0000000087f00000, 0x0000000087f00000| Untracked 
| 108|0x0000000088000000, 0x0000000088000000, 0x0000000088100000|  0%| F|  |TAMS 0x0000000088000000, 0x0000000088000000| Untracked 
| 109|0x0000000088100000, 0x0000000088100000, 0x0000000088200000|  0%| F|  |TAMS 0x0000000088100000, 0x0000000088100000| Untracked 
| 110|0x0000000088200000, 0x0000000088200000, 0x0000000088300000|  0%| F|  |TAMS 0x0000000088200000, 0x0000000088200000| Untracked 
| 111|0x0000000088300000, 0x0000000088300000, 0x0000000088400000|  0%| F|  |TAMS 0x0000000088300000, 0x0000000088300000| Untracked 
| 112|0x0000000088400000, 0x0000000088400000, 0x0000000088500000|  0%| F|  |TAMS 0x0000000088400000, 0x0000000088400000| Untracked 
| 113|0x0000000088500000, 0x0000000088500000, 0x0000000088600000|  0%| F|  |TAMS 0x0000000088500000, 0x0000000088500000| Untracked 
| 114|0x0000000088600000, 0x0000000088600000, 0x0000000088700000|  0%| F|  |TAMS 0x0000000088600000, 0x0000000088600000| Untracked 
| 115|0x0000000088700000, 0x0000000088700000, 0x0000000088800000|  0%| F|  |TAMS 0x0000000088700000, 0x0000000088700000| Untracked 
| 116|0x0000000088800000, 0x0000000088800000, 0x0000000088900000|  0%| F|  |TAMS 0x0000000088800000, 0x0000000088800000| Untracked 
| 117|0x0000000088900000, 0x0000000088900000, 0x0000000088a00000|  0%| F|  |TAMS 0x0000000088900000, 0x0000000088900000| Untracked 
| 118|0x0000000088a00000, 0x0000000088a00000, 0x0000000088b00000|  0%| F|  |TAMS 0x0000000088a00000, 0x0000000088a00000| Untracked 
| 119|0x0000000088b00000, 0x0000000088b00000, 0x0000000088c00000|  0%| F|  |TAMS 0x0000000088b00000, 0x0000000088b00000| Untracked 
| 120|0x0000000088c00000, 0x0000000088c00000, 0x0000000088d00000|  0%| F|  |TAMS 0x0000000088c00000, 0x0000000088c00000| Untracked 
| 121|0x0000000088d00000, 0x0000000088d00000, 0x0000000088e00000|  0%| F|  |TAMS 0x0000000088d00000, 0x0000000088d00000| Untracked 
| 122|0x0000000088e00000, 0x0000000088e00000, 0x0000000088f00000|  0%| F|  |TAMS 0x0000000088e00000, 0x0000000088e00000| Untracked 
| 123|0x0000000088f00000, 0x0000000088f00000, 0x0000000089000000|  0%| F|  |TAMS 0x0000000088f00000, 0x0000000088f00000| Untracked 
| 124|0x0000000089000000, 0x0000000089000000, 0x0000000089100000|  0%| F|  |TAMS 0x0000000089000000, 0x0000000089000000| Untracked 
| 125|0x0000000089100000, 0x0000000089100000, 0x0000000089200000|  0%| F|  |TAMS 0x0000000089100000, 0x0000000089100000| Untracked 
| 126|0x0000000089200000, 0x0000000089200000, 0x0000000089300000|  0%| F|  |TAMS 0x0000000089200000, 0x0000000089200000| Untracked 
| 127|0x0000000089300000, 0x0000000089300000, 0x0000000089400000|  0%| F|  |TAMS 0x0000000089300000, 0x0000000089300000| Untracked 

Card table byte_map: [0x000001ddcf350000,0x000001ddcf750000] _byte_map_base: 0x000001ddcef46000

Marking Bits (Prev, Next): (CMBitMap*) 0x000001ddbcad4c50, (CMBitMap*) 0x000001ddbcad4c10
 Prev Bits: [0x000001ddd1b00000, 0x000001ddd3ab0000)
 Next Bits: [0x000001ddcfb50000, 0x000001ddd1b00000)

Polling page: 0x000001ddbc250000

Metaspace:

Usage:
  Non-class:     73.61 MB used.
      Class:      9.37 MB used.
       Both:     82.98 MB used.

Virtual space:
  Non-class space:       80.00 MB reserved,      73.81 MB ( 92%) committed,  10 nodes.
      Class space:        1.00 GB reserved,       9.50 MB ( <1%) committed,  1 nodes.
             Both:        1.08 GB reserved,      83.31 MB (  8%) committed. 

Chunk freelists:
   Non-Class:  2.09 MB
       Class:  2.45 MB
        Both:  4.55 MB

MaxMetaspaceSize: unlimited
CompressedClassSpaceSize: 1.00 GB
Initial GC threshold: 21.00 MB
Current GC threshold: 127.62 MB
CDS: off
MetaspaceReclaimPolicy: balanced
 - commit_granule_bytes: 65536.
 - commit_granule_words: 8192.
 - virtual_space_node_default_size: 1048576.
 - enlarge_chunks_in_place: 1.
 - new_chunks_are_fully_committed: 0.
 - uncommit_free_chunks: 1.
 - use_allocation_guard: 0.
 - handle_deallocations: 1.


Internal statistics:

num_allocs_failed_limit: 6.
num_arena_births: 340.
num_arena_deaths: 0.
num_vsnodes_births: 11.
num_vsnodes_deaths: 0.
num_space_committed: 1331.
num_space_uncommitted: 0.
num_chunks_returned_to_freelist: 6.
num_chunks_taken_from_freelist: 2987.
num_chunk_merges: 6.
num_chunk_splits: 2482.
num_chunks_enlarged: 2237.
num_purges: 0.
num_inconsistent_stats: 0.

CodeHeap 'non-profiled nmethods': size=120000Kb used=4402Kb max_used=4402Kb free=115597Kb
 bounds [0x000001ddc7a20000, 0x000001ddc7e70000, 0x000001ddcef50000]
CodeHeap 'profiled nmethods': size=120000Kb used=25102Kb max_used=25102Kb free=94897Kb
 bounds [0x000001ddbff50000, 0x000001ddc17e0000, 0x000001ddc7480000]
CodeHeap 'non-nmethods': size=5760Kb used=1410Kb max_used=1491Kb free=4349Kb
 bounds [0x000001ddc7480000, 0x000001ddc76f0000, 0x000001ddc7a20000]
 total_blobs=10656 nmethods=9908 adapters=657
 compilation: enabled
              stopped_count=0, restarted_count=0
 full_count=0

Compilation events (20 events):
Event: 12.257 Thread 0x000001ddd693dd60 11486       2       org.jetbrains.kotlin.backend.jvm.codegen.ClassCodegen::generateMethod (546 bytes)
Event: 12.261 Thread 0x000001ddd693dd60 nmethod 11486 0x000001ddc17cf210 code [0x000001ddc17cf700, 0x000001ddc17d0d48]
Event: 12.263 Thread 0x000001ddd693dd60 11487       2       kotlin.collections.MapsKt__MapsJVMKt::mapOf (24 bytes)
Event: 12.264 Thread 0x000001ddd693dd60 nmethod 11487 0x000001ddc17d1a90 code [0x000001ddc17d1c80, 0x000001ddc17d2068]
Event: 12.264 Thread 0x000001ddd693dd60 11488       2       org.jetbrains.kotlin.serialization.deserialization.descriptors.DeserializedClassDescriptor::getDeclaredTypeParameters (11 bytes)
Event: 12.264 Thread 0x000001ddd693dd60 nmethod 11488 0x000001ddc17d2290 code [0x000001ddc17d2440, 0x000001ddc17d25f8]
Event: 12.264 Thread 0x000001ddd693dd60 11489       2       org.jetbrains.kotlin.ir.util.ConstantValueGenerator::adjustAnnotationArgumentValue (47 bytes)
Event: 12.265 Thread 0x000001ddd693dd60 nmethod 11489 0x000001ddc17d2710 code [0x000001ddc17d2980, 0x000001ddc17d30e8]
Event: 12.265 Thread 0x000001ddd693dd60 11490       2       org.jetbrains.kotlin.resolve.lazy.descriptors.LazyAnnotationsKt::getSourceForArgument (50 bytes)
Event: 12.266 Thread 0x000001ddd693dd60 nmethod 11490 0x000001ddc17d3490 code [0x000001ddc17d36c0, 0x000001ddc17d3bd8]
Event: 12.266 Thread 0x000001ddd693dd60 11491       2       org.jetbrains.kotlin.ir.util.ConstantValueGenerator::generateAnnotationValueAsExpression (35 bytes)
Event: 12.267 Thread 0x000001ddd693dd60 nmethod 11491 0x000001ddc17d3f10 code [0x000001ddc17d4160, 0x000001ddc17d4628]
Event: 12.275 Thread 0x000001ddd693dd60 11492       2       org.jetbrains.kotlin.codegen.signature.AsmTypeFactory::createFromString (6 bytes)
Event: 12.276 Thread 0x000001ddd693dd60 nmethod 11492 0x000001ddc17d4990 code [0x000001ddc17d4b80, 0x000001ddc17d4e98]
Event: 12.276 Thread 0x000001ddd693dd60 11493       2       org.jetbrains.kotlin.codegen.signature.AsmTypeFactory::createFromString (17 bytes)
Event: 12.276 Thread 0x000001ddd693dd60 nmethod 11493 0x000001ddc17d5110 code [0x000001ddc17d5300, 0x000001ddc17d5618]
Event: 12.276 Thread 0x000001ddd693dd60 11494   !   2       org.jetbrains.kotlin.ir.declarations.lazy.IrLazySymbolTable::referenceConstructor (75 bytes)
Event: 12.277 Thread 0x000001ddd693dd60 nmethod 11494 0x000001ddc17d5890 code [0x000001ddc17d5aa0, 0x000001ddc17d5f18]
Event: 12.281 Thread 0x000001ddd693dd60 11495       2       org.jetbrains.kotlin.ir.util.IrUtilsKt::isAnnotation (40 bytes)
Event: 12.282 Thread 0x000001ddd693dd60 nmethod 11495 0x000001ddc17d6310 code [0x000001ddc17d6560, 0x000001ddc17d6a98]

GC Heap History (20 events):
Event: 5.114 GC heap after
{Heap after GC invocations=15 (full 0):
 garbage-first heap   total 90112K, used 40271K [0x0000000081400000, 0x0000000100000000)
  region size 1024K, 4 young (4096K), 4 survivors (4096K)
 Metaspace       used 55081K, committed 55360K, reserved 1097728K
  class space    used 6561K, committed 6720K, reserved 1048576K
}
Event: 5.876 GC heap before
{Heap before GC invocations=15 (full 0):
 garbage-first heap   total 90112K, used 68943K [0x0000000081400000, 0x0000000100000000)
  region size 1024K, 32 young (32768K), 4 survivors (4096K)
 Metaspace       used 56283K, committed 56576K, reserved 1105920K
  class space    used 6605K, committed 6720K, reserved 1048576K
}
Event: 5.891 GC heap after
{Heap after GC invocations=16 (full 0):
 garbage-first heap   total 90112K, used 45355K [0x0000000081400000, 0x0000000100000000)
  region size 1024K, 4 young (4096K), 4 survivors (4096K)
 Metaspace       used 56283K, committed 56576K, reserved 1105920K
  class space    used 6605K, committed 6720K, reserved 1048576K
}
Event: 6.244 GC heap before
{Heap before GC invocations=16 (full 0):
 garbage-first heap   total 90112K, used 67883K [0x0000000081400000, 0x0000000100000000)
  region size 1024K, 27 young (27648K), 4 survivors (4096K)
 Metaspace       used 57352K, committed 57664K, reserved 1105920K
  class space    used 6711K, committed 6848K, reserved 1048576K
}
Event: 6.264 GC heap after
{Heap after GC invocations=17 (full 0):
 garbage-first heap   total 90112K, used 48916K [0x0000000081400000, 0x0000000100000000)
  region size 1024K, 3 young (3072K), 3 survivors (3072K)
 Metaspace       used 57352K, committed 57664K, reserved 1105920K
  class space    used 6711K, committed 6848K, reserved 1048576K
}
Event: 7.373 GC heap before
{Heap before GC invocations=18 (full 0):
 garbage-first heap   total 90112K, used 71444K [0x0000000081400000, 0x0000000100000000)
  region size 1024K, 25 young (25600K), 3 survivors (3072K)
 Metaspace       used 60350K, committed 60608K, reserved 1105920K
  class space    used 7069K, committed 7232K, reserved 1048576K
}
Event: 7.391 GC heap after
{Heap after GC invocations=19 (full 0):
 garbage-first heap   total 90112K, used 52311K [0x0000000081400000, 0x0000000100000000)
  region size 1024K, 4 young (4096K), 4 survivors (4096K)
 Metaspace       used 60350K, committed 60608K, reserved 1105920K
  class space    used 7069K, committed 7232K, reserved 1048576K
}
Event: 8.272 GC heap before
{Heap before GC invocations=19 (full 0):
 garbage-first heap   total 90112K, used 71767K [0x0000000081400000, 0x0000000100000000)
  region size 1024K, 23 young (23552K), 4 survivors (4096K)
 Metaspace       used 61726K, committed 62016K, reserved 1105920K
  class space    used 7170K, committed 7296K, reserved 1048576K
}
Event: 8.290 GC heap after
{Heap after GC invocations=20 (full 0):
 garbage-first heap   total 125952K, used 55594K [0x0000000081400000, 0x0000000100000000)
  region size 1024K, 3 young (3072K), 3 survivors (3072K)
 Metaspace       used 61726K, committed 62016K, reserved 1105920K
  class space    used 7170K, committed 7296K, reserved 1048576K
}
Event: 9.544 GC heap before
{Heap before GC invocations=21 (full 0):
 garbage-first heap   total 125952K, used 94506K [0x0000000081400000, 0x0000000100000000)
  region size 1024K, 41 young (41984K), 3 survivors (3072K)
 Metaspace       used 69592K, committed 69888K, reserved 1114112K
  class space    used 8125K, committed 8256K, reserved 1048576K
}
Event: 9.564 GC heap after
{Heap after GC invocations=22 (full 0):
 garbage-first heap   total 125952K, used 58666K [0x0000000081400000, 0x0000000100000000)
  region size 1024K, 6 young (6144K), 6 survivors (6144K)
 Metaspace       used 69592K, committed 69888K, reserved 1114112K
  class space    used 8125K, committed 8256K, reserved 1048576K
}
Event: 9.601 GC heap before
{Heap before GC invocations=22 (full 0):
 garbage-first heap   total 125952K, used 59690K [0x0000000081400000, 0x0000000100000000)
  region size 1024K, 7 young (7168K), 6 survivors (6144K)
 Metaspace       used 69846K, committed 70144K, reserved 1114112K
  class space    used 8166K, committed 8320K, reserved 1048576K
}
Event: 9.615 GC heap after
{Heap after GC invocations=23 (full 0):
 garbage-first heap   total 125952K, used 59068K [0x0000000081400000, 0x0000000100000000)
  region size 1024K, 1 young (1024K), 1 survivors (1024K)
 Metaspace       used 69846K, committed 70144K, reserved 1114112K
  class space    used 8166K, committed 8320K, reserved 1048576K
}
Event: 10.610 GC heap before
{Heap before GC invocations=23 (full 0):
 garbage-first heap   total 125952K, used 96956K [0x0000000081400000, 0x0000000100000000)
  region size 1024K, 38 young (38912K), 1 survivors (1024K)
 Metaspace       used 76681K, committed 76992K, reserved 1122304K
  class space    used 8869K, committed 9024K, reserved 1048576K
}
Event: 10.624 GC heap after
{Heap after GC invocations=24 (full 0):
 garbage-first heap   total 125952K, used 61658K [0x0000000081400000, 0x0000000100000000)
  region size 1024K, 4 young (4096K), 4 survivors (4096K)
 Metaspace       used 76681K, committed 76992K, reserved 1122304K
  class space    used 8869K, committed 9024K, reserved 1048576K
}
Event: 11.469 GC heap before
{Heap before GC invocations=25 (full 0):
 garbage-first heap   total 125952K, used 98522K [0x0000000081400000, 0x0000000100000000)
  region size 1024K, 40 young (40960K), 4 survivors (4096K)
 Metaspace       used 80145K, committed 80448K, reserved 1122304K
  class space    used 9208K, committed 9344K, reserved 1048576K
}
Event: 11.492 GC heap after
{Heap after GC invocations=26 (full 0):
 garbage-first heap   total 125952K, used 67049K [0x0000000081400000, 0x0000000100000000)
  region size 1024K, 5 young (5120K), 5 survivors (5120K)
 Metaspace       used 80145K, committed 80448K, reserved 1122304K
  class space    used 9208K, committed 9344K, reserved 1048576K
}
Event: 11.523 GC heap before
{Heap before GC invocations=26 (full 0):
 garbage-first heap   total 125952K, used 68073K [0x0000000081400000, 0x0000000100000000)
  region size 1024K, 6 young (6144K), 5 survivors (5120K)
 Metaspace       used 80189K, committed 80448K, reserved 1122304K
  class space    used 9208K, committed 9344K, reserved 1048576K
}
Event: 11.539 GC heap after
{Heap after GC invocations=27 (full 0):
 garbage-first heap   total 125952K, used 67473K [0x0000000081400000, 0x0000000100000000)
  region size 1024K, 1 young (1024K), 1 survivors (1024K)
 Metaspace       used 80189K, committed 80448K, reserved 1122304K
  class space    used 9208K, committed 9344K, reserved 1048576K
}
Event: 12.287 GC heap before
{Heap before GC invocations=27 (full 0):
 garbage-first heap   total 125952K, used 98193K [0x0000000081400000, 0x0000000100000000)
  region size 1024K, 32 young (32768K), 1 survivors (1024K)
 Metaspace       used 84972K, committed 85312K, reserved 1130496K
  class space    used 9592K, committed 9728K, reserved 1048576K
}

Dll operation events (2 events):
Event: 0.007 Loaded shared library C:\Program Files\Android\Android Studio\jbr\bin\java.dll
Event: 1.166 Loaded shared library C:\Program Files\Android\Android Studio\jbr\bin\verify.dll

Deoptimization events (20 events):
Event: 11.998 Thread 0x000001ddbca75c30 Uncommon trap: trap_request=0xffffffde fr.pc=0x000001ddc7d276dc relative=0x00000000000000bc
Event: 11.998 Thread 0x000001ddbca75c30 Uncommon trap: reason=class_check action=maybe_recompile pc=0x000001ddc7d276dc method=org.jetbrains.kotlin.ir.symbols.impl.IrSymbolBase.getDescriptor()Lorg/jetbrains/kotlin/descriptors/DeclarationDescriptor; @ 19 c2
Event: 11.998 Thread 0x000001ddbca75c30 DEOPT PACKING pc=0x000001ddc7d276dc sp=0x00000070604fdd10
Event: 11.998 Thread 0x000001ddbca75c30 DEOPT UNPACKING pc=0x000001ddc74d69a3 sp=0x00000070604fdcb0 mode 2
Event: 12.001 Thread 0x000001ddbca75c30 Uncommon trap: trap_request=0xffffffc6 fr.pc=0x000001ddc7bdbe24 relative=0x00000000000016c4
Event: 12.001 Thread 0x000001ddbca75c30 Uncommon trap: reason=bimorphic_or_optimized_type_check action=maybe_recompile pc=0x000001ddc7bdbe24 method=java.util.concurrent.ConcurrentHashMap.computeIfAbsent(Ljava/lang/Object;Ljava/util/function/Function;)Ljava/lang/Object; @ 356 c2
Event: 12.001 Thread 0x000001ddbca75c30 DEOPT PACKING pc=0x000001ddc7bdbe24 sp=0x00000070604fdd70
Event: 12.001 Thread 0x000001ddbca75c30 DEOPT UNPACKING pc=0x000001ddc74d69a3 sp=0x00000070604fdd08 mode 2
Event: 12.018 Thread 0x000001ddbca75c30 Uncommon trap: trap_request=0xffffff45 fr.pc=0x000001ddc7d0d414 relative=0x0000000000000354
Event: 12.018 Thread 0x000001ddbca75c30 Uncommon trap: reason=unstable_if action=reinterpret pc=0x000001ddc7d0d414 method=gnu.trove.TObjectHash.insertionIndex(Ljava/lang/Object;)I @ 150 c2
Event: 12.018 Thread 0x000001ddbca75c30 DEOPT PACKING pc=0x000001ddc7d0d414 sp=0x00000070604fcd40
Event: 12.018 Thread 0x000001ddbca75c30 DEOPT UNPACKING pc=0x000001ddc74d69a3 sp=0x00000070604fccd0 mode 2
Event: 12.020 Thread 0x000001ddbca75c30 Uncommon trap: trap_request=0xffffff66 fr.pc=0x000001ddc7e097e4 relative=0x0000000000002b44
Event: 12.020 Thread 0x000001ddbca75c30 Uncommon trap: reason=speculate_class_check action=maybe_recompile pc=0x000001ddc7e097e4 method=org.jetbrains.kotlin.types.KotlinType.getAnnotations()Lorg/jetbrains/kotlin/descriptors/annotations/Annotations; @ 1 c2
Event: 12.020 Thread 0x000001ddbca75c30 DEOPT PACKING pc=0x000001ddc7e097e4 sp=0x00000070604fd0a0
Event: 12.020 Thread 0x000001ddbca75c30 DEOPT UNPACKING pc=0x000001ddc74d69a3 sp=0x00000070604fcdc8 mode 2
Event: 12.087 Thread 0x000001ddbca75c30 Uncommon trap: trap_request=0xffffff45 fr.pc=0x000001ddc7c7db04 relative=0x0000000000000164
Event: 12.087 Thread 0x000001ddbca75c30 Uncommon trap: reason=unstable_if action=reinterpret pc=0x000001ddc7c7db04 method=gnu.trove.THash.postInsertHook(Z)V @ 49 c2
Event: 12.087 Thread 0x000001ddbca75c30 DEOPT PACKING pc=0x000001ddc7c7db04 sp=0x00000070604fcf00
Event: 12.087 Thread 0x000001ddbca75c30 DEOPT UNPACKING pc=0x000001ddc74d69a3 sp=0x00000070604fcea0 mode 2

Classes unloaded (0 events):
No events

Classes redefined (0 events):
No events

Internal exceptions (20 events):
Event: 6.281 Thread 0x000001ddbca75c30 Implicit null exception at 0x000001ddc7a85e58 to 0x000001ddc7a85eea
Event: 6.379 Thread 0x000001ddbca75c30 Exception <a 'java/lang/NoSuchMethodError'{0x00000000893bdd88}: 'int java.lang.invoke.DirectMethodHandle$Holder.invokeStaticInit(java.lang.Object, int)'> (0x00000000893bdd88) 
thrown [s\src\hotspot\share\interpreter\linkResolver.cpp, line 771]
Event: 7.078 Thread 0x000001ddbca75c30 Exception <a 'java/lang/NoSuchMethodError'{0x0000000085bd9cf0}: 'java.lang.Object java.lang.invoke.DirectMethodHandle$Holder.invokeInterface(java.lang.Object, java.lang.Object, java.lang.Object)'> (0x0000000085bd9cf0) 
thrown [s\src\hotspot\share\interpreter\linkResolver.cpp, line 771]
Event: 7.078 Thread 0x000001ddbca75c30 Exception <a 'java/lang/IncompatibleClassChangeError'{0x0000000085bdd908}: Found class java.lang.Object, but interface was expected> (0x0000000085bdd908) 
thrown [s\src\hotspot\share\interpreter\linkResolver.cpp, line 838]
Event: 7.557 Thread 0x000001ddbca75c30 Exception <a 'java/lang/NoSuchMethodError'{0x00000000875364c8}: 'java.lang.Object java.lang.invoke.DirectMethodHandle$Holder.newInvokeSpecial(java.lang.Object, java.lang.Object, java.lang.Object, java.lang.Object, java.lang.Object, java.lang.Object, java.lang.Object)'> (0x00000000875364c8) 
thrown [s\src\hotspot\share\interpreter\linkResolver.cpp, line 771]
Event: 7.557 Thread 0x000001ddbca75c30 Exception <a 'java/lang/NoSuchMethodError'{0x000000008753b080}: 'java.lang.Object java.lang.invoke.Invokers$Holder.linkToTargetMethod(java.lang.Object, java.lang.Object, java.lang.Object, java.lang.Object, java.lang.Object, java.lang.Object, java.lang.Object)'> (0x000000008753b080) 
thrown [s\src\hotspot\share\interpreter\linkResolver.cpp, line 771]
Event: 7.700 Thread 0x000001ddbca75c30 Exception <a 'java/lang/NoSuchMethodError'{0x00000000864e4d88}: 'java.lang.Object java.lang.invoke.DirectMethodHandle$Holder.newInvokeSpecial(java.lang.Object, int, java.lang.Object, java.lang.Object)'> (0x00000000864e4d88) 
thrown [s\src\hotspot\share\interpreter\linkResolver.cpp, line 771]
Event: 7.793 Thread 0x000001ddbca75c30 Exception <a 'java/lang/NoSuchMethodError'{0x00000000862e5328}: 'java.lang.Object java.lang.invoke.DirectMethodHandle$Holder.invokeStatic(java.lang.Object, int, java.lang.Object)'> (0x00000000862e5328) 
thrown [s\src\hotspot\share\interpreter\linkResolver.cpp, line 771]
Event: 8.417 Thread 0x000001ddbca75c30 Exception <a 'java/lang/NoSuchMethodError'{0x0000000088cb4560}: 'int java.lang.invoke.DirectMethodHandle$Holder.invokeVirtual(java.lang.Object, java.lang.Object, java.lang.Object)'> (0x0000000088cb4560) 
thrown [s\src\hotspot\share\interpreter\linkResolver.cpp, line 771]
Event: 8.504 Thread 0x000001ddbca75c30 Exception <a 'java/lang/NoSuchMethodError'{0x00000000888173f8}: 'java.lang.Object java.lang.invoke.DirectMethodHandle$Holder.invokeStatic(java.lang.Object, java.lang.Object, java.lang.Object, java.lang.Object, int)'> (0x00000000888173f8) 
thrown [s\src\hotspot\share\interpreter\linkResolver.cpp, line 771]
Event: 8.505 Thread 0x000001ddbca75c30 Exception <a 'java/lang/NoSuchMethodError'{0x00000000888210e0}: 'java.lang.Object java.lang.invoke.DirectMethodHandle$Holder.newInvokeSpecial(java.lang.Object, java.lang.Object, java.lang.Object, java.lang.Object, int)'> (0x00000000888210e0) 
thrown [s\src\hotspot\share\interpreter\linkResolver.cpp, line 771]
Event: 8.505 Thread 0x000001ddbca75c30 Exception <a 'java/lang/NoSuchMethodError'{0x0000000088825b18}: 'java.lang.Object java.lang.invoke.DirectMethodHandle$Holder.invokeSpecial(java.lang.Object, java.lang.Object, java.lang.Object, java.lang.Object, java.lang.Object, int)'> (0x0000000088825b18) 
thrown [s\src\hotspot\share\interpreter\linkResolver.cpp, line 771]
Event: 8.505 Thread 0x000001ddbca75c30 Exception <a 'java/lang/NoSuchMethodError'{0x0000000088829ff8}: 'java.lang.Object java.lang.invoke.Invokers$Holder.linkToTargetMethod(java.lang.Object, java.lang.Object, java.lang.Object, int, java.lang.Object)'> (0x0000000088829ff8) 
thrown [s\src\hotspot\share\interpreter\linkResolver.cpp, line 771]
Event: 8.563 Thread 0x000001ddbca75c30 Exception <a 'java/lang/NoSuchMethodError'{0x00000000887d2d08}: 'void java.lang.invoke.DirectMethodHandle$Holder.invokeInterface(java.lang.Object, java.lang.Object)'> (0x00000000887d2d08) 
thrown [s\src\hotspot\share\interpreter\linkResolver.cpp, line 771]
Event: 8.650 Thread 0x000001ddbca75c30 Exception <a 'java/lang/IncompatibleClassChangeError'{0x00000000885bfa08}: Found class java.lang.Object, but interface was expected> (0x00000000885bfa08) 
thrown [s\src\hotspot\share\interpreter\linkResolver.cpp, line 838]
Event: 8.977 Thread 0x000001ddbca75c30 Implicit null exception at 0x000001ddc7ab806a to 0x000001ddc7ab8228
Event: 9.536 Thread 0x000001ddbca75c30 Exception <a 'java/lang/NoSuchMethodError'{0x00000000869cce60}: 'java.lang.Object java.lang.invoke.DirectMethodHandle$Holder.newInvokeSpecial(java.lang.Object, java.lang.Object, java.lang.Object, int, int)'> (0x00000000869cce60) 
thrown [s\src\hotspot\share\interpreter\linkResolver.cpp, line 771]
Event: 9.537 Thread 0x000001ddbca75c30 Exception <a 'java/lang/NoSuchMethodError'{0x00000000869d0ca0}: 'java.lang.Object java.lang.invoke.DirectMethodHandle$Holder.invokeSpecial(java.lang.Object, java.lang.Object, java.lang.Object, java.lang.Object, int, int)'> (0x00000000869d0ca0) 
thrown [s\src\hotspot\share\interpreter\linkResolver.cpp, line 771]
Event: 9.697 Thread 0x000001ddbca75c30 Exception <a 'java/lang/NoSuchMethodError'{0x0000000088a124a8}: 'java.lang.Object java.lang.invoke.DirectMethodHandle$Holder.invokeSpecial(java.lang.Object, java.lang.Object, int, int, java.lang.Object, java.lang.Object, java.lang.Object, java.lang.Object, java.lang.Object)'> (0x0000000088a124a8) 
thrown [s\src\hotspot\share\interpreter\linkResolver.cpp, line 771]
Event: 9.840 Thread 0x000001ddbca75c30 Implicit null exception at 0x000001ddc7a898ed to 0x000001ddc7a89b0c

VM Operations (20 events):
Event: 11.666 Executing VM operation: HandshakeAllThreads done
Event: 11.673 Executing VM operation: HandshakeAllThreads
Event: 11.673 Executing VM operation: HandshakeAllThreads done
Event: 11.675 Executing VM operation: HandshakeAllThreads
Event: 11.675 Executing VM operation: HandshakeAllThreads done
Event: 11.690 Executing VM operation: HandshakeAllThreads
Event: 11.690 Executing VM operation: HandshakeAllThreads done
Event: 11.796 Executing VM operation: HandshakeAllThreads
Event: 11.796 Executing VM operation: HandshakeAllThreads done
Event: 11.932 Executing VM operation: HandshakeAllThreads
Event: 11.932 Executing VM operation: HandshakeAllThreads done
Event: 11.942 Executing VM operation: ICBufferFull
Event: 11.942 Executing VM operation: ICBufferFull done
Event: 11.985 Executing VM operation: ICBufferFull
Event: 11.985 Executing VM operation: ICBufferFull done
Event: 12.154 Executing VM operation: ICBufferFull
Event: 12.154 Executing VM operation: ICBufferFull done
Event: 12.208 Executing VM operation: HandshakeAllThreads
Event: 12.208 Executing VM operation: HandshakeAllThreads done
Event: 12.287 Executing VM operation: G1CollectForAllocation

Events (20 events):
Event: 9.779 Thread 0x000001ddd693e270 flushing nmethod 0x000001ddc108e010
Event: 9.779 Thread 0x000001ddd693e270 flushing nmethod 0x000001ddc1093390
Event: 9.779 Thread 0x000001ddd693e270 flushing nmethod 0x000001ddc1094d90
Event: 9.780 Thread 0x000001ddd693e270 flushing nmethod 0x000001ddc10b5110
Event: 9.780 Thread 0x000001ddd693e270 flushing nmethod 0x000001ddc10b7a90
Event: 9.780 Thread 0x000001ddd693e270 flushing nmethod 0x000001ddc10e2a10
Event: 9.780 Thread 0x000001ddd693e270 flushing nmethod 0x000001ddc1106810
Event: 9.780 Thread 0x000001ddd693e270 flushing nmethod 0x000001ddc1108690
Event: 9.780 Thread 0x000001ddd693e270 flushing nmethod 0x000001ddc1108e10
Event: 9.780 Thread 0x000001ddd693e270 flushing nmethod 0x000001ddc110d590
Event: 9.780 Thread 0x000001ddd693e270 flushing nmethod 0x000001ddc1139210
Event: 9.780 Thread 0x000001ddd693e270 flushing nmethod 0x000001ddc1149510
Event: 9.780 Thread 0x000001ddd693e270 flushing nmethod 0x000001ddc11a6390
Event: 9.780 Thread 0x000001ddd693e270 flushing nmethod 0x000001ddc11c3890
Event: 9.780 Thread 0x000001ddd693e270 flushing nmethod 0x000001ddc11d0a10
Event: 9.781 Thread 0x000001ddd693e270 flushing nmethod 0x000001ddc120df10
Event: 9.781 Thread 0x000001ddd693e270 flushing nmethod 0x000001ddc121c990
Event: 11.234 Thread 0x000001ddd693e270 flushing nmethod 0x000001ddc0be2910
Event: 11.778 loading class java/util/Vector$Itr
Event: 11.779 loading class java/util/Vector$Itr done


Dynamic libraries:
0x00007ff771220000 - 0x00007ff77122a000 	C:\Program Files\Android\Android Studio\jbr\bin\java.exe
0x00007ffa50530000 - 0x00007ffa50728000 	C:\Windows\SYSTEM32\ntdll.dll
0x00007ffa4fef0000 - 0x00007ffa4ffad000 	C:\Windows\System32\KERNEL32.DLL
0x00007ffa4de40000 - 0x00007ffa4e10e000 	C:\Windows\System32\KERNELBASE.dll
0x00007ffa4dca0000 - 0x00007ffa4dda0000 	C:\Windows\System32\ucrtbase.dll
0x00007ffa3ad20000 - 0x00007ffa3ad3b000 	C:\Program Files\Android\Android Studio\jbr\bin\VCRUNTIME140.dll
0x00007ffa2ca70000 - 0x00007ffa2ca87000 	C:\Program Files\Android\Android Studio\jbr\bin\jli.dll
0x00007ffa4f600000 - 0x00007ffa4f7a0000 	C:\Windows\System32\USER32.dll
0x00007ffa4dda0000 - 0x00007ffa4ddc2000 	C:\Windows\System32\win32u.dll
0x00007ffa3bbd0000 - 0x00007ffa3be6a000 	C:\Windows\WinSxS\amd64_microsoft.windows.common-controls_6595b64144ccf1df_6.0.19041.1110_none_60b5254171f9507e\COMCTL32.dll
0x00007ffa504b0000 - 0x00007ffa504da000 	C:\Windows\System32\GDI32.dll
0x00007ffa4efe0000 - 0x00007ffa4f07e000 	C:\Windows\System32\msvcrt.dll
0x00007ffa4e2f0000 - 0x00007ffa4e3fb000 	C:\Windows\System32\gdi32full.dll
0x00007ffa4e250000 - 0x00007ffa4e2ed000 	C:\Windows\System32\msvcp_win.dll
0x00007ffa50480000 - 0x00007ffa504b0000 	C:\Windows\System32\IMM32.DLL
0x00007ffa43770000 - 0x00007ffa4377c000 	C:\Program Files\Android\Android Studio\jbr\bin\vcruntime140_1.dll
0x00007ffa2c9e0000 - 0x00007ffa2ca6d000 	C:\Program Files\Android\Android Studio\jbr\bin\msvcp140.dll
0x00007ffa1fa90000 - 0x00007ffa206fd000 	C:\Program Files\Android\Android Studio\jbr\bin\server\jvm.dll
0x00007ffa4e7b0000 - 0x00007ffa4e85e000 	C:\Windows\System32\ADVAPI32.dll
0x00007ffa4eec0000 - 0x00007ffa4ef5c000 	C:\Windows\System32\sechost.dll
0x00007ffa4ed90000 - 0x00007ffa4eeb5000 	C:\Windows\System32\RPCRT4.dll
0x00007ffa40500000 - 0x00007ffa40509000 	C:\Windows\SYSTEM32\WSOCK32.dll
0x00007ffa44d20000 - 0x00007ffa44d47000 	C:\Windows\SYSTEM32\WINMM.dll
0x00007ffa4f590000 - 0x00007ffa4f5fb000 	C:\Windows\System32\WS2_32.dll
0x00007ffa425b0000 - 0x00007ffa425ba000 	C:\Windows\SYSTEM32\VERSION.dll
0x00007ffa4bb50000 - 0x00007ffa4bb62000 	C:\Windows\SYSTEM32\kernel.appcore.dll
0x00007ffa39120000 - 0x00007ffa3912a000 	C:\Program Files\Android\Android Studio\jbr\bin\jimage.dll
0x00007ffa47200000 - 0x00007ffa473e4000 	C:\Windows\SYSTEM32\DBGHELP.DLL
0x00007ffa471a0000 - 0x00007ffa471cc000 	C:\Windows\SYSTEM32\dbgcore.DLL
0x00007ffa4e1c0000 - 0x00007ffa4e242000 	C:\Windows\System32\bcryptPrimitives.dll
0x00007ffa2dca0000 - 0x00007ffa2dcc5000 	C:\Program Files\Android\Android Studio\jbr\bin\java.dll
0x00007ffa33e20000 - 0x00007ffa33e38000 	C:\Program Files\Android\Android Studio\jbr\bin\zip.dll
0x00007ffa4f7a0000 - 0x00007ffa4fee4000 	C:\Windows\System32\SHELL32.dll
0x00007ffa4bd50000 - 0x00007ffa4c4e4000 	C:\Windows\SYSTEM32\windows.storage.dll
0x00007ffa4e980000 - 0x00007ffa4ecd4000 	C:\Windows\System32\combase.dll
0x00007ffa4d6b0000 - 0x00007ffa4d6e0000 	C:\Windows\SYSTEM32\Wldp.dll
0x00007ffa4e8c0000 - 0x00007ffa4e96d000 	C:\Windows\System32\SHCORE.dll
0x00007ffa50420000 - 0x00007ffa50475000 	C:\Windows\System32\shlwapi.dll
0x00007ffa4db90000 - 0x00007ffa4dbaf000 	C:\Windows\SYSTEM32\profapi.dll
0x00007ffa37db0000 - 0x00007ffa37dc9000 	C:\Program Files\Android\Android Studio\jbr\bin\net.dll
0x00007ffa426f0000 - 0x00007ffa427fa000 	C:\Windows\SYSTEM32\WINHTTP.dll
0x00007ffa4d410000 - 0x00007ffa4d47a000 	C:\Windows\system32\mswsock.dll
0x00007ffa34440000 - 0x00007ffa34456000 	C:\Program Files\Android\Android Studio\jbr\bin\nio.dll
0x00007ffa330b0000 - 0x00007ffa330c0000 	C:\Program Files\Android\Android Studio\jbr\bin\verify.dll

dbghelp: loaded successfully - version: 4.0.5 - missing functions: none
symbol engine: initialized successfully - sym options: 0x614 - pdb path: .;C:\Program Files\Android\Android Studio\jbr\bin;C:\Windows\SYSTEM32;C:\Windows\WinSxS\amd64_microsoft.windows.common-controls_6595b64144ccf1df_6.0.19041.1110_none_60b5254171f9507e;C:\Program Files\Android\Android Studio\jbr\bin\server

VM Arguments:
java_command: org.jetbrains.kotlin.cli.jvm.K2JVMCompiler @C:\Users\markt\AndroidStudioProjects\WinrateCalculator\app\build\20230807_18048757662810073454.compiler.options
java_class_path (initial): C:\Users\markt\.gradle\caches\modules-2\files-2.1\org.jetbrains.kotlin\kotlin-compiler-embeddable\1.8.20\78d9baa57f65babf9e0a93e51f62f26f5f35ac3e\kotlin-compiler-embeddable-1.8.20.jar;C:\Users\markt\.gradle\caches\modules-2\files-2.1\org.jetbrains.kotlin\kotlin-stdlib\1.8.20\e72fc5e03ec6c064c678a6bd0d955c88d55b0c4a\kotlin-stdlib-1.8.20.jar;C:\Users\markt\.gradle\caches\modules-2\files-2.1\org.jetbrains.kotlin\kotlin-script-runtime\1.8.20\c850771e723701f9d63dbcf641429c0f29290074\kotlin-script-runtime-1.8.20.jar;C:\Users\markt\.gradle\caches\modules-2\files-2.1\org.jetbrains.kotlin\kotlin-reflect\1.6.10\1cbe9c92c12a94eea200d23c2bbaedaf3daf5132\kotlin-reflect-1.6.10.jar;C:\Users\markt\.gradle\caches\modules-2\files-2.1\org.jetbrains.kotlin\kotlin-daemon-embeddable\1.8.20\c1b808fbe5fee60bd0504a54778120ef40f383d4\kotlin-daemon-embeddable-1.8.20.jar;C:\Users\markt\.gradle\caches\modules-2\files-2.1\org.jetbrains.intellij.deps\trove4j\1.0.20200330\3afb14d5f9ceb459d724e907a21145e8ff394f02\trove4j-1.0.20200330.jar;C:\Users\markt\.gradle\caches\modules-2\files-2.1\net.java.dev.jna\jna\5.6.0\330f2244e9030119ab3030fc3fededc86713d9cc\jna-5.6.0.jar;C:\Users\markt\.gradle\caches\modules-2\files-2.1\org.jetbrains.kotlin\kotlin-stdlib-common\1.8.20\5eddaaf234c8c49d03eebeb6a14feb7f90faca71\kotlin-stdlib-common-1.8.20.jar;C:\Users\markt\.gradle\caches\modules-2\files-2.1\org.jetbrains\annotations\13.0\919f0dfe192fb4e063e7dacadee7f8bb9a2672a9\annotations-13.0.jar
Launcher Type: SUN_STANDARD

[Global flags]
     intx CICompilerCount                          = 3                                         {product} {ergonomic}
     uint ConcGCThreads                            = 1                                         {product} {ergonomic}
     uint G1ConcRefinementThreads                  = 4                                         {product} {ergonomic}
   size_t G1HeapRegionSize                         = 1048576                                   {product} {ergonomic}
    uintx GCDrainStackTargetSize                   = 64                                        {product} {ergonomic}
   size_t InitialHeapSize                          = 134217728                                 {product} {ergonomic}
   size_t MarkStackSize                            = 4194304                                   {product} {ergonomic}
   size_t MaxHeapSize                              = 2126512128                                {product} {ergonomic}
   size_t MaxNewSize                               = 1275068416                                {product} {ergonomic}
   size_t MinHeapDeltaBytes                        = 1048576                                   {product} {ergonomic}
   size_t MinHeapSize                              = 8388608                                   {product} {ergonomic}
    uintx NonNMethodCodeHeapSize                   = 5832780                                {pd product} {ergonomic}
    uintx NonProfiledCodeHeapSize                  = 122912730                              {pd product} {ergonomic}
    uintx ProfiledCodeHeapSize                     = 122912730                              {pd product} {ergonomic}
    uintx ReservedCodeCacheSize                    = 251658240                              {pd product} {ergonomic}
     bool SegmentedCodeCache                       = true                                      {product} {ergonomic}
   size_t SoftMaxHeapSize                          = 2126512128                             {manageable} {ergonomic}
     bool UseCompressedClassPointers               = true                           {product lp64_product} {ergonomic}
     bool UseCompressedOops                        = true                           {product lp64_product} {ergonomic}
     bool UseG1GC                                  = true                                      {product} {ergonomic}
     bool UseLargePagesIndividualAllocation        = false                                  {pd product} {ergonomic}

Logging:
Log output configuration:
 #0: stdout all=warning uptime,level,tags
 #1: stderr all=off uptime,level,tags

Environment Variables:
JAVA_HOME=C:\Program Files\Java\jdk-20\bin
PATH=C:\Users\markt\AppData\Local\Programs\Microsoft VS Code\bin;C:\Users\markt\AppData\Local\Programs\Python\Python311\;C:\Users\markt\AppData\Local\Programs\Python\Python311\Scripts\;C:\Program Files\nodejs;C:\Users\markt\AppData\Local\Programs\Python\Python311\Scripts\;C:\Users\markt\AppData\Local\Programs\Python\Python311\;C:\Users\markt\AppData\Local\Programs\Microsoft VS Code\bin;C:\Program Files\heroku\bin;C:\Program Files\nodejs;C:\Users\markt\AppData\Roaming\npm;
USERNAME=Tristan
OS=Windows_NT
PROCESSOR_IDENTIFIER=Intel64 Family 6 Model 60 Stepping 3, GenuineIntel
TMP=C:\Users\markt\AppData\Local\Temp
TEMP=C:\Users\markt\AppData\Local\Temp



---------------  S Y S T E M  ---------------

OS:
 Windows 10 , 64 bit Build 19041 (10.0.19041.1806)
OS uptime: 0 days 3:57 hours

CPU: total 4 (initial active 4) (2 cores per cpu, 2 threads per core) family 6 model 60 stepping 3 microcode 0x27, cx8, cmov, fxsr, ht, mmx, sse, sse2, sse3, ssse3, sse4.1, sse4.2, popcnt, lzcnt, tsc, tscinvbit, avx, avx2, aes, erms, clmul, bmi1, bmi2, fma, vzeroupper, clflush

Memory: 4k page, system-wide physical 8104M (1118M free)
TotalPageFile size 10152M (AvailPageFile size 58M)
current process WorkingSet (physical memory assigned to process): 347M, peak: 348M
current process commit charge ("private bytes"): 380M, peak: 534M

vm_info: OpenJDK 64-Bit Server VM (17.0.6+0-b2043.56-9586694) for windows-amd64 JRE (17.0.6+0-b2043.56-9586694), built on Feb  9 2023 20:06:20 by "androidbuild" with MS VC++ 16.10 / 16.11 (VS2019)

END.
