#
# There is insufficient memory for the Java Runtime Environment to continue.
# Native memory allocation (mmap) failed to map 95420416 bytes for G1 virtual space
# Possible reasons:
#   The system is out of physical RAM or swap space
#   The process is running with CompressedOops enabled, and the Java Heap may be blocking the growth of the native heap
# Possible solutions:
#   Reduce memory load on the system
#   Increase physical memory or swap space
#   Check if swap backing store is full
#   Decrease Java heap size (-Xmx/-Xms)
#   Decrease number of Java threads
#   Decrease Java thread stack sizes (-Xss)
#   Set larger code cache with -XX:ReservedCodeCacheSize=
#   JVM is running with Unscaled Compressed Oops mode in which the Java heap is
#     placed in the first 4GB address space. The Java Heap base address is the
#     maximum limit for the native heap growth. Please use -XX:HeapBaseMinAddress
#     to set the Java Heap base and to place the Java Heap above 4GB virtual address.
# This output file may be truncated or incomplete.
#
#  Out of Memory Error (os_windows.cpp:3769), pid=7120, tid=8072
#
# JRE version: OpenJDK Runtime Environment (17.0.6) (build 17.0.6+0-b2043.56-9586694)
# Java VM: OpenJDK 64-Bit Server VM (17.0.6+0-b2043.56-9586694, mixed mode, tiered, compressed oops, compressed class ptrs, g1 gc, windows-amd64)
# No core dump will be written. Minidumps are not enabled by default on client versions of Windows
#

---------------  S U M M A R Y ------------

Command Line: --add-opens=java.base/java.util=ALL-UNNAMED --add-opens=java.base/java.lang=ALL-UNNAMED --add-opens=java.base/java.lang.invoke=ALL-UNNAMED --add-opens=java.prefs/java.util.prefs=ALL-UNNAMED --add-opens=java.base/java.nio.charset=ALL-UNNAMED --add-opens=java.base/java.net=ALL-UNNAMED --add-opens=java.base/java.util.concurrent.atomic=ALL-UNNAMED -Xmx2048m -Dfile.encoding=UTF-8 -Duser.country=US -Duser.language=en -Duser.variant org.gradle.launcher.daemon.bootstrap.GradleDaemon 8.0

Host: Intel(R) Core(TM) i5-4200M CPU @ 2.50GHz, 4 cores, 7G,  Windows 10 , 64 bit Build 19041 (10.0.19041.1806)
Time: Mon Aug  7 18:29:42 2023 Malay Peninsula Standard Time elapsed time: 1167.681372 seconds (0d 0h 19m 27s)

---------------  T H R E A D  ---------------

Current thread (0x00000203cf84f630):  VMThread "VM Thread" [stack: 0x0000009345400000,0x0000009345500000] [id=8072]

Stack: [0x0000009345400000,0x0000009345500000]
Native frames: (J=compiled Java code, j=interpreted, Vv=VM code, C=native code)
V  [jvm.dll+0x683b4a]
V  [jvm.dll+0x842654]
V  [jvm.dll+0x843dfe]
V  [jvm.dll+0x844463]
V  [jvm.dll+0x249b75]
V  [jvm.dll+0x680a19]
V  [jvm.dll+0x674f0a]
V  [jvm.dll+0x309acb]
V  [jvm.dll+0x310f86]
V  [jvm.dll+0x3608ee]
V  [jvm.dll+0x360b1f]
V  [jvm.dll+0x2dfbf8]
V  [jvm.dll+0x2e2ce6]
V  [jvm.dll+0x2ed478]
V  [jvm.dll+0x322150]
V  [jvm.dll+0x84893b]
V  [jvm.dll+0x849674]
V  [jvm.dll+0x849b8d]
V  [jvm.dll+0x849f64]
V  [jvm.dll+0x84a030]
V  [jvm.dll+0x7f25fa]
V  [jvm.dll+0x682985]
C  [ucrtbase.dll+0x21bb2]
C  [KERNEL32.DLL+0x17034]
C  [ntdll.dll+0x52651]

VM_Operation (0x00000093450ff620): G1Concurrent, mode: safepoint, requested by thread 0x00000203b62f8760


---------------  P R O C E S S  ---------------

Threads class SMR info:
_java_thread_list=0x00000203d9c72f00, length=86, elements={
0x00000203b6288a70, 0x00000203cf873250, 0x00000203cf876630, 0x00000203cf860e70,
0x00000203cf882390, 0x00000203cf883a00, 0x00000203cf884a60, 0x00000203d041d910,
0x00000203d04209c0, 0x00000203d042a230, 0x00000203d059d030, 0x00000203d05a9950,
0x00000203d33095e0, 0x00000203d1819780, 0x00000203d2c1f8b0, 0x00000203d347ca30,
0x00000203d347bbc0, 0x00000203d3479070, 0x00000203d3479540, 0x00000203d3479ee0,
0x00000203d35ae0f0, 0x00000203d35b1110, 0x00000203d35b15e0, 0x00000203d35aac00,
0x00000203d35b1ab0, 0x00000203d35aa730, 0x00000203d142abb0, 0x00000203d142dbd0,
0x00000203d1429870, 0x00000203d347c090, 0x00000203d2f05230, 0x00000203d2f03ef0,
0x00000203d142b550, 0x00000203d1428ed0, 0x00000203d142e0a0, 0x00000203d142e570,
0x00000203d142ba20, 0x00000203d14293a0, 0x00000203d142bef0, 0x00000203d142d700,
0x00000203d142a210, 0x00000203d142ea40, 0x00000203d142ef10, 0x00000203d7e5c0f0,
0x00000203d7e5e770, 0x00000203d7e60450, 0x00000203d7e60df0, 0x00000203d7e5e2a0,
0x00000203d7e5fab0, 0x00000203d7e5ff80, 0x00000203d7e595a0, 0x00000203d7e5a410,
0x00000203d7e59a70, 0x00000203d7e59f40, 0x00000203d7e5a8e0, 0x00000203d7e5adb0,
0x00000203d7e5ec40, 0x00000203d7e5b280, 0x00000203d7e5bc20, 0x00000203d7e5c5c0,
0x00000203d7e5cf60, 0x00000203d7e5d430, 0x00000203d7e5d900, 0x00000203d7e5f110,
0x00000203d2f04890, 0x00000203d2f02bb0, 0x00000203d2f02210, 0x00000203d2f078b0,
0x00000203d2f00a00, 0x00000203d2f073e0, 0x00000203d2f00060, 0x00000203d2f04d60,
0x00000203d2f00ed0, 0x00000203d2f043c0, 0x00000203d2f013a0, 0x00000203d2f05bd0,
0x00000203d2f06a40, 0x00000203d2f01870, 0x00000203d2f01d40, 0x00000203d2f026e0,
0x00000203d2f03080, 0x00000203d2f03a20, 0x00000203d2f060a0, 0x00000203d2f06570,
0x00000203d35aea90, 0x00000203d4bd5840
}

Java Threads: ( => current thread )
  0x00000203b6288a70 JavaThread "main" [_thread_blocked, id=8408, stack(0x0000009344e00000,0x0000009344f00000)]
  0x00000203cf873250 JavaThread "Reference Handler" daemon [_thread_blocked, id=9100, stack(0x0000009345500000,0x0000009345600000)]
  0x00000203cf876630 JavaThread "Finalizer" daemon [_thread_blocked, id=10104, stack(0x0000009345600000,0x0000009345700000)]
  0x00000203cf860e70 JavaThread "Signal Dispatcher" daemon [_thread_blocked, id=1440, stack(0x0000009345700000,0x0000009345800000)]
  0x00000203cf882390 JavaThread "Attach Listener" daemon [_thread_blocked, id=8592, stack(0x0000009345800000,0x0000009345900000)]
  0x00000203cf883a00 JavaThread "Service Thread" daemon [_thread_blocked, id=2224, stack(0x0000009345900000,0x0000009345a00000)]
  0x00000203cf884a60 JavaThread "Monitor Deflation Thread" daemon [_thread_blocked, id=9952, stack(0x0000009345a00000,0x0000009345b00000)]
  0x00000203d041d910 JavaThread "C2 CompilerThread0" daemon [_thread_blocked, id=8732, stack(0x0000009345b00000,0x0000009345c00000)]
  0x00000203d04209c0 JavaThread "C1 CompilerThread0" daemon [_thread_blocked, id=9940, stack(0x0000009345c00000,0x0000009345d00000)]
  0x00000203d042a230 JavaThread "Sweeper thread" daemon [_thread_blocked, id=2676, stack(0x0000009345d00000,0x0000009345e00000)]
  0x00000203d059d030 JavaThread "Common-Cleaner" daemon [_thread_blocked, id=9844, stack(0x0000009345e00000,0x0000009345f00000)]
  0x00000203d05a9950 JavaThread "Notification Thread" daemon [_thread_blocked, id=7028, stack(0x0000009345f00000,0x0000009346000000)]
  0x00000203d33095e0 JavaThread "Daemon health stats" [_thread_blocked, id=556, stack(0x0000009346500000,0x0000009346600000)]
  0x00000203d1819780 JavaThread "Incoming local TCP Connector on port 54445" [_thread_in_native, id=8980, stack(0x0000009346100000,0x0000009346200000)]
  0x00000203d2c1f8b0 JavaThread "Daemon periodic checks" [_thread_blocked, id=7108, stack(0x0000009346600000,0x0000009346700000)]
  0x00000203d347ca30 JavaThread "Cache worker for journal cache (C:\Users\markt\.gradle\caches\journal-1)" [_thread_blocked, id=8796, stack(0x0000009346700000,0x0000009346800000)]
  0x00000203d347bbc0 JavaThread "File lock request listener" [_thread_in_native, id=244, stack(0x0000009346f00000,0x0000009347000000)]
  0x00000203d3479070 JavaThread "Cache worker for file hash cache (C:\Users\markt\.gradle\caches\8.0\fileHashes)" [_thread_blocked, id=7684, stack(0x0000009347000000,0x0000009347100000)]
  0x00000203d3479540 JavaThread "File watcher server" daemon [_thread_blocked, id=8596, stack(0x0000009347100000,0x0000009347200000)]
  0x00000203d3479ee0 JavaThread "File watcher consumer" daemon [_thread_blocked, id=5148, stack(0x0000009347200000,0x0000009347300000)]
  0x00000203d35ae0f0 JavaThread "Cache worker for file content cache (C:\Users\markt\.gradle\caches\8.0\fileContent)" [_thread_blocked, id=7804, stack(0x0000009347500000,0x0000009347600000)]
  0x00000203d35b1110 JavaThread "Cache worker for execution history cache (C:\Users\markt\.gradle\caches\8.0\executionHistory)" [_thread_blocked, id=3108, stack(0x0000009347800000,0x0000009347900000)]
  0x00000203d35b15e0 JavaThread "jar transforms" [_thread_blocked, id=3796, stack(0x0000009347900000,0x0000009347a00000)]
  0x00000203d35aac00 JavaThread "jar transforms Thread 2" [_thread_blocked, id=9656, stack(0x0000009347a00000,0x0000009347b00000)]
  0x00000203d35b1ab0 JavaThread "jar transforms Thread 3" [_thread_blocked, id=4700, stack(0x0000009347b00000,0x0000009347c00000)]
  0x00000203d35aa730 JavaThread "jar transforms Thread 4" [_thread_blocked, id=8552, stack(0x0000009347e00000,0x0000009347f00000)]
  0x00000203d142abb0 JavaThread "Memory manager" [_thread_blocked, id=7112, stack(0x000000934aa00000,0x000000934ab00000)]
  0x00000203d142dbd0 JavaThread "RMI Scheduler(0)" daemon [_thread_blocked, id=3160, stack(0x000000934ae00000,0x000000934af00000)]
  0x00000203d1429870 JavaThread "RMI GC Daemon" daemon [_thread_blocked, id=4736, stack(0x000000934b000000,0x000000934b100000)]
  0x00000203d347c090 JavaThread "RMI TCP Accept-0" daemon [_thread_in_native, id=368, stack(0x000000934b100000,0x000000934b200000)]
  0x00000203d2f05230 JavaThread "RMI Reaper" [_thread_blocked, id=5172, stack(0x000000934b200000,0x000000934b300000)]
  0x00000203d2f03ef0 JavaThread "Cache worker for Java compile cache (C:\Users\markt\.gradle\caches\8.0\javaCompile)" [_thread_blocked, id=9544, stack(0x0000009344b00000,0x0000009344c00000)]
  0x00000203d142b550 JavaThread "Daemon Thread 4" [_thread_blocked, id=7828, stack(0x0000009344c00000,0x0000009344d00000)]
  0x00000203d1428ed0 JavaThread "Handler for socket connection from /127.0.0.1:54445 to /127.0.0.1:55217" [_thread_in_native, id=2152, stack(0x0000009344d00000,0x0000009344e00000)]
  0x00000203d142e0a0 JavaThread "Cancel handler" [_thread_blocked, id=10072, stack(0x0000009346800000,0x0000009346900000)]
  0x00000203d142e570 JavaThread "Daemon worker Thread 4" [_thread_blocked, id=8568, stack(0x0000009346900000,0x0000009346a00000)]
  0x00000203d142ba20 JavaThread "Asynchronous log dispatcher for DefaultDaemonConnection: socket connection from /127.0.0.1:54445 to /127.0.0.1:55217" [_thread_blocked, id=9832, stack(0x0000009346a00000,0x0000009346b00000)]
  0x00000203d14293a0 JavaThread "Stdin handler" [_thread_blocked, id=8776, stack(0x0000009346b00000,0x0000009346c00000)]
  0x00000203d142bef0 JavaThread "Daemon client event forwarder" [_thread_blocked, id=8348, stack(0x0000009346c00000,0x0000009346d00000)]
  0x00000203d142d700 JavaThread "Cache worker for checksums cache (C:\Users\markt\AndroidStudioProjects\WinrateCalculator\.gradle\8.0\checksums)" [_thread_blocked, id=1444, stack(0x0000009346d00000,0x0000009346e00000)]
  0x00000203d142a210 JavaThread "Cache worker for cache directory md-rule (C:\Users\markt\.gradle\caches\8.0\md-rule)" [_thread_blocked, id=6784, stack(0x0000009346e00000,0x0000009346f00000)]
  0x00000203d142ea40 JavaThread "Cache worker for file hash cache (C:\Users\markt\AndroidStudioProjects\WinrateCalculator\.gradle\8.0\fileHashes)" [_thread_blocked, id=9528, stack(0x0000009347300000,0x0000009347400000)]
  0x00000203d142ef10 JavaThread "Cache worker for cache directory md-supplier (C:\Users\markt\.gradle\caches\8.0\md-supplier)" [_thread_blocked, id=6780, stack(0x0000009347400000,0x0000009347500000)]
  0x00000203d7e5c0f0 JavaThread "Cache worker for dependencies-accessors (C:\Users\markt\AndroidStudioProjects\WinrateCalculator\.gradle\8.0\dependencies-accessors)" [_thread_blocked, id=2432, stack(0x0000009347600000,0x0000009347700000)]
  0x00000203d7e5e770 JavaThread "Cache worker for Build Output Cleanup Cache (C:\Users\markt\AndroidStudioProjects\WinrateCalculator\.gradle\buildOutputCleanup)" [_thread_blocked, id=2864, stack(0x0000009347700000,0x0000009347800000)]
  0x00000203d7e60450 JavaThread "Unconstrained build operations" [_thread_blocked, id=5772, stack(0x0000009347f00000,0x0000009348000000)]
  0x00000203d7e60df0 JavaThread "Unconstrained build operations Thread 2" [_thread_blocked, id=9340, stack(0x0000009348000000,0x0000009348100000)]
  0x00000203d7e5e2a0 JavaThread "Unconstrained build operations Thread 3" [_thread_blocked, id=3120, stack(0x0000009348100000,0x0000009348200000)]
  0x00000203d7e5fab0 JavaThread "Unconstrained build operations Thread 4" [_thread_blocked, id=1172, stack(0x0000009348200000,0x0000009348300000)]
  0x00000203d7e5ff80 JavaThread "Unconstrained build operations Thread 5" [_thread_blocked, id=5468, stack(0x0000009348300000,0x0000009348400000)]
  0x00000203d7e595a0 JavaThread "Unconstrained build operations Thread 6" [_thread_blocked, id=6296, stack(0x0000009348400000,0x0000009348500000)]
  0x00000203d7e5a410 JavaThread "Unconstrained build operations Thread 7" [_thread_blocked, id=9424, stack(0x0000009348500000,0x0000009348600000)]
  0x00000203d7e59a70 JavaThread "Unconstrained build operations Thread 8" [_thread_blocked, id=5620, stack(0x0000009348600000,0x0000009348700000)]
  0x00000203d7e59f40 JavaThread "Unconstrained build operations Thread 9" [_thread_blocked, id=7016, stack(0x0000009348700000,0x0000009348800000)]
  0x00000203d7e5a8e0 JavaThread "Unconstrained build operations Thread 10" [_thread_blocked, id=3368, stack(0x0000009348800000,0x0000009348900000)]
  0x00000203d7e5adb0 JavaThread "Unconstrained build operations Thread 11" [_thread_blocked, id=10052, stack(0x0000009348900000,0x0000009348a00000)]
  0x00000203d7e5ec40 JavaThread "Unconstrained build operations Thread 12" [_thread_blocked, id=7208, stack(0x0000009348a00000,0x0000009348b00000)]
  0x00000203d7e5b280 JavaThread "Unconstrained build operations Thread 13" [_thread_blocked, id=908, stack(0x0000009348b00000,0x0000009348c00000)]
  0x00000203d7e5bc20 JavaThread "Unconstrained build operations Thread 14" [_thread_blocked, id=9696, stack(0x0000009348c00000,0x0000009348d00000)]
  0x00000203d7e5c5c0 JavaThread "Unconstrained build operations Thread 15" [_thread_blocked, id=6596, stack(0x0000009348d00000,0x0000009348e00000)]
  0x00000203d7e5cf60 JavaThread "Unconstrained build operations Thread 16" [_thread_blocked, id=5952, stack(0x0000009348e00000,0x0000009348f00000)]
  0x00000203d7e5d430 JavaThread "Unconstrained build operations Thread 17" [_thread_blocked, id=6032, stack(0x0000009348f00000,0x0000009349000000)]
  0x00000203d7e5d900 JavaThread "Unconstrained build operations Thread 18" [_thread_blocked, id=9720, stack(0x0000009349000000,0x0000009349100000)]
  0x00000203d7e5f110 JavaThread "Unconstrained build operations Thread 19" [_thread_blocked, id=8028, stack(0x0000009349100000,0x0000009349200000)]
  0x00000203d2f04890 JavaThread "Unconstrained build operations Thread 20" [_thread_blocked, id=2616, stack(0x0000009349200000,0x0000009349300000)]
  0x00000203d2f02bb0 JavaThread "Unconstrained build operations Thread 21" [_thread_blocked, id=8964, stack(0x0000009349300000,0x0000009349400000)]
  0x00000203d2f02210 JavaThread "Unconstrained build operations Thread 22" [_thread_blocked, id=7460, stack(0x0000009349400000,0x0000009349500000)]
  0x00000203d2f078b0 JavaThread "Unconstrained build operations Thread 23" [_thread_blocked, id=7692, stack(0x0000009349500000,0x0000009349600000)]
  0x00000203d2f00a00 JavaThread "Unconstrained build operations Thread 24" [_thread_blocked, id=2560, stack(0x0000009349600000,0x0000009349700000)]
  0x00000203d2f073e0 JavaThread "Unconstrained build operations Thread 25" [_thread_blocked, id=5196, stack(0x0000009349700000,0x0000009349800000)]
  0x00000203d2f00060 JavaThread "Unconstrained build operations Thread 26" [_thread_blocked, id=7004, stack(0x0000009349800000,0x0000009349900000)]
  0x00000203d2f04d60 JavaThread "Unconstrained build operations Thread 27" [_thread_blocked, id=9044, stack(0x0000009349900000,0x0000009349a00000)]
  0x00000203d2f00ed0 JavaThread "Unconstrained build operations Thread 28" [_thread_blocked, id=6856, stack(0x0000009349a00000,0x0000009349b00000)]
  0x00000203d2f043c0 JavaThread "Unconstrained build operations Thread 29" [_thread_blocked, id=224, stack(0x0000009349b00000,0x0000009349c00000)]
  0x00000203d2f013a0 JavaThread "Unconstrained build operations Thread 30" [_thread_blocked, id=344, stack(0x0000009349c00000,0x0000009349d00000)]
  0x00000203d2f05bd0 JavaThread "Unconstrained build operations Thread 31" [_thread_blocked, id=6604, stack(0x0000009349d00000,0x0000009349e00000)]
  0x00000203d2f06a40 JavaThread "Unconstrained build operations Thread 32" [_thread_blocked, id=9728, stack(0x0000009349e00000,0x0000009349f00000)]
  0x00000203d2f01870 JavaThread "Unconstrained build operations Thread 33" [_thread_blocked, id=9944, stack(0x0000009349f00000,0x000000934a000000)]
  0x00000203d2f01d40 JavaThread "Unconstrained build operations Thread 34" [_thread_blocked, id=6552, stack(0x000000934a000000,0x000000934a100000)]
  0x00000203d2f026e0 JavaThread "Unconstrained build operations Thread 35" [_thread_blocked, id=2556, stack(0x000000934a100000,0x000000934a200000)]
  0x00000203d2f03080 JavaThread "Unconstrained build operations Thread 36" [_thread_blocked, id=2992, stack(0x000000934a200000,0x000000934a300000)]
  0x00000203d2f03a20 JavaThread "Unconstrained build operations Thread 37" [_thread_blocked, id=8364, stack(0x000000934a300000,0x000000934a400000)]
  0x00000203d2f060a0 JavaThread "Unconstrained build operations Thread 38" [_thread_blocked, id=5724, stack(0x000000934a400000,0x000000934a500000)]
  0x00000203d2f06570 JavaThread "Unconstrained build operations Thread 39" [_thread_blocked, id=7752, stack(0x000000934a500000,0x000000934a600000)]
  0x00000203d35aea90 JavaThread "Unconstrained build operations Thread 40" [_thread_blocked, id=4192, stack(0x000000934a600000,0x000000934a700000)]
  0x00000203d4bd5840 JavaThread "C2 CompilerThread1" daemon [_thread_blocked, id=6952, stack(0x0000009347d00000,0x0000009347e00000)]

Other Threads:
=>0x00000203cf84f630 VMThread "VM Thread" [stack: 0x0000009345400000,0x0000009345500000] [id=8072]
  0x00000203cf7d8820 WatcherThread [stack: 0x0000009346000000,0x0000009346100000] [id=9956]
  0x00000203b62e7910 GCTaskThread "GC Thread#0" [stack: 0x0000009344f00000,0x0000009345000000] [id=9456]
  0x00000203d077a420 GCTaskThread "GC Thread#1" [stack: 0x0000009346200000,0x0000009346300000] [id=3000]
  0x00000203d0c5d300 GCTaskThread "GC Thread#2" [stack: 0x0000009346300000,0x0000009346400000] [id=2420]
  0x00000203d0ffeaa0 GCTaskThread "GC Thread#3" [stack: 0x0000009346400000,0x0000009346500000] [id=5760]
  0x00000203b62f8760 ConcurrentGCThread "G1 Main Marker" [stack: 0x0000009345000000,0x0000009345100000] [id=10128]
  0x00000203b62f9820 ConcurrentGCThread "G1 Conc#0" [stack: 0x0000009345100000,0x0000009345200000] [id=6500]
  0x00000203b635d720 ConcurrentGCThread "G1 Refine#0" [stack: 0x0000009345200000,0x0000009345300000] [id=10100]
  0x00000203d0644ee0 ConcurrentGCThread "G1 Refine#1" [stack: 0x0000009347c00000,0x0000009347d00000] [id=2248]
  0x00000203b635e050 ConcurrentGCThread "G1 Service" [stack: 0x0000009345300000,0x0000009345400000] [id=6824]

Threads with active compile tasks:
C2 CompilerThread0  1167895 18130       4       groovyjarjarantlr4.v4.runtime.atn.PredictionContext::join (569 bytes)
C2 CompilerThread1  1167895 18175       4       groovyjarjarantlr4.v4.runtime.atn.ATNConfigSet::add (356 bytes)

VM state: at safepoint (normal execution)

VM Mutex/Monitor currently owned by a thread:  ([mutex/lock_event])
[0x00000203b6283e70] Threads_lock - owner thread: 0x00000203cf84f630
[0x00000203b62842f0] Heap_lock - owner thread: 0x00000203b62f8760

Heap address: 0x0000000080000000, size: 2048 MB, Compressed Oops mode: 32-bit

CDS archive(s) not mapped
Compressed class space mapped at: 0x0000000100000000-0x0000000140000000, reserved size: 1073741824
Narrow klass base: 0x0000000000000000, Narrow klass shift: 3, Narrow klass range: 0x140000000

GC Precious Log:
 CPUs: 4 total, 4 available
 Memory: 8104M
 Large Page Support: Disabled
 NUMA Support: Disabled
 Compressed Oops: Enabled (32-bit)
 Heap Region Size: 1M
 Heap Min Capacity: 8M
 Heap Initial Capacity: 128M
 Heap Max Capacity: 2G
 Pre-touch: Disabled
 Parallel Workers: 4
 Concurrent Workers: 1
 Concurrent Refinement Workers: 4
 Periodic GC: Disabled

Heap:
 garbage-first heap   total 254976K, used 206527K [0x0000000080000000, 0x0000000100000000)
  region size 1024K, 13 young (13312K), 2 survivors (2048K)
 Metaspace       used 126362K, committed 127424K, reserved 1163264K
  class space    used 17469K, committed 17984K, reserved 1048576K

Heap Regions: E=young(eden), S=young(survivor), O=old, HS=humongous(starts), HC=humongous(continues), CS=collection set, F=free, OA=open archive, CA=closed archive, TAMS=top-at-mark-start (previous, next)
|   0|0x0000000080000000, 0x0000000080100000, 0x0000000080100000|100%| O|  |TAMS 0x0000000080100000, 0x0000000080000000| Untracked 
|   1|0x0000000080100000, 0x0000000080200000, 0x0000000080200000|100%| O|  |TAMS 0x0000000080200000, 0x0000000080100000| Untracked 
|   2|0x0000000080200000, 0x0000000080300000, 0x0000000080300000|100%|HS|  |TAMS 0x0000000080300000, 0x0000000080200000| Complete 
|   3|0x0000000080300000, 0x0000000080400000, 0x0000000080400000|100%|HC|  |TAMS 0x0000000080400000, 0x0000000080300000| Complete 
|   4|0x0000000080400000, 0x0000000080500000, 0x0000000080500000|100%|HC|  |TAMS 0x0000000080500000, 0x0000000080400000| Complete 
|   5|0x0000000080500000, 0x0000000080600000, 0x0000000080600000|100%|HC|  |TAMS 0x0000000080600000, 0x0000000080500000| Complete 
|   6|0x0000000080600000, 0x0000000080700000, 0x0000000080700000|100%| O|  |TAMS 0x0000000080700000, 0x0000000080600000| Untracked 
|   7|0x0000000080700000, 0x0000000080800000, 0x0000000080800000|100%| O|  |TAMS 0x0000000080800000, 0x0000000080700000| Untracked 
|   8|0x0000000080800000, 0x0000000080900000, 0x0000000080900000|100%| O|  |TAMS 0x0000000080900000, 0x0000000080800000| Untracked 
|   9|0x0000000080900000, 0x0000000080a00000, 0x0000000080a00000|100%| O|  |TAMS 0x0000000080a00000, 0x0000000080900000| Updating 
|  10|0x0000000080a00000, 0x0000000080b00000, 0x0000000080b00000|100%| O|  |TAMS 0x0000000080b00000, 0x0000000080a00000| Untracked 
|  11|0x0000000080b00000, 0x0000000080c00000, 0x0000000080c00000|100%|HS|  |TAMS 0x0000000080c00000, 0x0000000080b00000| Complete 
|  12|0x0000000080c00000, 0x0000000080d00000, 0x0000000080d00000|100%| O|  |TAMS 0x0000000080d00000, 0x0000000080c00000| Updating 
|  13|0x0000000080d00000, 0x0000000080e00000, 0x0000000080e00000|100%| O|  |TAMS 0x0000000080e00000, 0x0000000080d00000| Untracked 
|  14|0x0000000080e00000, 0x0000000080f00000, 0x0000000080f00000|100%| O|  |TAMS 0x0000000080f00000, 0x0000000080e00000| Untracked 
|  15|0x0000000080f00000, 0x0000000081000000, 0x0000000081000000|100%| O|  |TAMS 0x0000000081000000, 0x0000000080f00000| Untracked 
|  16|0x0000000081000000, 0x0000000081100000, 0x0000000081100000|100%| O|  |TAMS 0x0000000081100000, 0x0000000081000000| Untracked 
|  17|0x0000000081100000, 0x0000000081200000, 0x0000000081200000|100%| O|  |TAMS 0x0000000081200000, 0x0000000081100000| Untracked 
|  18|0x0000000081200000, 0x0000000081300000, 0x0000000081300000|100%| O|  |TAMS 0x0000000081300000, 0x0000000081200000| Untracked 
|  19|0x0000000081300000, 0x0000000081400000, 0x0000000081400000|100%| O|  |TAMS 0x0000000081400000, 0x0000000081300000| Updating 
|  20|0x0000000081400000, 0x0000000081500000, 0x0000000081500000|100%| O|  |TAMS 0x0000000081500000, 0x0000000081400000| Updating 
|  21|0x0000000081500000, 0x0000000081600000, 0x0000000081600000|100%| O|  |TAMS 0x0000000081600000, 0x0000000081500000| Untracked 
|  22|0x0000000081600000, 0x0000000081700000, 0x0000000081700000|100%| O|  |TAMS 0x0000000081700000, 0x0000000081600000| Updating 
|  23|0x0000000081700000, 0x0000000081800000, 0x0000000081800000|100%| O|  |TAMS 0x0000000081800000, 0x0000000081700000| Untracked 
|  24|0x0000000081800000, 0x0000000081900000, 0x0000000081900000|100%| O|  |TAMS 0x0000000081900000, 0x0000000081800000| Untracked 
|  25|0x0000000081900000, 0x0000000081a00000, 0x0000000081a00000|100%| O|  |TAMS 0x0000000081a00000, 0x0000000081900000| Untracked 
|  26|0x0000000081a00000, 0x0000000081b00000, 0x0000000081b00000|100%| O|  |TAMS 0x0000000081b00000, 0x0000000081a00000| Untracked 
|  27|0x0000000081b00000, 0x0000000081c00000, 0x0000000081c00000|100%| O|  |TAMS 0x0000000081c00000, 0x0000000081b00000| Untracked 
|  28|0x0000000081c00000, 0x0000000081d00000, 0x0000000081d00000|100%| O|  |TAMS 0x0000000081d00000, 0x0000000081c00000| Untracked 
|  29|0x0000000081d00000, 0x0000000081e00000, 0x0000000081e00000|100%| O|  |TAMS 0x0000000081e00000, 0x0000000081d00000| Updating 
|  30|0x0000000081e00000, 0x0000000081f00000, 0x0000000081f00000|100%| O|  |TAMS 0x0000000081f00000, 0x0000000081e00000| Untracked 
|  31|0x0000000081f00000, 0x0000000082000000, 0x0000000082000000|100%| O|  |TAMS 0x0000000082000000, 0x0000000081f00000| Updating 
|  32|0x0000000082000000, 0x0000000082100000, 0x0000000082100000|100%| O|  |TAMS 0x0000000082100000, 0x0000000082000000| Updating 
|  33|0x0000000082100000, 0x0000000082200000, 0x0000000082200000|100%| O|  |TAMS 0x0000000082200000, 0x0000000082100000| Updating 
|  34|0x0000000082200000, 0x0000000082300000, 0x0000000082300000|100%|HS|  |TAMS 0x0000000082300000, 0x0000000082200000| Complete 
|  35|0x0000000082300000, 0x0000000082400000, 0x0000000082400000|100%| O|  |TAMS 0x0000000082400000, 0x0000000082300000| Updating 
|  36|0x0000000082400000, 0x0000000082500000, 0x0000000082500000|100%| O|  |TAMS 0x0000000082500000, 0x0000000082400000| Updating 
|  37|0x0000000082500000, 0x0000000082600000, 0x0000000082600000|100%|HS|  |TAMS 0x0000000082600000, 0x0000000082500000| Complete 
|  38|0x0000000082600000, 0x0000000082700000, 0x0000000082700000|100%|HS|  |TAMS 0x0000000082700000, 0x0000000082600000| Complete 
|  39|0x0000000082700000, 0x0000000082800000, 0x0000000082800000|100%|HC|  |TAMS 0x0000000082800000, 0x0000000082700000| Complete 
|  40|0x0000000082800000, 0x0000000082900000, 0x0000000082900000|100%|HS|  |TAMS 0x0000000082900000, 0x0000000082800000| Complete 
|  41|0x0000000082900000, 0x0000000082a00000, 0x0000000082a00000|100%| O|  |TAMS 0x0000000082a00000, 0x0000000082900000| Untracked 
|  42|0x0000000082a00000, 0x0000000082b00000, 0x0000000082b00000|100%|HS|  |TAMS 0x0000000082b00000, 0x0000000082a00000| Complete 
|  43|0x0000000082b00000, 0x0000000082c00000, 0x0000000082c00000|100%|HC|  |TAMS 0x0000000082c00000, 0x0000000082b00000| Complete 
|  44|0x0000000082c00000, 0x0000000082d00000, 0x0000000082d00000|100%|HC|  |TAMS 0x0000000082d00000, 0x0000000082c00000| Complete 
|  45|0x0000000082d00000, 0x0000000082e00000, 0x0000000082e00000|100%|HC|  |TAMS 0x0000000082e00000, 0x0000000082d00000| Complete 
|  46|0x0000000082e00000, 0x0000000082f00000, 0x0000000082f00000|100%| O|  |TAMS 0x0000000082f00000, 0x0000000082e00000| Untracked 
|  47|0x0000000082f00000, 0x0000000082f00000, 0x0000000083000000|  0%| F|  |TAMS 0x0000000082f00000, 0x0000000082f00000| Untracked 
|  48|0x0000000083000000, 0x0000000083100000, 0x0000000083100000|100%| O|  |TAMS 0x0000000083100000, 0x0000000083000000| Untracked 
|  49|0x0000000083100000, 0x0000000083200000, 0x0000000083200000|100%| O|  |TAMS 0x0000000083200000, 0x0000000083100000| Updating 
|  50|0x0000000083200000, 0x0000000083300000, 0x0000000083300000|100%| O|  |TAMS 0x0000000083300000, 0x0000000083200000| Untracked 
|  51|0x0000000083300000, 0x0000000083400000, 0x0000000083400000|100%| O|  |TAMS 0x0000000083400000, 0x0000000083300000| Untracked 
|  52|0x0000000083400000, 0x0000000083500000, 0x0000000083500000|100%| O|  |TAMS 0x0000000083500000, 0x0000000083400000| Untracked 
|  53|0x0000000083500000, 0x0000000083600000, 0x0000000083600000|100%| O|  |TAMS 0x0000000083600000, 0x0000000083500000| Untracked 
|  54|0x0000000083600000, 0x0000000083700000, 0x0000000083700000|100%| O|  |TAMS 0x0000000083700000, 0x0000000083600000| Untracked 
|  55|0x0000000083700000, 0x0000000083800000, 0x0000000083800000|100%| O|  |TAMS 0x0000000083800000, 0x0000000083700000| Untracked 
|  56|0x0000000083800000, 0x0000000083900000, 0x0000000083900000|100%| O|  |TAMS 0x0000000083900000, 0x0000000083800000| Untracked 
|  57|0x0000000083900000, 0x0000000083a00000, 0x0000000083a00000|100%| O|  |TAMS 0x0000000083a00000, 0x0000000083900000| Updating 
|  58|0x0000000083a00000, 0x0000000083b00000, 0x0000000083b00000|100%| O|  |TAMS 0x0000000083b00000, 0x0000000083a00000| Updating 
|  59|0x0000000083b00000, 0x0000000083c00000, 0x0000000083c00000|100%| O|  |TAMS 0x0000000083c00000, 0x0000000083b00000| Updating 
|  60|0x0000000083c00000, 0x0000000083d00000, 0x0000000083d00000|100%| O|  |TAMS 0x0000000083d00000, 0x0000000083c00000| Updating 
|  61|0x0000000083d00000, 0x0000000083e00000, 0x0000000083e00000|100%| O|  |TAMS 0x0000000083e00000, 0x0000000083d00000| Untracked 
|  62|0x0000000083e00000, 0x0000000083f00000, 0x0000000083f00000|100%| O|  |TAMS 0x0000000083f00000, 0x0000000083e00000| Untracked 
|  63|0x0000000083f00000, 0x0000000084000000, 0x0000000084000000|100%| O|  |TAMS 0x0000000084000000, 0x0000000083f00000| Untracked 
|  64|0x0000000084000000, 0x0000000084100000, 0x0000000084100000|100%| O|  |TAMS 0x0000000084100000, 0x0000000084000000| Untracked 
|  65|0x0000000084100000, 0x0000000084200000, 0x0000000084200000|100%| O|  |TAMS 0x0000000084200000, 0x0000000084100000| Updating 
|  66|0x0000000084200000, 0x0000000084200000, 0x0000000084300000|  0%| F|  |TAMS 0x0000000084200000, 0x0000000084200000| Untracked 
|  67|0x0000000084300000, 0x0000000084400000, 0x0000000084400000|100%| O|  |TAMS 0x0000000084400000, 0x0000000084300000| Updating 
|  68|0x0000000084400000, 0x0000000084500000, 0x0000000084500000|100%| O|  |TAMS 0x0000000084500000, 0x0000000084400000| Updating 
|  69|0x0000000084500000, 0x0000000084600000, 0x0000000084600000|100%| O|  |TAMS 0x0000000084600000, 0x0000000084500000| Untracked 
|  70|0x0000000084600000, 0x0000000084600000, 0x0000000084700000|  0%| F|  |TAMS 0x0000000084600000, 0x0000000084600000| Untracked 
|  71|0x0000000084700000, 0x0000000084800000, 0x0000000084800000|100%| O|  |TAMS 0x0000000084800000, 0x0000000084700000| Updating 
|  72|0x0000000084800000, 0x0000000084900000, 0x0000000084900000|100%| O|  |TAMS 0x0000000084900000, 0x0000000084800000| Updating 
|  73|0x0000000084900000, 0x0000000084a00000, 0x0000000084a00000|100%| O|  |TAMS 0x0000000084a00000, 0x0000000084900000| Updating 
|  74|0x0000000084a00000, 0x0000000084b00000, 0x0000000084b00000|100%| O|  |TAMS 0x0000000084b00000, 0x0000000084a00000| Updating 
|  75|0x0000000084b00000, 0x0000000084c00000, 0x0000000084c00000|100%| O|  |TAMS 0x0000000084c00000, 0x0000000084b00000| Updating 
|  76|0x0000000084c00000, 0x0000000084d00000, 0x0000000084d00000|100%| O|  |TAMS 0x0000000084d00000, 0x0000000084c00000| Updating 
|  77|0x0000000084d00000, 0x0000000084e00000, 0x0000000084e00000|100%| O|  |TAMS 0x0000000084e00000, 0x0000000084d00000| Untracked 
|  78|0x0000000084e00000, 0x0000000084f00000, 0x0000000084f00000|100%| O|  |TAMS 0x0000000084f00000, 0x0000000084e00000| Updating 
|  79|0x0000000084f00000, 0x0000000085000000, 0x0000000085000000|100%| O|  |TAMS 0x0000000085000000, 0x0000000084f00000| Untracked 
|  80|0x0000000085000000, 0x0000000085100000, 0x0000000085100000|100%| O|  |TAMS 0x0000000085100000, 0x0000000085000000| Untracked 
|  81|0x0000000085100000, 0x0000000085200000, 0x0000000085200000|100%| O|  |TAMS 0x0000000085200000, 0x0000000085100000| Untracked 
|  82|0x0000000085200000, 0x0000000085300000, 0x0000000085300000|100%| O|  |TAMS 0x0000000085300000, 0x0000000085200000| Untracked 
|  83|0x0000000085300000, 0x0000000085400000, 0x0000000085400000|100%| O|  |TAMS 0x0000000085400000, 0x0000000085300000| Updating 
|  84|0x0000000085400000, 0x0000000085500000, 0x0000000085500000|100%| O|  |TAMS 0x0000000085500000, 0x0000000085400000| Updating 
|  85|0x0000000085500000, 0x0000000085600000, 0x0000000085600000|100%| O|  |TAMS 0x0000000085600000, 0x0000000085500000| Updating 
|  86|0x0000000085600000, 0x0000000085700000, 0x0000000085700000|100%| O|  |TAMS 0x0000000085700000, 0x0000000085600000| Updating 
|  87|0x0000000085700000, 0x0000000085800000, 0x0000000085800000|100%| O|  |TAMS 0x0000000085800000, 0x0000000085700000| Updating 
|  88|0x0000000085800000, 0x0000000085900000, 0x0000000085900000|100%| O|  |TAMS 0x0000000085900000, 0x0000000085800000| Untracked 
|  89|0x0000000085900000, 0x0000000085a00000, 0x0000000085a00000|100%| O|  |TAMS 0x0000000085a00000, 0x0000000085900000| Untracked 
|  90|0x0000000085a00000, 0x0000000085b00000, 0x0000000085b00000|100%| O|  |TAMS 0x0000000085b00000, 0x0000000085a00000| Untracked 
|  91|0x0000000085b00000, 0x0000000085b00000, 0x0000000085c00000|  0%| F|  |TAMS 0x0000000085b00000, 0x0000000085b00000| Untracked 
|  92|0x0000000085c00000, 0x0000000085d00000, 0x0000000085d00000|100%| O|  |TAMS 0x0000000085d00000, 0x0000000085c00000| Untracked 
|  93|0x0000000085d00000, 0x0000000085e00000, 0x0000000085e00000|100%| O|  |TAMS 0x0000000085e00000, 0x0000000085d00000| Untracked 
|  94|0x0000000085e00000, 0x0000000085f00000, 0x0000000085f00000|100%| O|  |TAMS 0x0000000085f00000, 0x0000000085e00000| Untracked 
|  95|0x0000000085f00000, 0x0000000086000000, 0x0000000086000000|100%| O|  |TAMS 0x0000000086000000, 0x0000000085f00000| Untracked 
|  96|0x0000000086000000, 0x0000000086100000, 0x0000000086100000|100%| O|  |TAMS 0x0000000086100000, 0x0000000086000000| Untracked 
|  97|0x0000000086100000, 0x0000000086200000, 0x0000000086200000|100%| O|  |TAMS 0x0000000086200000, 0x0000000086100000| Untracked 
|  98|0x0000000086200000, 0x0000000086300000, 0x0000000086300000|100%| O|  |TAMS 0x0000000086300000, 0x0000000086200000| Updating 
|  99|0x0000000086300000, 0x0000000086400000, 0x0000000086400000|100%| O|  |TAMS 0x0000000086400000, 0x0000000086300000| Untracked 
| 100|0x0000000086400000, 0x0000000086500000, 0x0000000086500000|100%| O|  |TAMS 0x0000000086500000, 0x0000000086400000| Updating 
| 101|0x0000000086500000, 0x0000000086600000, 0x0000000086600000|100%| O|  |TAMS 0x0000000086600000, 0x0000000086500000| Untracked 
| 102|0x0000000086600000, 0x0000000086700000, 0x0000000086700000|100%| O|  |TAMS 0x0000000086700000, 0x0000000086600000| Updating 
| 103|0x0000000086700000, 0x0000000086800000, 0x0000000086800000|100%| O|  |TAMS 0x0000000086800000, 0x0000000086700000| Updating 
| 104|0x0000000086800000, 0x0000000086900000, 0x0000000086900000|100%| O|  |TAMS 0x0000000086900000, 0x0000000086800000| Untracked 
| 105|0x0000000086900000, 0x0000000086a00000, 0x0000000086a00000|100%| O|  |TAMS 0x0000000086a00000, 0x0000000086900000| Untracked 
| 106|0x0000000086a00000, 0x0000000086b00000, 0x0000000086b00000|100%| O|  |TAMS 0x0000000086b00000, 0x0000000086a00000| Updating 
| 107|0x0000000086b00000, 0x0000000086c00000, 0x0000000086c00000|100%| O|  |TAMS 0x0000000086c00000, 0x0000000086b00000| Untracked 
| 108|0x0000000086c00000, 0x0000000086d00000, 0x0000000086d00000|100%| O|  |TAMS 0x0000000086d00000, 0x0000000086c00000| Untracked 
| 109|0x0000000086d00000, 0x0000000086d00000, 0x0000000086e00000|  0%| F|  |TAMS 0x0000000086d00000, 0x0000000086d00000| Untracked 
| 110|0x0000000086e00000, 0x0000000086f00000, 0x0000000086f00000|100%| O|  |TAMS 0x0000000086f00000, 0x0000000086e00000| Updating 
| 111|0x0000000086f00000, 0x0000000087000000, 0x0000000087000000|100%| O|  |TAMS 0x0000000087000000, 0x0000000086f00000| Updating 
| 112|0x0000000087000000, 0x0000000087000000, 0x0000000087100000|  0%| F|  |TAMS 0x0000000087000000, 0x0000000087000000| Untracked 
| 113|0x0000000087100000, 0x0000000087200000, 0x0000000087200000|100%| O|  |TAMS 0x0000000087200000, 0x0000000087100000| Updating 
| 114|0x0000000087200000, 0x0000000087300000, 0x0000000087300000|100%| O|  |TAMS 0x0000000087300000, 0x0000000087200000| Updating 
| 115|0x0000000087300000, 0x0000000087400000, 0x0000000087400000|100%| O|  |TAMS 0x0000000087400000, 0x0000000087300000| Updating 
| 116|0x0000000087400000, 0x0000000087500000, 0x0000000087500000|100%| O|  |TAMS 0x0000000087500000, 0x0000000087400000| Updating 
| 117|0x0000000087500000, 0x0000000087600000, 0x0000000087600000|100%| O|  |TAMS 0x0000000087600000, 0x0000000087500000| Updating 
| 118|0x0000000087600000, 0x0000000087700000, 0x0000000087700000|100%| O|  |TAMS 0x0000000087700000, 0x0000000087600000| Updating 
| 119|0x0000000087700000, 0x0000000087800000, 0x0000000087800000|100%| O|  |TAMS 0x0000000087800000, 0x0000000087700000| Untracked 
| 120|0x0000000087800000, 0x0000000087900000, 0x0000000087900000|100%| O|  |TAMS 0x0000000087900000, 0x0000000087800000| Untracked 
| 121|0x0000000087900000, 0x0000000087a00000, 0x0000000087a00000|100%| O|  |TAMS 0x0000000087a00000, 0x0000000087900000| Untracked 
| 122|0x0000000087a00000, 0x0000000087b00000, 0x0000000087b00000|100%| O|  |TAMS 0x0000000087b00000, 0x0000000087a00000| Updating 
| 123|0x0000000087b00000, 0x0000000087c00000, 0x0000000087c00000|100%| O|  |TAMS 0x0000000087c00000, 0x0000000087b00000| Updating 
| 124|0x0000000087c00000, 0x0000000087d00000, 0x0000000087d00000|100%| O|  |TAMS 0x0000000087d00000, 0x0000000087c00000| Updating 
| 125|0x0000000087d00000, 0x0000000087e00000, 0x0000000087e00000|100%| O|  |TAMS 0x0000000087e00000, 0x0000000087d00000| Updating 
| 126|0x0000000087e00000, 0x0000000087f00000, 0x0000000087f00000|100%| O|  |TAMS 0x0000000087f00000, 0x0000000087e00000| Updating 
| 127|0x0000000087f00000, 0x0000000088000000, 0x0000000088000000|100%| O|  |TAMS 0x0000000088000000, 0x0000000087f00000| Updating 
| 128|0x0000000088000000, 0x0000000088100000, 0x0000000088100000|100%|HS|  |TAMS 0x0000000088100000, 0x0000000088000000| Complete 
| 129|0x0000000088100000, 0x0000000088200000, 0x0000000088200000|100%|HC|  |TAMS 0x0000000088200000, 0x0000000088100000| Complete 
| 130|0x0000000088200000, 0x0000000088300000, 0x0000000088300000|100%|HS|  |TAMS 0x0000000088300000, 0x0000000088200000| Complete 
| 131|0x0000000088300000, 0x0000000088400000, 0x0000000088400000|100%|HC|  |TAMS 0x0000000088400000, 0x0000000088300000| Complete 
| 132|0x0000000088400000, 0x0000000088400000, 0x0000000088500000|  0%| F|  |TAMS 0x0000000088400000, 0x0000000088400000| Untracked 
| 133|0x0000000088500000, 0x0000000088600000, 0x0000000088600000|100%|HS|  |TAMS 0x0000000088600000, 0x0000000088500000| Complete 
| 134|0x0000000088600000, 0x0000000088700000, 0x0000000088700000|100%|HC|  |TAMS 0x0000000088700000, 0x0000000088600000| Complete 
| 135|0x0000000088700000, 0x0000000088700000, 0x0000000088800000|  0%| F|  |TAMS 0x0000000088700000, 0x0000000088700000| Untracked 
| 136|0x0000000088800000, 0x0000000088800000, 0x0000000088900000|  0%| F|  |TAMS 0x0000000088800000, 0x0000000088800000| Untracked 
| 137|0x0000000088900000, 0x0000000088a00000, 0x0000000088a00000|100%| O|  |TAMS 0x0000000088a00000, 0x0000000088900000| Updating 
| 138|0x0000000088a00000, 0x0000000088b00000, 0x0000000088b00000|100%|HS|  |TAMS 0x0000000088b00000, 0x0000000088a00000| Complete 
| 139|0x0000000088b00000, 0x0000000088c00000, 0x0000000088c00000|100%|HC|  |TAMS 0x0000000088c00000, 0x0000000088b00000| Complete 
| 140|0x0000000088c00000, 0x0000000088d00000, 0x0000000088d00000|100%|HC|  |TAMS 0x0000000088d00000, 0x0000000088c00000| Complete 
| 141|0x0000000088d00000, 0x0000000088e00000, 0x0000000088e00000|100%|HS|  |TAMS 0x0000000088e00000, 0x0000000088d00000| Complete 
| 142|0x0000000088e00000, 0x0000000088f00000, 0x0000000088f00000|100%|HC|  |TAMS 0x0000000088f00000, 0x0000000088e00000| Complete 
| 143|0x0000000088f00000, 0x0000000089000000, 0x0000000089000000|100%|HC|  |TAMS 0x0000000089000000, 0x0000000088f00000| Complete 
| 144|0x0000000089000000, 0x0000000089100000, 0x0000000089100000|100%|HS|  |TAMS 0x0000000089100000, 0x0000000089000000| Complete 
| 145|0x0000000089100000, 0x0000000089200000, 0x0000000089200000|100%|HC|  |TAMS 0x0000000089200000, 0x0000000089100000| Complete 
| 146|0x0000000089200000, 0x0000000089300000, 0x0000000089300000|100%|HC|  |TAMS 0x0000000089300000, 0x0000000089200000| Complete 
| 147|0x0000000089300000, 0x0000000089400000, 0x0000000089400000|100%|HC|  |TAMS 0x0000000089400000, 0x0000000089300000| Complete 
| 148|0x0000000089400000, 0x0000000089500000, 0x0000000089500000|100%|HC|  |TAMS 0x0000000089500000, 0x0000000089400000| Complete 
| 149|0x0000000089500000, 0x0000000089600000, 0x0000000089600000|100%|HC|  |TAMS 0x0000000089600000, 0x0000000089500000| Complete 
| 150|0x0000000089600000, 0x0000000089700000, 0x0000000089700000|100%|HS|  |TAMS 0x0000000089700000, 0x0000000089600000| Complete 
| 151|0x0000000089700000, 0x0000000089800000, 0x0000000089800000|100%|HC|  |TAMS 0x0000000089800000, 0x0000000089700000| Complete 
| 152|0x0000000089800000, 0x0000000089900000, 0x0000000089900000|100%|HC|  |TAMS 0x0000000089900000, 0x0000000089800000| Complete 
| 153|0x0000000089900000, 0x0000000089a00000, 0x0000000089a00000|100%|HC|  |TAMS 0x0000000089a00000, 0x0000000089900000| Complete 
| 154|0x0000000089a00000, 0x0000000089b00000, 0x0000000089b00000|100%|HC|  |TAMS 0x0000000089b00000, 0x0000000089a00000| Complete 
| 155|0x0000000089b00000, 0x0000000089c00000, 0x0000000089c00000|100%|HC|  |TAMS 0x0000000089c00000, 0x0000000089b00000| Complete 
| 156|0x0000000089c00000, 0x0000000089d00000, 0x0000000089d00000|100%|HC|  |TAMS 0x0000000089d00000, 0x0000000089c00000| Complete 
| 157|0x0000000089d00000, 0x0000000089e00000, 0x0000000089e00000|100%|HC|  |TAMS 0x0000000089e00000, 0x0000000089d00000| Complete 
| 158|0x0000000089e00000, 0x0000000089f00000, 0x0000000089f00000|100%|HC|  |TAMS 0x0000000089f00000, 0x0000000089e00000| Complete 
| 159|0x0000000089f00000, 0x000000008a000000, 0x000000008a000000|100%|HC|  |TAMS 0x000000008a000000, 0x0000000089f00000| Complete 
| 160|0x000000008a000000, 0x000000008a100000, 0x000000008a100000|100%|HS|  |TAMS 0x000000008a100000, 0x000000008a000000| Complete 
| 161|0x000000008a100000, 0x000000008a200000, 0x000000008a200000|100%|HC|  |TAMS 0x000000008a200000, 0x000000008a100000| Complete 
| 162|0x000000008a200000, 0x000000008a300000, 0x000000008a300000|100%|HC|  |TAMS 0x000000008a300000, 0x000000008a200000| Complete 
| 163|0x000000008a300000, 0x000000008a400000, 0x000000008a400000|100%|HC|  |TAMS 0x000000008a400000, 0x000000008a300000| Complete 
| 164|0x000000008a400000, 0x000000008a500000, 0x000000008a500000|100%|HC|  |TAMS 0x000000008a500000, 0x000000008a400000| Complete 
| 165|0x000000008a500000, 0x000000008a600000, 0x000000008a600000|100%|HC|  |TAMS 0x000000008a600000, 0x000000008a500000| Complete 
| 166|0x000000008a600000, 0x000000008a700000, 0x000000008a700000|100%|HC|  |TAMS 0x000000008a700000, 0x000000008a600000| Complete 
| 167|0x000000008a700000, 0x000000008a800000, 0x000000008a800000|100%|HC|  |TAMS 0x000000008a800000, 0x000000008a700000| Complete 
| 168|0x000000008a800000, 0x000000008a900000, 0x000000008a900000|100%|HC|  |TAMS 0x000000008a900000, 0x000000008a800000| Complete 
| 169|0x000000008a900000, 0x000000008aa00000, 0x000000008aa00000|100%|HC|  |TAMS 0x000000008aa00000, 0x000000008a900000| Complete 
| 170|0x000000008aa00000, 0x000000008ab00000, 0x000000008ab00000|100%|HC|  |TAMS 0x000000008ab00000, 0x000000008aa00000| Complete 
| 171|0x000000008ab00000, 0x000000008ac00000, 0x000000008ac00000|100%|HS|  |TAMS 0x000000008ac00000, 0x000000008ab00000| Complete 
| 172|0x000000008ac00000, 0x000000008ad00000, 0x000000008ad00000|100%|HC|  |TAMS 0x000000008ad00000, 0x000000008ac00000| Complete 
| 173|0x000000008ad00000, 0x000000008ae00000, 0x000000008ae00000|100%|HS|  |TAMS 0x000000008ae00000, 0x000000008ad00000| Complete 
| 174|0x000000008ae00000, 0x000000008af00000, 0x000000008af00000|100%|HC|  |TAMS 0x000000008af00000, 0x000000008ae00000| Complete 
| 175|0x000000008af00000, 0x000000008b000000, 0x000000008b000000|100%|HC|  |TAMS 0x000000008b000000, 0x000000008af00000| Complete 
| 176|0x000000008b000000, 0x000000008b100000, 0x000000008b100000|100%|HS|  |TAMS 0x000000008b100000, 0x000000008b000000| Complete 
| 177|0x000000008b100000, 0x000000008b200000, 0x000000008b200000|100%|HC|  |TAMS 0x000000008b200000, 0x000000008b100000| Complete 
| 178|0x000000008b200000, 0x000000008b300000, 0x000000008b300000|100%|HS|  |TAMS 0x000000008b300000, 0x000000008b200000| Complete 
| 179|0x000000008b300000, 0x000000008b400000, 0x000000008b400000|100%|HC|  |TAMS 0x000000008b400000, 0x000000008b300000| Complete 
| 180|0x000000008b400000, 0x000000008b500000, 0x000000008b500000|100%|HC|  |TAMS 0x000000008b500000, 0x000000008b400000| Complete 
| 181|0x000000008b500000, 0x000000008b600000, 0x000000008b600000|100%|HS|  |TAMS 0x000000008b600000, 0x000000008b500000| Complete 
| 182|0x000000008b600000, 0x000000008b700000, 0x000000008b700000|100%|HC|  |TAMS 0x000000008b700000, 0x000000008b600000| Complete 
| 183|0x000000008b700000, 0x000000008b800000, 0x000000008b800000|100%|HC|  |TAMS 0x000000008b800000, 0x000000008b700000| Complete 
| 184|0x000000008b800000, 0x000000008b900000, 0x000000008b900000|100%|HC|  |TAMS 0x000000008b900000, 0x000000008b800000| Complete 
| 185|0x000000008b900000, 0x000000008ba00000, 0x000000008ba00000|100%|HC|  |TAMS 0x000000008ba00000, 0x000000008b900000| Complete 
| 186|0x000000008ba00000, 0x000000008bb00000, 0x000000008bb00000|100%|HC|  |TAMS 0x000000008bb00000, 0x000000008ba00000| Complete 
| 187|0x000000008bb00000, 0x000000008bb00000, 0x000000008bc00000|  0%| F|  |TAMS 0x000000008bb00000, 0x000000008bb00000| Untracked 
| 188|0x000000008bc00000, 0x000000008bc00000, 0x000000008bd00000|  0%| F|  |TAMS 0x000000008bc00000, 0x000000008bc00000| Untracked 
| 189|0x000000008bd00000, 0x000000008bd00000, 0x000000008be00000|  0%| F|  |TAMS 0x000000008bd00000, 0x000000008bd00000| Untracked 
| 190|0x000000008be00000, 0x000000008be00000, 0x000000008bf00000|  0%| F|  |TAMS 0x000000008be00000, 0x000000008be00000| Untracked 
| 191|0x000000008bf00000, 0x000000008c000000, 0x000000008c000000|100%| O|  |TAMS 0x000000008c000000, 0x000000008bf00000| Untracked 
| 192|0x000000008c000000, 0x000000008c100000, 0x000000008c100000|100%| O|  |TAMS 0x000000008c100000, 0x000000008c000000| Updating 
| 193|0x000000008c100000, 0x000000008c200000, 0x000000008c200000|100%| O|  |TAMS 0x000000008c200000, 0x000000008c100000| Untracked 
| 194|0x000000008c200000, 0x000000008c300000, 0x000000008c300000|100%| O|  |TAMS 0x000000008c300000, 0x000000008c200000| Untracked 
| 195|0x000000008c300000, 0x000000008c400000, 0x000000008c400000|100%| O|  |TAMS 0x000000008c400000, 0x000000008c300000| Untracked 
| 196|0x000000008c400000, 0x000000008c500000, 0x000000008c500000|100%| O|  |TAMS 0x000000008c500000, 0x000000008c400000| Untracked 
| 197|0x000000008c500000, 0x000000008c600000, 0x000000008c600000|100%| O|  |TAMS 0x000000008c600000, 0x000000008c500000| Untracked 
| 198|0x000000008c600000, 0x000000008c700000, 0x000000008c700000|100%| O|  |TAMS 0x000000008c700000, 0x000000008c600000| Untracked 
| 199|0x000000008c700000, 0x000000008c800000, 0x000000008c800000|100%| O|  |TAMS 0x000000008c800000, 0x000000008c700000| Updating 
| 200|0x000000008c800000, 0x000000008c807e00, 0x000000008c900000|  3%| O|  |TAMS 0x000000008c807e00, 0x000000008c800000| Updating 
| 201|0x000000008c900000, 0x000000008c900000, 0x000000008ca00000|  0%| F|  |TAMS 0x000000008c900000, 0x000000008c900000| Untracked 
| 202|0x000000008ca00000, 0x000000008ca00000, 0x000000008cb00000|  0%| F|  |TAMS 0x000000008ca00000, 0x000000008ca00000| Untracked 
| 203|0x000000008cb00000, 0x000000008cb00000, 0x000000008cc00000|  0%| F|  |TAMS 0x000000008cb00000, 0x000000008cb00000| Untracked 
| 204|0x000000008cc00000, 0x000000008cc00000, 0x000000008cd00000|  0%| F|  |TAMS 0x000000008cc00000, 0x000000008cc00000| Untracked 
| 205|0x000000008cd00000, 0x000000008cd00000, 0x000000008ce00000|  0%| F|  |TAMS 0x000000008cd00000, 0x000000008cd00000| Untracked 
| 206|0x000000008ce00000, 0x000000008ce00000, 0x000000008cf00000|  0%| F|  |TAMS 0x000000008ce00000, 0x000000008ce00000| Untracked 
| 207|0x000000008cf00000, 0x000000008cf00000, 0x000000008d000000|  0%| F|  |TAMS 0x000000008cf00000, 0x000000008cf00000| Untracked 
| 208|0x000000008d000000, 0x000000008d000000, 0x000000008d100000|  0%| F|  |TAMS 0x000000008d000000, 0x000000008d000000| Untracked 
| 209|0x000000008d100000, 0x000000008d100000, 0x000000008d200000|  0%| F|  |TAMS 0x000000008d100000, 0x000000008d100000| Untracked 
| 210|0x000000008d200000, 0x000000008d200000, 0x000000008d300000|  0%| F|  |TAMS 0x000000008d200000, 0x000000008d200000| Untracked 
| 211|0x000000008d300000, 0x000000008d300000, 0x000000008d400000|  0%| F|  |TAMS 0x000000008d300000, 0x000000008d300000| Untracked 
| 212|0x000000008d400000, 0x000000008d400000, 0x000000008d500000|  0%| F|  |TAMS 0x000000008d400000, 0x000000008d400000| Untracked 
| 213|0x000000008d500000, 0x000000008d500000, 0x000000008d600000|  0%| F|  |TAMS 0x000000008d500000, 0x000000008d500000| Untracked 
| 214|0x000000008d600000, 0x000000008d600000, 0x000000008d700000|  0%| F|  |TAMS 0x000000008d600000, 0x000000008d600000| Untracked 
| 215|0x000000008d700000, 0x000000008d700000, 0x000000008d800000|  0%| F|  |TAMS 0x000000008d700000, 0x000000008d700000| Untracked 
| 216|0x000000008d800000, 0x000000008d800000, 0x000000008d900000|  0%| F|  |TAMS 0x000000008d800000, 0x000000008d800000| Untracked 
| 217|0x000000008d900000, 0x000000008d900000, 0x000000008da00000|  0%| F|  |TAMS 0x000000008d900000, 0x000000008d900000| Untracked 
| 218|0x000000008da00000, 0x000000008daa81b0, 0x000000008db00000| 65%| S|CS|TAMS 0x000000008da00000, 0x000000008da00000| Complete 
| 219|0x000000008db00000, 0x000000008dc00000, 0x000000008dc00000|100%| S|CS|TAMS 0x000000008db00000, 0x000000008db00000| Complete 
| 220|0x000000008dc00000, 0x000000008dc00000, 0x000000008dd00000|  0%| F|  |TAMS 0x000000008dc00000, 0x000000008dc00000| Untracked 
| 221|0x000000008dd00000, 0x000000008dd00000, 0x000000008de00000|  0%| F|  |TAMS 0x000000008dd00000, 0x000000008dd00000| Untracked 
| 222|0x000000008de00000, 0x000000008de00000, 0x000000008df00000|  0%| F|  |TAMS 0x000000008de00000, 0x000000008de00000| Untracked 
| 223|0x000000008df00000, 0x000000008df00000, 0x000000008e000000|  0%| F|  |TAMS 0x000000008df00000, 0x000000008df00000| Untracked 
| 224|0x000000008e000000, 0x000000008e000000, 0x000000008e100000|  0%| F|  |TAMS 0x000000008e000000, 0x000000008e000000| Untracked 
| 225|0x000000008e100000, 0x000000008e100000, 0x000000008e200000|  0%| F|  |TAMS 0x000000008e100000, 0x000000008e100000| Untracked 
| 226|0x000000008e200000, 0x000000008e200000, 0x000000008e300000|  0%| F|  |TAMS 0x000000008e200000, 0x000000008e200000| Untracked 
| 227|0x000000008e300000, 0x000000008e300000, 0x000000008e400000|  0%| F|  |TAMS 0x000000008e300000, 0x000000008e300000| Untracked 
| 228|0x000000008e400000, 0x000000008e400000, 0x000000008e500000|  0%| F|  |TAMS 0x000000008e400000, 0x000000008e400000| Untracked 
| 229|0x000000008e500000, 0x000000008e500000, 0x000000008e600000|  0%| F|  |TAMS 0x000000008e500000, 0x000000008e500000| Untracked 
| 230|0x000000008e600000, 0x000000008e600000, 0x000000008e700000|  0%| F|  |TAMS 0x000000008e600000, 0x000000008e600000| Untracked 
| 231|0x000000008e700000, 0x000000008e700000, 0x000000008e800000|  0%| F|  |TAMS 0x000000008e700000, 0x000000008e700000| Untracked 
| 232|0x000000008e800000, 0x000000008e800000, 0x000000008e900000|  0%| F|  |TAMS 0x000000008e800000, 0x000000008e800000| Untracked 
| 233|0x000000008e900000, 0x000000008e900000, 0x000000008ea00000|  0%| F|  |TAMS 0x000000008e900000, 0x000000008e900000| Untracked 
| 234|0x000000008ea00000, 0x000000008ea00000, 0x000000008eb00000|  0%| F|  |TAMS 0x000000008ea00000, 0x000000008ea00000| Untracked 
| 235|0x000000008eb00000, 0x000000008eb6fe40, 0x000000008ec00000| 43%| E|  |TAMS 0x000000008eb00000, 0x000000008eb00000| Complete 
| 236|0x000000008ec00000, 0x000000008ed00000, 0x000000008ed00000|100%| E|CS|TAMS 0x000000008ec00000, 0x000000008ec00000| Complete 
| 237|0x000000008ed00000, 0x000000008ee00000, 0x000000008ee00000|100%| E|CS|TAMS 0x000000008ed00000, 0x000000008ed00000| Complete 
| 238|0x000000008ee00000, 0x000000008ef00000, 0x000000008ef00000|100%| E|CS|TAMS 0x000000008ee00000, 0x000000008ee00000| Complete 
| 239|0x000000008ef00000, 0x000000008f000000, 0x000000008f000000|100%| E|CS|TAMS 0x000000008ef00000, 0x000000008ef00000| Complete 
| 240|0x000000008f000000, 0x000000008f100000, 0x000000008f100000|100%| E|CS|TAMS 0x000000008f000000, 0x000000008f000000| Complete 
| 241|0x000000008f100000, 0x000000008f200000, 0x000000008f200000|100%| E|CS|TAMS 0x000000008f100000, 0x000000008f100000| Complete 
| 242|0x000000008f200000, 0x000000008f300000, 0x000000008f300000|100%| E|CS|TAMS 0x000000008f200000, 0x000000008f200000| Complete 
| 243|0x000000008f300000, 0x000000008f400000, 0x000000008f400000|100%| E|CS|TAMS 0x000000008f300000, 0x000000008f300000| Complete 
| 244|0x000000008f400000, 0x000000008f500000, 0x000000008f500000|100%| E|CS|TAMS 0x000000008f400000, 0x000000008f400000| Complete 
| 245|0x000000008f500000, 0x000000008f600000, 0x000000008f600000|100%| E|CS|TAMS 0x000000008f500000, 0x000000008f500000| Complete 
|2045|0x00000000ffd00000, 0x00000000ffe00000, 0x00000000ffe00000|100%| O|  |TAMS 0x00000000ffe00000, 0x00000000ffd00000| Updating 
|2046|0x00000000ffe00000, 0x00000000fff00000, 0x00000000fff00000|100%| O|  |TAMS 0x00000000fff00000, 0x00000000ffe00000| Updating 
|2047|0x00000000fff00000, 0x0000000100000000, 0x0000000100000000|100%| O|  |TAMS 0x0000000100000000, 0x00000000fff00000| Untracked 

Card table byte_map: [0x00000203c8b60000,0x00000203c8f60000] _byte_map_base: 0x00000203c8760000

Marking Bits (Prev, Next): (CMBitMap*) 0x00000203b62e7e70, (CMBitMap*) 0x00000203b62e7e30
 Prev Bits: [0x00000203cb360000, 0x00000203cd360000)
 Next Bits: [0x00000203c9360000, 0x00000203cb360000)

Polling page: 0x00000203b4210000

Metaspace:

Usage:
  Non-class:    106.34 MB used.
      Class:     17.06 MB used.
       Both:    123.40 MB used.

Virtual space:
  Non-class space:      112.00 MB reserved,     106.88 MB ( 95%) committed,  14 nodes.
      Class space:        1.00 GB reserved,      17.56 MB (  2%) committed,  1 nodes.
             Both:        1.11 GB reserved,     124.44 MB ( 11%) committed. 

Chunk freelists:
   Non-Class:  800.00 KB
       Class:  2.30 MB
        Both:  3.08 MB

MaxMetaspaceSize: unlimited
CompressedClassSpaceSize: 1.00 GB
Initial GC threshold: 21.00 MB
Current GC threshold: 198.25 MB
CDS: off
MetaspaceReclaimPolicy: balanced
 - commit_granule_bytes: 65536.
 - commit_granule_words: 8192.
 - virtual_space_node_default_size: 1048576.
 - enlarge_chunks_in_place: 1.
 - new_chunks_are_fully_committed: 0.
 - uncommit_free_chunks: 1.
 - use_allocation_guard: 0.
 - handle_deallocations: 1.


Internal statistics:

num_allocs_failed_limit: 6.
num_arena_births: 1616.
num_arena_deaths: 4.
num_vsnodes_births: 15.
num_vsnodes_deaths: 0.
num_space_committed: 1991.
num_space_uncommitted: 0.
num_chunks_returned_to_freelist: 12.
num_chunks_taken_from_freelist: 6588.
num_chunk_merges: 6.
num_chunk_splits: 4269.
num_chunks_enlarged: 2762.
num_purges: 4.
num_inconsistent_stats: 0.

CodeHeap 'non-profiled nmethods': size=120000Kb used=9502Kb max_used=9502Kb free=110497Kb
 bounds [0x00000203c1230000, 0x00000203c1ba0000, 0x00000203c8760000]
CodeHeap 'profiled nmethods': size=120000Kb used=29152Kb max_used=30263Kb free=90847Kb
 bounds [0x00000203b9760000, 0x00000203bb4f0000, 0x00000203c0c90000]
CodeHeap 'non-nmethods': size=5760Kb used=2463Kb max_used=2521Kb free=3296Kb
 bounds [0x00000203c0c90000, 0x00000203c0f10000, 0x00000203c1230000]
 total_blobs=16226 nmethods=15214 adapters=923
 compilation: enabled
              stopped_count=0, restarted_count=0
 full_count=0

Compilation events (20 events):
Event: 1167.493 Thread 0x00000203d04209c0 18334       2       java.util.stream.ReduceOps$CountingSink::begin (6 bytes)
Event: 1167.493 Thread 0x00000203d04209c0 nmethod 18334 0x00000203bad41610 code [0x00000203bad417a0, 0x00000203bad418b8]
Event: 1167.493 Thread 0x00000203d04209c0 18335       2       java.util.stream.ReduceOps$CountingSink$OfInt::get (5 bytes)
Event: 1167.493 Thread 0x00000203d04209c0 nmethod 18335 0x00000203bad41e10 code [0x00000203bad41fa0, 0x00000203bad420c8]
Event: 1167.493 Thread 0x00000203d04209c0 18336       1       org.codehaus.groovy.ast.expr.Expression::setType (6 bytes)
Event: 1167.493 Thread 0x00000203d04209c0 nmethod 18336 0x00000203c1993c90 code [0x00000203c1993e20, 0x00000203c1993f38]
Event: 1167.494 Thread 0x00000203d04209c0 18337       1       groovyjarjarantlr4.v4.runtime.tree.AbstractParseTreeVisitor::defaultResult (2 bytes)
Event: 1167.494 Thread 0x00000203d04209c0 nmethod 18337 0x00000203c1993990 code [0x00000203c1993b20, 0x00000203c1993bf8]
Event: 1167.494 Thread 0x00000203d04209c0 18338       1       groovyjarjarantlr4.v4.runtime.tree.AbstractParseTreeVisitor::shouldVisitNextChild (2 bytes)
Event: 1167.494 Thread 0x00000203d04209c0 nmethod 18338 0x00000203c1993690 code [0x00000203c1993820, 0x00000203c19938f8]
Event: 1167.494 Thread 0x00000203d04209c0 18340       2       groovyjarjarantlr4.v4.runtime.ParserRuleContext::getChildCount (21 bytes)
Event: 1167.494 Thread 0x00000203d04209c0 nmethod 18340 0x00000203bae00910 code [0x00000203bae00ac0, 0x00000203bae00c28]
Event: 1167.494 Thread 0x00000203d04209c0 18339       1       org.codehaus.groovy.ast.ASTNode::getMetaDataMap (5 bytes)
Event: 1167.495 Thread 0x00000203d04209c0 nmethod 18339 0x00000203c1993390 code [0x00000203c1993520, 0x00000203c19935f8]
Event: 1167.512 Thread 0x00000203d4bd5840 nmethod 18097 0x00000203c1b88c90 code [0x00000203c1b89380, 0x00000203c1b93508]
Event: 1167.512 Thread 0x00000203d4bd5840 18244       4       groovyjarjarantlr4.v4.runtime.atn.PredictionContext::calculateHashCode (86 bytes)
Event: 1167.522 Thread 0x00000203d4bd5840 nmethod 18244 0x00000203c1992b90 code [0x00000203c1992d20, 0x00000203c19931d8]
Event: 1167.522 Thread 0x00000203d4bd5840 18175       4       groovyjarjarantlr4.v4.runtime.atn.ATNConfigSet::add (356 bytes)
Event: 1167.551 Thread 0x00000203d04209c0 18341       2       org.codehaus.groovy.ast.ClassNode::redirect (19 bytes)
Event: 1167.551 Thread 0x00000203d04209c0 nmethod 18341 0x00000203bae00410 code [0x00000203bae005a0, 0x00000203bae00708]

GC Heap History (20 events):
Event: 195.045 GC heap before
{Heap before GC invocations=73 (full 0):
 garbage-first heap   total 214016K, used 144030K [0x0000000080000000, 0x0000000100000000)
  region size 1024K, 3 young (3072K), 2 survivors (2048K)
 Metaspace       used 117745K, committed 118592K, reserved 1155072K
  class space    used 16316K, committed 16704K, reserved 1048576K
}
Event: 195.048 GC heap after
{Heap after GC invocations=74 (full 0):
 garbage-first heap   total 214016K, used 142916K [0x0000000080000000, 0x0000000100000000)
  region size 1024K, 1 young (1024K), 1 survivors (1024K)
 Metaspace       used 117745K, committed 118592K, reserved 1155072K
  class space    used 16316K, committed 16704K, reserved 1048576K
}
Event: 269.261 GC heap before
{Heap before GC invocations=75 (full 0):
 garbage-first heap   total 250880K, used 195140K [0x0000000080000000, 0x0000000100000000)
  region size 1024K, 34 young (34816K), 1 survivors (1024K)
 Metaspace       used 119019K, committed 119872K, reserved 1155072K
  class space    used 16486K, committed 16896K, reserved 1048576K
}
Event: 269.269 GC heap after
{Heap after GC invocations=76 (full 0):
 garbage-first heap   total 250880K, used 119590K [0x0000000080000000, 0x0000000100000000)
  region size 1024K, 4 young (4096K), 4 survivors (4096K)
 Metaspace       used 119019K, committed 119872K, reserved 1155072K
  class space    used 16486K, committed 16896K, reserved 1048576K
}
Event: 269.570 GC heap before
{Heap before GC invocations=76 (full 0):
 garbage-first heap   total 250880K, used 127782K [0x0000000080000000, 0x0000000100000000)
  region size 1024K, 12 young (12288K), 4 survivors (4096K)
 Metaspace       used 119159K, committed 120000K, reserved 1155072K
  class space    used 16491K, committed 16896K, reserved 1048576K
}
Event: 269.576 GC heap after
{Heap after GC invocations=77 (full 0):
 garbage-first heap   total 250880K, used 120009K [0x0000000080000000, 0x0000000100000000)
  region size 1024K, 2 young (2048K), 2 survivors (2048K)
 Metaspace       used 119159K, committed 120000K, reserved 1155072K
  class space    used 16491K, committed 16896K, reserved 1048576K
}
Event: 324.632 GC heap before
{Heap before GC invocations=77 (full 0):
 garbage-first heap   total 250880K, used 189641K [0x0000000080000000, 0x0000000100000000)
  region size 1024K, 72 young (73728K), 2 survivors (2048K)
 Metaspace       used 120052K, committed 120960K, reserved 1155072K
  class space    used 16515K, committed 16960K, reserved 1048576K
}
Event: 324.668 GC heap after
{Heap after GC invocations=78 (full 0):
 garbage-first heap   total 250880K, used 127392K [0x0000000080000000, 0x0000000100000000)
  region size 1024K, 9 young (9216K), 9 survivors (9216K)
 Metaspace       used 120052K, committed 120960K, reserved 1155072K
  class space    used 16515K, committed 16960K, reserved 1048576K
}
Event: 583.473 GC heap before
{Heap before GC invocations=79 (full 0):
 garbage-first heap   total 250880K, used 216480K [0x0000000080000000, 0x0000000100000000)
  region size 1024K, 82 young (83968K), 9 survivors (9216K)
 Metaspace       used 120540K, committed 121472K, reserved 1155072K
  class space    used 16543K, committed 17024K, reserved 1048576K
}
Event: 583.503 GC heap after
{Heap after GC invocations=80 (full 0):
 garbage-first heap   total 250880K, used 135136K [0x0000000080000000, 0x0000000100000000)
  region size 1024K, 9 young (9216K), 9 survivors (9216K)
 Metaspace       used 120540K, committed 121472K, reserved 1155072K
  class space    used 16543K, committed 17024K, reserved 1048576K
}
Event: 583.559 GC heap before
{Heap before GC invocations=80 (full 0):
 garbage-first heap   total 250880K, used 138208K [0x0000000080000000, 0x0000000100000000)
  region size 1024K, 12 young (12288K), 9 survivors (9216K)
 Metaspace       used 120547K, committed 121472K, reserved 1155072K
  class space    used 16543K, committed 17024K, reserved 1048576K
}
Event: 583.579 GC heap after
{Heap after GC invocations=81 (full 0):
 garbage-first heap   total 250880K, used 133510K [0x0000000080000000, 0x0000000100000000)
  region size 1024K, 2 young (2048K), 2 survivors (2048K)
 Metaspace       used 120547K, committed 121472K, reserved 1155072K
  class space    used 16543K, committed 17024K, reserved 1048576K
}
Event: 1151.861 GC heap before
{Heap before GC invocations=81 (full 0):
 garbage-first heap   total 250880K, used 162182K [0x0000000080000000, 0x0000000100000000)
  region size 1024K, 31 young (31744K), 2 survivors (2048K)
 Metaspace       used 120828K, committed 121792K, reserved 1155072K
  class space    used 16573K, committed 17024K, reserved 1048576K
}
Event: 1151.870 GC heap after
{Heap after GC invocations=82 (full 0):
 garbage-first heap   total 250880K, used 133862K [0x0000000080000000, 0x0000000100000000)
  region size 1024K, 2 young (2048K), 2 survivors (2048K)
 Metaspace       used 120828K, committed 121792K, reserved 1155072K
  class space    used 16573K, committed 17024K, reserved 1048576K
}
Event: 1166.333 GC heap before
{Heap before GC invocations=83 (full 0):
 garbage-first heap   total 250880K, used 240358K [0x0000000080000000, 0x0000000100000000)
  region size 1024K, 54 young (55296K), 2 survivors (2048K)
 Metaspace       used 123267K, committed 124288K, reserved 1163264K
  class space    used 16962K, committed 17472K, reserved 1048576K
}
Event: 1166.369 GC heap after
{Heap after GC invocations=84 (full 0):
 garbage-first heap   total 254976K, used 198773K [0x0000000080000000, 0x0000000100000000)
  region size 1024K, 9 young (9216K), 9 survivors (9216K)
 Metaspace       used 123267K, committed 124288K, reserved 1163264K
  class space    used 16962K, committed 17472K, reserved 1048576K
}
Event: 1166.719 GC heap before
{Heap before GC invocations=84 (full 0):
 garbage-first heap   total 254976K, used 200821K [0x0000000080000000, 0x0000000100000000)
  region size 1024K, 12 young (12288K), 9 survivors (9216K)
 Metaspace       used 123917K, committed 124928K, reserved 1163264K
  class space    used 17066K, committed 17536K, reserved 1048576K
}
Event: 1166.731 GC heap after
{Heap after GC invocations=85 (full 0):
 garbage-first heap   total 254976K, used 195094K [0x0000000080000000, 0x0000000100000000)
  region size 1024K, 1 young (1024K), 1 survivors (1024K)
 Metaspace       used 123917K, committed 124928K, reserved 1163264K
  class space    used 17066K, committed 17536K, reserved 1048576K
}
Event: 1167.258 GC heap before
{Heap before GC invocations=85 (full 0):
 garbage-first heap   total 254976K, used 219670K [0x0000000080000000, 0x0000000100000000)
  region size 1024K, 26 young (26624K), 1 survivors (1024K)
 Metaspace       used 125891K, committed 126912K, reserved 1163264K
  class space    used 17416K, committed 17920K, reserved 1048576K
}
Event: 1167.265 GC heap after
{Heap after GC invocations=86 (full 0):
 garbage-first heap   total 254976K, used 196287K [0x0000000080000000, 0x0000000100000000)
  region size 1024K, 2 young (2048K), 2 survivors (2048K)
 Metaspace       used 125891K, committed 126912K, reserved 1163264K
  class space    used 17416K, committed 17920K, reserved 1048576K
}

Dll operation events (2 events):
Event: 0.008 Loaded shared library C:\Program Files\Android\Android Studio\jbr\bin\java.dll
Event: 0.486 Loaded shared library C:\Program Files\Android\Android Studio\jbr\bin\verify.dll

Deoptimization events (20 events):
Event: 1167.156 Thread 0x00000203d142e570 Uncommon trap: trap_request=0xffffffde fr.pc=0x00000203c17bc95c relative=0x00000000000000bc
Event: 1167.157 Thread 0x00000203d142e570 Uncommon trap: reason=class_check action=maybe_recompile pc=0x00000203c17bc95c method=java.util.stream.ReferencePipeline$4$1.accept(Ljava/lang/Object;)V @ 12 c2
Event: 1167.157 Thread 0x00000203d142e570 DEOPT PACKING pc=0x00000203c17bc95c sp=0x00000093469f5f30
Event: 1167.157 Thread 0x00000203d142e570 DEOPT UNPACKING pc=0x00000203c0ce69a3 sp=0x00000093469f5eb0 mode 2
Event: 1167.157 Thread 0x00000203d142e570 Uncommon trap: trap_request=0xffffffde fr.pc=0x00000203c17bc95c relative=0x00000000000000bc
Event: 1167.157 Thread 0x00000203d142e570 Uncommon trap: reason=class_check action=maybe_recompile pc=0x00000203c17bc95c method=java.util.stream.ReferencePipeline$4$1.accept(Ljava/lang/Object;)V @ 12 c2
Event: 1167.157 Thread 0x00000203d142e570 DEOPT PACKING pc=0x00000203c17bc95c sp=0x00000093469f5f30
Event: 1167.157 Thread 0x00000203d142e570 DEOPT UNPACKING pc=0x00000203c0ce69a3 sp=0x00000093469f5eb0 mode 2
Event: 1167.305 Thread 0x00000203d142e570 DEOPT PACKING pc=0x00000203ba318e3f sp=0x00000093469f68e0
Event: 1167.305 Thread 0x00000203d142e570 DEOPT UNPACKING pc=0x00000203c0ce7143 sp=0x00000093469f5e18 mode 0
Event: 1167.352 Thread 0x00000203d142e570 Uncommon trap: trap_request=0xffffff45 fr.pc=0x00000203c158fc7c relative=0x0000000000000f5c
Event: 1167.352 Thread 0x00000203d142e570 Uncommon trap: reason=unstable_if action=reinterpret pc=0x00000203c158fc7c method=groovyjarjarantlr4.v4.runtime.atn.ParserATNSimulator.precedenceTransition(Lgroovyjarjarantlr4/v4/runtime/atn/ATNConfig;Lgroovyjarjarantlr4/v4/runtime/atn/PrecedencePredicate
Event: 1167.352 Thread 0x00000203d142e570 DEOPT PACKING pc=0x00000203c158fc7c sp=0x00000093469f65f0
Event: 1167.352 Thread 0x00000203d142e570 DEOPT UNPACKING pc=0x00000203c0ce69a3 sp=0x00000093469f6568 mode 2
Event: 1167.364 Thread 0x00000203d142e570 DEOPT PACKING pc=0x00000203b9e6fc1c sp=0x00000093469f6340
Event: 1167.364 Thread 0x00000203d142e570 DEOPT UNPACKING pc=0x00000203c0ce7143 sp=0x00000093469f5858 mode 0
Event: 1167.385 Thread 0x00000203d142e570 DEOPT PACKING pc=0x00000203ba297e49 sp=0x00000093469f5dd0
Event: 1167.385 Thread 0x00000203d142e570 DEOPT UNPACKING pc=0x00000203c0ce7143 sp=0x00000093469f5328 mode 0
Event: 1167.398 Thread 0x00000203d142e570 DEOPT PACKING pc=0x00000203bb23d061 sp=0x00000093469f5ab0
Event: 1167.398 Thread 0x00000203d142e570 DEOPT UNPACKING pc=0x00000203c0ce7143 sp=0x00000093469f5008 mode 0

Classes unloaded (2 events):
Event: 83.567 Thread 0x00000203cf84f630 Unloading class 0x0000000100cf8000 'java/lang/invoke/LambdaForm$DMH+0x0000000100cf8000'
Event: 195.331 Thread 0x00000203cf84f630 Unloading class 0x0000000100ddc400 'jdk/internal/reflect/GeneratedSerializationConstructorAccessor127'

Classes redefined (0 events):
No events

Internal exceptions (20 events):
Event: 1163.508 Thread 0x00000203d142e570 Exception <a 'java/lang/ClassNotFoundException'{0x000000008da6d3e8}: org/jetbrains/plugins/gradle/tooling/tasks/DependenciesReport$ReportGeneratorCustomizer> (0x000000008da6d3e8) 
thrown [s\src\hotspot\share\classfile\systemDictionary.cpp, line 256]
Event: 1163.511 Thread 0x00000203d142e570 Exception <a 'java/lang/ClassNotFoundException'{0x000000008da9c9e0}: org/jetbrains/plugins/gradle/tooling/builder/DependencyGraphModelBuilderImplBeanInfo> (0x000000008da9c9e0) 
thrown [s\src\hotspot\share\classfile\systemDictionary.cpp, line 256]
Event: 1163.511 Thread 0x00000203d142e570 Exception <a 'java/lang/ClassNotFoundException'{0x000000008daa8050}: org/jetbrains/plugins/gradle/tooling/builder/DependencyGraphModelBuilderImplCustomizer> (0x000000008daa8050) 
thrown [s\src\hotspot\share\classfile\systemDictionary.cpp, line 256]
Event: 1163.515 Thread 0x00000203d142e570 Exception <a 'java/lang/ClassNotFoundException'{0x000000008dae4708}: org/jetbrains/plugins/gradle/tooling/builder/ExternalTestsModelBuilderImplBeanInfo> (0x000000008dae4708) 
thrown [s\src\hotspot\share\classfile\systemDictionary.cpp, line 256]
Event: 1163.516 Thread 0x00000203d142e570 Exception <a 'java/lang/ClassNotFoundException'{0x000000008daefde8}: org/jetbrains/plugins/gradle/tooling/builder/ExternalTestsModelBuilderImplCustomizer> (0x000000008daefde8) 
thrown [s\src\hotspot\share\classfile\systemDictionary.cpp, line 256]
Event: 1163.618 Thread 0x00000203d142e570 Exception <a 'java/lang/ClassNotFoundException'{0x000000008d97c2f0}: org/jetbrains/plugins/gradle/tooling/builder/ProjectExtensionsDataBuilderImplBeanInfo> (0x000000008d97c2f0) 
thrown [s\src\hotspot\share\classfile\systemDictionary.cpp, line 256]
Event: 1163.619 Thread 0x00000203d142e570 Exception <a 'java/lang/ClassNotFoundException'{0x000000008d987930}: org/jetbrains/plugins/gradle/tooling/builder/ProjectExtensionsDataBuilderImplCustomizer> (0x000000008d987930) 
thrown [s\src\hotspot\share\classfile\systemDictionary.cpp, line 256]
Event: 1163.622 Thread 0x00000203d142e570 Exception <a 'java/lang/ClassNotFoundException'{0x000000008d9b1d78}: org/jetbrains/plugins/gradle/tooling/builder/IntelliJSettingsBuilderBeanInfo> (0x000000008d9b1d78) 
thrown [s\src\hotspot\share\classfile\systemDictionary.cpp, line 256]
Event: 1163.623 Thread 0x00000203d142e570 Exception <a 'java/lang/ClassNotFoundException'{0x000000008d9bd3a8}: org/jetbrains/plugins/gradle/tooling/builder/IntelliJSettingsBuilderCustomizer> (0x000000008d9bd3a8) 
thrown [s\src\hotspot\share\classfile\systemDictionary.cpp, line 256]
Event: 1163.625 Thread 0x00000203d142e570 Exception <a 'java/lang/ClassNotFoundException'{0x000000008d9e6fb0}: org/jetbrains/plugins/gradle/tooling/builder/IntelliJProjectSettingsBuilderBeanInfo> (0x000000008d9e6fb0) 
thrown [s\src\hotspot\share\classfile\systemDictionary.cpp, line 256]
Event: 1163.625 Thread 0x00000203d142e570 Exception <a 'java/lang/ClassNotFoundException'{0x000000008d9f2888}: org/jetbrains/plugins/gradle/tooling/builder/IntelliJProjectSettingsBuilderCustomizer> (0x000000008d9f2888) 
thrown [s\src\hotspot\share\classfile\systemDictionary.cpp, line 256]
Event: 1163.628 Thread 0x00000203d142e570 Exception <a 'java/lang/ClassNotFoundException'{0x000000008d81e090}: org/jetbrains/plugins/gradle/tooling/builder/DependencyAccessorsModelBuilderBeanInfo> (0x000000008d81e090) 
thrown [s\src\hotspot\share\classfile\systemDictionary.cpp, line 256]
Event: 1163.629 Thread 0x00000203d142e570 Exception <a 'java/lang/ClassNotFoundException'{0x000000008d8296d8}: org/jetbrains/plugins/gradle/tooling/builder/DependencyAccessorsModelBuilderCustomizer> (0x000000008d8296d8) 
thrown [s\src\hotspot\share\classfile\systemDictionary.cpp, line 256]
Event: 1163.816 Thread 0x00000203d142e570 Exception <a 'java/lang/ClassNotFoundException'{0x000000008d7f1998}: org/jetbrains/plugins/gradle/model/web/WebConfigurationBeanInfo> (0x000000008d7f1998) 
thrown [s\src\hotspot\share\classfile\systemDictionary.cpp, line 256]
Event: 1163.816 Thread 0x00000203d142e570 Exception <a 'java/lang/ClassNotFoundException'{0x000000008d7f9e58}: org/jetbrains/plugins/gradle/model/web/WebConfigurationCustomizer> (0x000000008d7f9e58) 
thrown [s\src\hotspot\share\classfile\systemDictionary.cpp, line 256]
Event: 1163.818 Thread 0x00000203d142e570 Exception <a 'java/lang/ClassNotFoundException'{0x000000008d618850}: org/jetbrains/plugins/gradle/model/scala/ScalaModelBeanInfo> (0x000000008d618850) 
thrown [s\src\hotspot\share\classfile\systemDictionary.cpp, line 256]
Event: 1163.818 Thread 0x00000203d142e570 Exception <a 'java/lang/ClassNotFoundException'{0x000000008d620c88}: org/jetbrains/plugins/gradle/model/scala/ScalaModelCustomizer> (0x000000008d620c88) 
thrown [s\src\hotspot\share\classfile\systemDictionary.cpp, line 256]
Event: 1163.822 Thread 0x00000203d142e570 Exception <a 'java/lang/ClassNotFoundException'{0x000000008d652438}: org/jetbrains/plugins/gradle/model/DependencyAccessorsModelBeanInfo> (0x000000008d652438) 
thrown [s\src\hotspot\share\classfile\systemDictionary.cpp, line 256]
Event: 1163.822 Thread 0x00000203d142e570 Exception <a 'java/lang/ClassNotFoundException'{0x000000008d65a910}: org/jetbrains/plugins/gradle/model/DependencyAccessorsModelCustomizer> (0x000000008d65a910) 
thrown [s\src\hotspot\share\classfile\systemDictionary.cpp, line 256]
Event: 1167.550 Thread 0x00000203d142e570 Exception <a 'java/lang/NoSuchMethodError'{0x000000008ec81710}: 'void java.lang.invoke.DirectMethodHandle$Holder.invokeSpecialIFC(java.lang.Object, java.lang.Object, java.lang.Object)'> (0x000000008ec81710) 
thrown [s\src\hotspot\share\interpreter\linkResolver.cpp, line 771]

VM Operations (20 events):
Event: 1165.233 Executing VM operation: Cleanup done
Event: 1166.238 Executing VM operation: Cleanup
Event: 1166.238 Executing VM operation: Cleanup done
Event: 1166.333 Executing VM operation: G1CollectForAllocation
Event: 1166.369 Executing VM operation: G1CollectForAllocation done
Event: 1166.449 Executing VM operation: HandshakeAllThreads
Event: 1166.449 Executing VM operation: HandshakeAllThreads done
Event: 1166.719 Executing VM operation: G1CollectForAllocation
Event: 1166.731 Executing VM operation: G1CollectForAllocation done
Event: 1166.865 Executing VM operation: HandshakeAllThreads
Event: 1166.865 Executing VM operation: HandshakeAllThreads done
Event: 1167.087 Executing VM operation: HandshakeAllThreads
Event: 1167.087 Executing VM operation: HandshakeAllThreads done
Event: 1167.108 Executing VM operation: HandshakeAllThreads
Event: 1167.108 Executing VM operation: HandshakeAllThreads done
Event: 1167.154 Executing VM operation: ICBufferFull
Event: 1167.155 Executing VM operation: ICBufferFull done
Event: 1167.258 Executing VM operation: G1CollectForAllocation
Event: 1167.265 Executing VM operation: G1CollectForAllocation done
Event: 1167.590 Executing VM operation: G1Concurrent

Events (20 events):
Event: 1167.155 loading class java/util/stream/SortedOps$OfInt
Event: 1167.155 loading class java/util/stream/IntPipeline$StatefulOp
Event: 1167.155 loading class java/util/stream/IntPipeline$StatefulOp done
Event: 1167.155 loading class java/util/stream/SortedOps$OfInt done
Event: 1167.156 loading class java/util/stream/Nodes$IntFixedNodeBuilder
Event: 1167.156 loading class java/util/stream/Node$Builder$OfInt
Event: 1167.156 loading class java/util/stream/Node$Builder$OfInt done
Event: 1167.156 loading class java/util/stream/Nodes$IntArrayNode
Event: 1167.156 loading class java/util/stream/Nodes$IntArrayNode done
Event: 1167.156 loading class java/util/stream/Nodes$IntFixedNodeBuilder done
Event: 1167.156 loading class java/util/stream/SortedOps$SizedIntSortingSink
Event: 1167.156 loading class java/util/stream/SortedOps$AbstractIntSortingSink
Event: 1167.156 loading class java/util/stream/SortedOps$AbstractIntSortingSink done
Event: 1167.156 loading class java/util/stream/SortedOps$SizedIntSortingSink done
Event: 1167.427 loading class java/util/stream/ReduceOps$9
Event: 1167.427 loading class java/util/stream/ReduceOps$9 done
Event: 1167.427 loading class java/util/stream/ReduceOps$CountingSink$OfInt
Event: 1167.427 loading class java/util/stream/ReduceOps$CountingSink
Event: 1167.427 loading class java/util/stream/ReduceOps$CountingSink done
Event: 1167.427 loading class java/util/stream/ReduceOps$CountingSink$OfInt done


Dynamic libraries:
0x00007ff771220000 - 0x00007ff77122a000 	C:\Program Files\Android\Android Studio\jbr\bin\java.exe
0x00007ffa50530000 - 0x00007ffa50728000 	C:\Windows\SYSTEM32\ntdll.dll
0x00007ffa4fef0000 - 0x00007ffa4ffad000 	C:\Windows\System32\KERNEL32.DLL
0x00007ffa4de40000 - 0x00007ffa4e10e000 	C:\Windows\System32\KERNELBASE.dll
0x00007ffa4dca0000 - 0x00007ffa4dda0000 	C:\Windows\System32\ucrtbase.dll
0x00007ffa2ca70000 - 0x00007ffa2ca87000 	C:\Program Files\Android\Android Studio\jbr\bin\jli.dll
0x00007ffa3ad20000 - 0x00007ffa3ad3b000 	C:\Program Files\Android\Android Studio\jbr\bin\VCRUNTIME140.dll
0x00007ffa4f600000 - 0x00007ffa4f7a0000 	C:\Windows\System32\USER32.dll
0x00007ffa4dda0000 - 0x00007ffa4ddc2000 	C:\Windows\System32\win32u.dll
0x00007ffa3bbd0000 - 0x00007ffa3be6a000 	C:\Windows\WinSxS\amd64_microsoft.windows.common-controls_6595b64144ccf1df_6.0.19041.1110_none_60b5254171f9507e\COMCTL32.dll
0x00007ffa504b0000 - 0x00007ffa504da000 	C:\Windows\System32\GDI32.dll
0x00007ffa4efe0000 - 0x00007ffa4f07e000 	C:\Windows\System32\msvcrt.dll
0x00007ffa4e2f0000 - 0x00007ffa4e3fb000 	C:\Windows\System32\gdi32full.dll
0x00007ffa4e250000 - 0x00007ffa4e2ed000 	C:\Windows\System32\msvcp_win.dll
0x00007ffa50480000 - 0x00007ffa504b0000 	C:\Windows\System32\IMM32.DLL
0x00007ffa43770000 - 0x00007ffa4377c000 	C:\Program Files\Android\Android Studio\jbr\bin\vcruntime140_1.dll
0x00007ffa2c9e0000 - 0x00007ffa2ca6d000 	C:\Program Files\Android\Android Studio\jbr\bin\msvcp140.dll
0x00007ffa1fa90000 - 0x00007ffa206fd000 	C:\Program Files\Android\Android Studio\jbr\bin\server\jvm.dll
0x00007ffa4e7b0000 - 0x00007ffa4e85e000 	C:\Windows\System32\ADVAPI32.dll
0x00007ffa4eec0000 - 0x00007ffa4ef5c000 	C:\Windows\System32\sechost.dll
0x00007ffa4ed90000 - 0x00007ffa4eeb5000 	C:\Windows\System32\RPCRT4.dll
0x00007ffa44d20000 - 0x00007ffa44d47000 	C:\Windows\SYSTEM32\WINMM.dll
0x00007ffa40500000 - 0x00007ffa40509000 	C:\Windows\SYSTEM32\WSOCK32.dll
0x00007ffa425b0000 - 0x00007ffa425ba000 	C:\Windows\SYSTEM32\VERSION.dll
0x00007ffa4f590000 - 0x00007ffa4f5fb000 	C:\Windows\System32\WS2_32.dll
0x00007ffa4bb50000 - 0x00007ffa4bb62000 	C:\Windows\SYSTEM32\kernel.appcore.dll
0x00007ffa39120000 - 0x00007ffa3912a000 	C:\Program Files\Android\Android Studio\jbr\bin\jimage.dll
0x00007ffa47200000 - 0x00007ffa473e4000 	C:\Windows\SYSTEM32\DBGHELP.DLL
0x00007ffa471a0000 - 0x00007ffa471cc000 	C:\Windows\SYSTEM32\dbgcore.DLL
0x00007ffa4e1c0000 - 0x00007ffa4e242000 	C:\Windows\System32\bcryptPrimitives.dll
0x00007ffa2dca0000 - 0x00007ffa2dcc5000 	C:\Program Files\Android\Android Studio\jbr\bin\java.dll
0x00007ffa33e20000 - 0x00007ffa33e38000 	C:\Program Files\Android\Android Studio\jbr\bin\zip.dll
0x00007ffa4f7a0000 - 0x00007ffa4fee4000 	C:\Windows\System32\SHELL32.dll
0x00007ffa4bd50000 - 0x00007ffa4c4e4000 	C:\Windows\SYSTEM32\windows.storage.dll
0x00007ffa4e980000 - 0x00007ffa4ecd4000 	C:\Windows\System32\combase.dll
0x00007ffa4d6b0000 - 0x00007ffa4d6e0000 	C:\Windows\SYSTEM32\Wldp.dll
0x00007ffa4e8c0000 - 0x00007ffa4e96d000 	C:\Windows\System32\SHCORE.dll
0x00007ffa50420000 - 0x00007ffa50475000 	C:\Windows\System32\shlwapi.dll
0x00007ffa4db90000 - 0x00007ffa4dbaf000 	C:\Windows\SYSTEM32\profapi.dll
0x00007ffa37db0000 - 0x00007ffa37dc9000 	C:\Program Files\Android\Android Studio\jbr\bin\net.dll
0x00007ffa426f0000 - 0x00007ffa427fa000 	C:\Windows\SYSTEM32\WINHTTP.dll
0x00007ffa4d410000 - 0x00007ffa4d47a000 	C:\Windows\system32\mswsock.dll
0x00007ffa34440000 - 0x00007ffa34456000 	C:\Program Files\Android\Android Studio\jbr\bin\nio.dll
0x00007ffa330b0000 - 0x00007ffa330c0000 	C:\Program Files\Android\Android Studio\jbr\bin\verify.dll
0x00007ffa1ecf0000 - 0x00007ffa1ed17000 	C:\Users\markt\.gradle\native\68d5fa5c4cc2d200863cafc0d521ce42e7d3e7ee720ec0a83991735586a16f82\windows-amd64\native-platform.dll
0x00007ffa1bc90000 - 0x00007ffa1bdd4000 	C:\Users\markt\.gradle\native\e376f236ea51e6404a007f0833ffe2c6e607c4080706a723a18a27aeea778392\windows-amd64\native-platform-file-events.dll
0x00007ffa34af0000 - 0x00007ffa34af9000 	C:\Program Files\Android\Android Studio\jbr\bin\management.dll
0x00007ffa342b0000 - 0x00007ffa342bb000 	C:\Program Files\Android\Android Studio\jbr\bin\management_ext.dll
0x00007ffa4f3d0000 - 0x00007ffa4f3d8000 	C:\Windows\System32\PSAPI.DLL
0x00007ffa4d600000 - 0x00007ffa4d618000 	C:\Windows\SYSTEM32\CRYPTSP.dll
0x00007ffa4cd20000 - 0x00007ffa4cd54000 	C:\Windows\system32\rsaenh.dll
0x00007ffa4e560000 - 0x00007ffa4e587000 	C:\Windows\System32\bcrypt.dll
0x00007ffa4db10000 - 0x00007ffa4db3e000 	C:\Windows\SYSTEM32\USERENV.dll
0x00007ffa4d620000 - 0x00007ffa4d62c000 	C:\Windows\SYSTEM32\CRYPTBASE.dll
0x00007ffa4d0b0000 - 0x00007ffa4d0eb000 	C:\Windows\SYSTEM32\IPHLPAPI.DLL
0x00007ffa504e0000 - 0x00007ffa504e8000 	C:\Windows\System32\NSI.dll
0x00007ffa45100000 - 0x00007ffa45117000 	C:\Windows\SYSTEM32\dhcpcsvc6.DLL
0x00007ffa44f60000 - 0x00007ffa44f7d000 	C:\Windows\SYSTEM32\dhcpcsvc.DLL
0x00007ffa4d100000 - 0x00007ffa4d1cb000 	C:\Windows\SYSTEM32\DNSAPI.dll
0x00007ffa39e00000 - 0x00007ffa39e07000 	C:\Windows\system32\wshunix.dll
0x00007ffa395f0000 - 0x00007ffa39607000 	C:\Windows\system32\napinsp.dll
0x00007ffa395d0000 - 0x00007ffa395eb000 	C:\Windows\system32\pnrpnsp.dll
0x00007ffa48200000 - 0x00007ffa48215000 	C:\Windows\system32\wshbth.dll
0x00007ffa47730000 - 0x00007ffa4774d000 	C:\Windows\system32\NLAapi.dll
0x00007ffa38ce0000 - 0x00007ffa38cf2000 	C:\Windows\System32\winrnr.dll
0x00007ffa44ff0000 - 0x00007ffa44ffa000 	C:\Windows\System32\rasadhlp.dll
0x00007ffa42340000 - 0x00007ffa423c0000 	C:\Windows\System32\fwpuclnt.dll
0x00007ffa3ba40000 - 0x00007ffa3ba47000 	C:\Program Files\Android\Android Studio\jbr\bin\rmi.dll

dbghelp: loaded successfully - version: 4.0.5 - missing functions: none
symbol engine: initialized successfully - sym options: 0x614 - pdb path: .;C:\Program Files\Android\Android Studio\jbr\bin;C:\Windows\SYSTEM32;C:\Windows\WinSxS\amd64_microsoft.windows.common-controls_6595b64144ccf1df_6.0.19041.1110_none_60b5254171f9507e;C:\Program Files\Android\Android Studio\jbr\bin\server;C:\Users\markt\.gradle\native\68d5fa5c4cc2d200863cafc0d521ce42e7d3e7ee720ec0a83991735586a16f82\windows-amd64;C:\Users\markt\.gradle\native\e376f236ea51e6404a007f0833ffe2c6e607c4080706a723a18a27aeea778392\windows-amd64

VM Arguments:
jvm_args: --add-opens=java.base/java.util=ALL-UNNAMED --add-opens=java.base/java.lang=ALL-UNNAMED --add-opens=java.base/java.lang.invoke=ALL-UNNAMED --add-opens=java.prefs/java.util.prefs=ALL-UNNAMED --add-opens=java.base/java.nio.charset=ALL-UNNAMED --add-opens=java.base/java.net=ALL-UNNAMED --add-opens=java.base/java.util.concurrent.atomic=ALL-UNNAMED -Xmx2048m -Dfile.encoding=UTF-8 -Duser.country=US -Duser.language=en -Duser.variant 
java_command: org.gradle.launcher.daemon.bootstrap.GradleDaemon 8.0
java_class_path (initial): C:\Users\markt\.gradle\wrapper\dists\gradle-8.0-bin\ca5e32bp14vu59qr306oxotwh\gradle-8.0\lib\gradle-launcher-8.0.jar
Launcher Type: SUN_STANDARD

[Global flags]
     intx CICompilerCount                          = 3                                         {product} {ergonomic}
     uint ConcGCThreads                            = 1                                         {product} {ergonomic}
     uint G1ConcRefinementThreads                  = 4                                         {product} {ergonomic}
   size_t G1HeapRegionSize                         = 1048576                                   {product} {ergonomic}
    uintx GCDrainStackTargetSize                   = 64                                        {product} {ergonomic}
   size_t InitialHeapSize                          = 134217728                                 {product} {ergonomic}
   size_t MarkStackSize                            = 4194304                                   {product} {ergonomic}
   size_t MaxHeapSize                              = 2147483648                                {product} {command line}
   size_t MaxNewSize                               = 1287651328                                {product} {ergonomic}
   size_t MinHeapDeltaBytes                        = 1048576                                   {product} {ergonomic}
   size_t MinHeapSize                              = 8388608                                   {product} {ergonomic}
    uintx NonNMethodCodeHeapSize                   = 5832780                                {pd product} {ergonomic}
    uintx NonProfiledCodeHeapSize                  = 122912730                              {pd product} {ergonomic}
    uintx ProfiledCodeHeapSize                     = 122912730                              {pd product} {ergonomic}
    uintx ReservedCodeCacheSize                    = 251658240                              {pd product} {ergonomic}
     bool SegmentedCodeCache                       = true                                      {product} {ergonomic}
   size_t SoftMaxHeapSize                          = 2147483648                             {manageable} {ergonomic}
     bool UseCompressedClassPointers               = true                           {product lp64_product} {ergonomic}
     bool UseCompressedOops                        = true                           {product lp64_product} {ergonomic}
     bool UseG1GC                                  = true                                      {product} {ergonomic}
     bool UseLargePagesIndividualAllocation        = false                                  {pd product} {ergonomic}

Logging:
Log output configuration:
 #0: stdout all=warning uptime,level,tags
 #1: stderr all=off uptime,level,tags

Environment Variables:
JAVA_HOME=C:\Program Files\Java\jdk-20\bin
PATH=C:\Users\markt\AppData\Local\Programs\Microsoft VS Code\bin;C:\Users\markt\AppData\Local\Programs\Python\Python311\;C:\Users\markt\AppData\Local\Programs\Python\Python311\Scripts\;C:\Program Files\nodejs;C:\Users\markt\AppData\Local\Programs\Python\Python311\Scripts\;C:\Users\markt\AppData\Local\Programs\Python\Python311\;C:\Users\markt\AppData\Local\Programs\Microsoft VS Code\bin;C:\Program Files\heroku\bin;C:\Program Files\nodejs;C:\Users\markt\AppData\Roaming\npm;
USERNAME=Tristan
OS=Windows_NT
PROCESSOR_IDENTIFIER=Intel64 Family 6 Model 60 Stepping 3, GenuineIntel
TMP=C:\Users\markt\AppData\Local\Temp
TEMP=C:\Users\markt\AppData\Local\Temp



---------------  S Y S T E M  ---------------

OS:
 Windows 10 , 64 bit Build 19041 (10.0.19041.1806)
OS uptime: 0 days 3:40 hours

CPU: total 4 (initial active 4) (2 cores per cpu, 2 threads per core) family 6 model 60 stepping 3 microcode 0x27, cx8, cmov, fxsr, ht, mmx, sse, sse2, sse3, ssse3, sse4.1, sse4.2, popcnt, lzcnt, tsc, tscinvbit, avx, avx2, aes, erms, clmul, bmi1, bmi2, fma, vzeroupper, clflush

Memory: 4k page, system-wide physical 8104M (432M free)
TotalPageFile size 10152M (AvailPageFile size 32M)
current process WorkingSet (physical memory assigned to process): 456M, peak: 511M
current process commit charge ("private bytes"): 582M, peak: 674M

vm_info: OpenJDK 64-Bit Server VM (17.0.6+0-b2043.56-9586694) for windows-amd64 JRE (17.0.6+0-b2043.56-9586694), built on Feb  9 2023 20:06:20 by "androidbuild" with MS VC++ 16.10 / 16.11 (VS2019)

END.
