#
# There is insufficient memory for the Java Runtime Environment to continue.
# Native memory allocation (mmap) failed to map 31457280 bytes for G1 virtual space
# Possible reasons:
#   The system is out of physical RAM or swap space
#   The process is running with CompressedOops enabled, and the Java Heap may be blocking the growth of the native heap
# Possible solutions:
#   Reduce memory load on the system
#   Increase physical memory or swap space
#   Check if swap backing store is full
#   Decrease Java heap size (-Xmx/-Xms)
#   Decrease number of Java threads
#   Decrease Java thread stack sizes (-Xss)
#   Set larger code cache with -XX:ReservedCodeCacheSize=
#   JVM is running with Unscaled Compressed Oops mode in which the Java heap is
#     placed in the first 4GB address space. The Java Heap base address is the
#     maximum limit for the native heap growth. Please use -XX:HeapBaseMinAddress
#     to set the Java Heap base and to place the Java Heap above 4GB virtual address.
# This output file may be truncated or incomplete.
#
#  Out of Memory Error (os_windows.cpp:3769), pid=2568, tid=10196
#
# JRE version: OpenJDK Runtime Environment (17.0.6) (build 17.0.6+0-b2043.56-9586694)
# Java VM: OpenJDK 64-Bit Server VM (17.0.6+0-b2043.56-9586694, mixed mode, tiered, compressed oops, compressed class ptrs, g1 gc, windows-amd64)
# No core dump will be written. Minidumps are not enabled by default on client versions of Windows
#

---------------  S U M M A R Y ------------

Command Line: --add-opens=java.base/java.util=ALL-UNNAMED --add-opens=java.base/java.lang=ALL-UNNAMED --add-opens=java.base/java.lang.invoke=ALL-UNNAMED --add-opens=java.prefs/java.util.prefs=ALL-UNNAMED --add-opens=java.base/java.nio.charset=ALL-UNNAMED --add-opens=java.base/java.net=ALL-UNNAMED --add-opens=java.base/java.util.concurrent.atomic=ALL-UNNAMED -Xmx2048m -Dfile.encoding=UTF-8 -Duser.country=US -Duser.language=en -Duser.variant org.gradle.launcher.daemon.bootstrap.GradleDaemon 8.0

Host: Intel(R) Core(TM) i5-4200M CPU @ 2.50GHz, 4 cores, 7G,  Windows 10 , 64 bit Build 19041 (10.0.19041.1806)
Time: Mon Aug  7 18:31:43 2023 Malay Peninsula Standard Time elapsed time: 12.849867 seconds (0d 0h 0m 12s)

---------------  T H R E A D  ---------------

Current thread (0x0000026cdfde2a50):  VMThread "VM Thread" [stack: 0x000000bc44800000,0x000000bc44900000] [id=10196]

Stack: [0x000000bc44800000,0x000000bc44900000]
Native frames: (J=compiled Java code, j=interpreted, Vv=VM code, C=native code)
V  [jvm.dll+0x683b4a]
V  [jvm.dll+0x842654]
V  [jvm.dll+0x843dfe]
V  [jvm.dll+0x844463]
V  [jvm.dll+0x249b75]
V  [jvm.dll+0x680a19]
V  [jvm.dll+0x674f0a]
V  [jvm.dll+0x309acb]
V  [jvm.dll+0x310f86]
V  [jvm.dll+0x3608ee]
V  [jvm.dll+0x360b1f]
V  [jvm.dll+0x2dfbf8]
V  [jvm.dll+0x2e2ce6]
V  [jvm.dll+0x2ed478]
V  [jvm.dll+0x322150]
V  [jvm.dll+0x84893b]
V  [jvm.dll+0x849674]
V  [jvm.dll+0x849b8d]
V  [jvm.dll+0x849f64]
V  [jvm.dll+0x84a030]
V  [jvm.dll+0x7f25fa]
V  [jvm.dll+0x682985]
C  [ucrtbase.dll+0x21bb2]
C  [KERNEL32.DLL+0x17034]
C  [ntdll.dll+0x52651]

VM_Operation (0x000000bc444ff960): G1Concurrent, mode: safepoint, requested by thread 0x0000026cc68e6240


---------------  P R O C E S S  ---------------

Threads class SMR info:
_java_thread_list=0x0000026ce391e220, length=81, elements={
0x0000026cc6876da0, 0x0000026cdfe2cda0, 0x0000026cdfe2eb30, 0x0000026cdfe7e420,
0x0000026ce080b090, 0x0000026ce080b950, 0x0000026ce080c210, 0x0000026ce080db40,
0x0000026ce080e440, 0x0000026ce083c040, 0x0000026ce09ce750, 0x0000026ce09d30b0,
0x0000026ce2e67b50, 0x0000026ce219e090, 0x0000026ce2f79270, 0x0000026ce3cadf30,
0x0000026ce1f00060, 0x0000026ce32e4e10, 0x0000026ce3324f10, 0x0000026ce3e24090,
0x0000026ce3e236f0, 0x0000026ce3e23bc0, 0x0000026ce3e22880, 0x0000026ce3e22d50,
0x0000026ce3e23220, 0x0000026ce3221490, 0x0000026ce3221960, 0x0000026ce3222300,
0x0000026ce3226b30, 0x0000026ce32227d0, 0x0000026ce3222ca0, 0x0000026ce3223b10,
0x0000026ce3227000, 0x0000026ce32274d0, 0x0000026ce3223640, 0x0000026ce321fc80,
0x0000026ce32257f0, 0x0000026ce3226660, 0x0000026ce3220620, 0x0000026ce3220af0,
0x0000026ce3220fc0, 0x0000026ce3224e50, 0x0000026ce3221e30, 0x0000026ce3225320,
0x0000026ce3225cc0, 0x0000026ce3226190, 0x0000026ce4689070, 0x0000026ce4686ec0,
0x0000026ce468c560, 0x0000026ce468bbc0, 0x0000026ce468c090, 0x0000026ce468dd70,
0x0000026ce4689540, 0x0000026ce4689a10, 0x0000026ce4689ee0, 0x0000026ce4687390,
0x0000026ce468d8a0, 0x0000026ce4686520, 0x0000026ce468a3b0, 0x0000026ce4687860,
0x0000026ce46869f0, 0x0000026ce468b220, 0x0000026ce468ca30, 0x0000026ce468a880,
0x0000026ce4687d30, 0x0000026ce46886d0, 0x0000026ce468ad50, 0x0000026ce468cf00,
0x0000026ce4688200, 0x0000026ce4688ba0, 0x0000026ce468b6f0, 0x0000026ce468d3d0,
0x0000026ce4b48fe0, 0x0000026ce4b4b190, 0x0000026ce4b4bb30, 0x0000026ce4b48170,
0x0000026ce4b477d0, 0x0000026ce4b4d810, 0x0000026ce4b4b660, 0x0000026ce3c139b0,
0x0000026ce4b48640
}

Java Threads: ( => current thread )
  0x0000026cc6876da0 JavaThread "main" [_thread_blocked, id=6260, stack(0x000000bc44200000,0x000000bc44300000)]
  0x0000026cdfe2cda0 JavaThread "Reference Handler" daemon [_thread_blocked, id=7048, stack(0x000000bc44900000,0x000000bc44a00000)]
  0x0000026cdfe2eb30 JavaThread "Finalizer" daemon [_thread_blocked, id=10112, stack(0x000000bc44a00000,0x000000bc44b00000)]
  0x0000026cdfe7e420 JavaThread "Signal Dispatcher" daemon [_thread_blocked, id=6356, stack(0x000000bc44b00000,0x000000bc44c00000)]
  0x0000026ce080b090 JavaThread "Attach Listener" daemon [_thread_blocked, id=5948, stack(0x000000bc44c00000,0x000000bc44d00000)]
  0x0000026ce080b950 JavaThread "Service Thread" daemon [_thread_blocked, id=3784, stack(0x000000bc44d00000,0x000000bc44e00000)]
  0x0000026ce080c210 JavaThread "Monitor Deflation Thread" daemon [_thread_blocked, id=7596, stack(0x000000bc44e00000,0x000000bc44f00000)]
  0x0000026ce080db40 JavaThread "C2 CompilerThread0" daemon [_thread_blocked, id=9512, stack(0x000000bc44f00000,0x000000bc45000000)]
  0x0000026ce080e440 JavaThread "C1 CompilerThread0" daemon [_thread_blocked, id=10044, stack(0x000000bc45000000,0x000000bc45100000)]
  0x0000026ce083c040 JavaThread "Sweeper thread" daemon [_thread_blocked, id=496, stack(0x000000bc45100000,0x000000bc45200000)]
  0x0000026ce09ce750 JavaThread "Common-Cleaner" daemon [_thread_blocked, id=7012, stack(0x000000bc45200000,0x000000bc45300000)]
  0x0000026ce09d30b0 JavaThread "Notification Thread" daemon [_thread_blocked, id=2508, stack(0x000000bc45300000,0x000000bc45400000)]
  0x0000026ce2e67b50 JavaThread "Daemon health stats" [_thread_blocked, id=6128, stack(0x000000bc45900000,0x000000bc45a00000)]
  0x0000026ce219e090 JavaThread "Incoming local TCP Connector on port 55278" [_thread_in_native, id=8224, stack(0x000000bc45a00000,0x000000bc45b00000)]
  0x0000026ce2f79270 JavaThread "Daemon periodic checks" [_thread_blocked, id=2416, stack(0x000000bc45b00000,0x000000bc45c00000)]
  0x0000026ce3cadf30 JavaThread "Daemon" [_thread_blocked, id=6984, stack(0x000000bc45c00000,0x000000bc45d00000)]
  0x0000026ce1f00060 JavaThread "Handler for socket connection from /127.0.0.1:55278 to /127.0.0.1:55279" [_thread_in_native, id=5268, stack(0x000000bc45d00000,0x000000bc45e00000)]
  0x0000026ce32e4e10 JavaThread "Cancel handler" [_thread_blocked, id=10232, stack(0x000000bc45e00000,0x000000bc45f00000)]
  0x0000026ce3324f10 JavaThread "Daemon worker" [_thread_blocked, id=7900, stack(0x000000bc45f00000,0x000000bc46000000)]
  0x0000026ce3e24090 JavaThread "Asynchronous log dispatcher for DefaultDaemonConnection: socket connection from /127.0.0.1:55278 to /127.0.0.1:55279" [_thread_blocked, id=7124, stack(0x000000bc46000000,0x000000bc46100000)]
  0x0000026ce3e236f0 JavaThread "Stdin handler" [_thread_blocked, id=3664, stack(0x000000bc46100000,0x000000bc46200000)]
  0x0000026ce3e23bc0 JavaThread "Daemon client event forwarder" [_thread_blocked, id=6844, stack(0x000000bc46200000,0x000000bc46300000)]
  0x0000026ce3e22880 JavaThread "Cache worker for journal cache (C:\Users\markt\.gradle\caches\journal-1)" [_thread_blocked, id=6788, stack(0x000000bc46300000,0x000000bc46400000)]
  0x0000026ce3e22d50 JavaThread "File lock request listener" [_thread_in_native, id=7668, stack(0x000000bc46400000,0x000000bc46500000)]
  0x0000026ce3e23220 JavaThread "Cache worker for file hash cache (C:\Users\markt\.gradle\caches\8.0\fileHashes)" [_thread_blocked, id=1344, stack(0x000000bc46500000,0x000000bc46600000)]
  0x0000026ce3221490 JavaThread "File watcher server" daemon [_thread_in_native, id=9732, stack(0x000000bc46600000,0x000000bc46700000)]
  0x0000026ce3221960 JavaThread "File watcher consumer" daemon [_thread_blocked, id=6180, stack(0x000000bc46700000,0x000000bc46800000)]
  0x0000026ce3222300 JavaThread "jar transforms" [_thread_blocked, id=5296, stack(0x000000bc46800000,0x000000bc46900000)]
  0x0000026ce3226b30 JavaThread "jar transforms Thread 2" [_thread_blocked, id=9136, stack(0x000000bc46900000,0x000000bc46a00000)]
  0x0000026ce32227d0 JavaThread "jar transforms Thread 3" [_thread_blocked, id=9632, stack(0x000000bc46a00000,0x000000bc46b00000)]
  0x0000026ce3222ca0 JavaThread "jar transforms Thread 4" [_thread_blocked, id=9868, stack(0x000000bc46b00000,0x000000bc46c00000)]
  0x0000026ce3223b10 JavaThread "Cache worker for checksums cache (C:\Users\markt\AndroidStudioProjects\WinrateCalculator\.gradle\8.0\checksums)" [_thread_blocked, id=4840, stack(0x000000bc46c00000,0x000000bc46d00000)]
  0x0000026ce3227000 JavaThread "Cache worker for cache directory md-rule (C:\Users\markt\.gradle\caches\8.0\md-rule)" [_thread_blocked, id=9348, stack(0x000000bc46d00000,0x000000bc46e00000)]
  0x0000026ce32274d0 JavaThread "Cache worker for file content cache (C:\Users\markt\.gradle\caches\8.0\fileContent)" [_thread_blocked, id=9852, stack(0x000000bc46e00000,0x000000bc46f00000)]
  0x0000026ce3223640 JavaThread "Cache worker for file hash cache (C:\Users\markt\AndroidStudioProjects\WinrateCalculator\.gradle\8.0\fileHashes)" [_thread_blocked, id=4440, stack(0x000000bc46f00000,0x000000bc47000000)]
  0x0000026ce321fc80 JavaThread "Cache worker for cache directory md-supplier (C:\Users\markt\.gradle\caches\8.0\md-supplier)" [_thread_blocked, id=660, stack(0x000000bc47000000,0x000000bc47100000)]
  0x0000026ce32257f0 JavaThread "Cache worker for execution history cache (C:\Users\markt\.gradle\caches\8.0\executionHistory)" [_thread_blocked, id=4456, stack(0x000000bc47100000,0x000000bc47200000)]
  0x0000026ce3226660 JavaThread "Cache worker for dependencies-accessors (C:\Users\markt\AndroidStudioProjects\WinrateCalculator\.gradle\8.0\dependencies-accessors)" [_thread_blocked, id=9604, stack(0x000000bc47200000,0x000000bc47300000)]
  0x0000026ce3220620 JavaThread "Cache worker for Build Output Cleanup Cache (C:\Users\markt\AndroidStudioProjects\WinrateCalculator\.gradle\buildOutputCleanup)" [_thread_blocked, id=6000, stack(0x000000bc47300000,0x000000bc47400000)]
  0x0000026ce3220af0 JavaThread "Unconstrained build operations" [_thread_blocked, id=5396, stack(0x000000bc47400000,0x000000bc47500000)]
  0x0000026ce3220fc0 JavaThread "Unconstrained build operations Thread 2" [_thread_blocked, id=4868, stack(0x000000bc47500000,0x000000bc47600000)]
  0x0000026ce3224e50 JavaThread "Unconstrained build operations Thread 3" [_thread_blocked, id=4024, stack(0x000000bc47600000,0x000000bc47700000)]
  0x0000026ce3221e30 JavaThread "Unconstrained build operations Thread 4" [_thread_blocked, id=8280, stack(0x000000bc47700000,0x000000bc47800000)]
  0x0000026ce3225320 JavaThread "Unconstrained build operations Thread 5" [_thread_blocked, id=4052, stack(0x000000bc47800000,0x000000bc47900000)]
  0x0000026ce3225cc0 JavaThread "Unconstrained build operations Thread 6" [_thread_blocked, id=9948, stack(0x000000bc47900000,0x000000bc47a00000)]
  0x0000026ce3226190 JavaThread "Unconstrained build operations Thread 7" [_thread_blocked, id=2944, stack(0x000000bc47a00000,0x000000bc47b00000)]
  0x0000026ce4689070 JavaThread "Unconstrained build operations Thread 8" [_thread_blocked, id=7536, stack(0x000000bc47b00000,0x000000bc47c00000)]
  0x0000026ce4686ec0 JavaThread "Unconstrained build operations Thread 9" [_thread_blocked, id=9584, stack(0x000000bc47c00000,0x000000bc47d00000)]
  0x0000026ce468c560 JavaThread "Unconstrained build operations Thread 10" [_thread_blocked, id=6680, stack(0x000000bc47d00000,0x000000bc47e00000)]
  0x0000026ce468bbc0 JavaThread "Unconstrained build operations Thread 11" [_thread_blocked, id=2600, stack(0x000000bc47e00000,0x000000bc47f00000)]
  0x0000026ce468c090 JavaThread "Unconstrained build operations Thread 12" [_thread_blocked, id=7324, stack(0x000000bc47f00000,0x000000bc48000000)]
  0x0000026ce468dd70 JavaThread "Unconstrained build operations Thread 13" [_thread_blocked, id=7332, stack(0x000000bc48000000,0x000000bc48100000)]
  0x0000026ce4689540 JavaThread "Unconstrained build operations Thread 14" [_thread_blocked, id=5416, stack(0x000000bc48100000,0x000000bc48200000)]
  0x0000026ce4689a10 JavaThread "Unconstrained build operations Thread 15" [_thread_blocked, id=6700, stack(0x000000bc48200000,0x000000bc48300000)]
  0x0000026ce4689ee0 JavaThread "Unconstrained build operations Thread 16" [_thread_blocked, id=7688, stack(0x000000bc48300000,0x000000bc48400000)]
  0x0000026ce4687390 JavaThread "Unconstrained build operations Thread 17" [_thread_blocked, id=8096, stack(0x000000bc48400000,0x000000bc48500000)]
  0x0000026ce468d8a0 JavaThread "Unconstrained build operations Thread 18" [_thread_blocked, id=8248, stack(0x000000bc48500000,0x000000bc48600000)]
  0x0000026ce4686520 JavaThread "Unconstrained build operations Thread 19" [_thread_blocked, id=8344, stack(0x000000bc48600000,0x000000bc48700000)]
  0x0000026ce468a3b0 JavaThread "Unconstrained build operations Thread 20" [_thread_blocked, id=5912, stack(0x000000bc48700000,0x000000bc48800000)]
  0x0000026ce4687860 JavaThread "Unconstrained build operations Thread 21" [_thread_blocked, id=8576, stack(0x000000bc48800000,0x000000bc48900000)]
  0x0000026ce46869f0 JavaThread "Unconstrained build operations Thread 22" [_thread_blocked, id=5108, stack(0x000000bc48900000,0x000000bc48a00000)]
  0x0000026ce468b220 JavaThread "Unconstrained build operations Thread 23" [_thread_blocked, id=10236, stack(0x000000bc48a00000,0x000000bc48b00000)]
  0x0000026ce468ca30 JavaThread "Unconstrained build operations Thread 24" [_thread_blocked, id=5352, stack(0x000000bc48b00000,0x000000bc48c00000)]
  0x0000026ce468a880 JavaThread "Unconstrained build operations Thread 25" [_thread_blocked, id=5472, stack(0x000000bc48c00000,0x000000bc48d00000)]
  0x0000026ce4687d30 JavaThread "Unconstrained build operations Thread 26" [_thread_blocked, id=5036, stack(0x000000bc48d00000,0x000000bc48e00000)]
  0x0000026ce46886d0 JavaThread "Unconstrained build operations Thread 27" [_thread_blocked, id=9524, stack(0x000000bc48e00000,0x000000bc48f00000)]
  0x0000026ce468ad50 JavaThread "Unconstrained build operations Thread 28" [_thread_blocked, id=1372, stack(0x000000bc48f00000,0x000000bc49000000)]
  0x0000026ce468cf00 JavaThread "Unconstrained build operations Thread 29" [_thread_blocked, id=8572, stack(0x000000bc49000000,0x000000bc49100000)]
  0x0000026ce4688200 JavaThread "Unconstrained build operations Thread 30" [_thread_blocked, id=9884, stack(0x000000bc49100000,0x000000bc49200000)]
  0x0000026ce4688ba0 JavaThread "Unconstrained build operations Thread 31" [_thread_blocked, id=4740, stack(0x000000bc49200000,0x000000bc49300000)]
  0x0000026ce468b6f0 JavaThread "Unconstrained build operations Thread 32" [_thread_blocked, id=4540, stack(0x000000bc49300000,0x000000bc49400000)]
  0x0000026ce468d3d0 JavaThread "Unconstrained build operations Thread 33" [_thread_blocked, id=7976, stack(0x000000bc49400000,0x000000bc49500000)]
  0x0000026ce4b48fe0 JavaThread "Unconstrained build operations Thread 34" [_thread_blocked, id=10188, stack(0x000000bc49500000,0x000000bc49600000)]
  0x0000026ce4b4b190 JavaThread "Unconstrained build operations Thread 35" [_thread_blocked, id=7788, stack(0x000000bc49600000,0x000000bc49700000)]
  0x0000026ce4b4bb30 JavaThread "Unconstrained build operations Thread 36" [_thread_blocked, id=7796, stack(0x000000bc49700000,0x000000bc49800000)]
  0x0000026ce4b48170 JavaThread "Unconstrained build operations Thread 37" [_thread_blocked, id=8052, stack(0x000000bc49800000,0x000000bc49900000)]
  0x0000026ce4b477d0 JavaThread "Unconstrained build operations Thread 38" [_thread_blocked, id=6628, stack(0x000000bc49900000,0x000000bc49a00000)]
  0x0000026ce4b4d810 JavaThread "Unconstrained build operations Thread 39" [_thread_blocked, id=5492, stack(0x000000bc49a00000,0x000000bc49b00000)]
  0x0000026ce4b4b660 JavaThread "Unconstrained build operations Thread 40" [_thread_blocked, id=6220, stack(0x000000bc49b00000,0x000000bc49c00000)]
  0x0000026ce3c139b0 JavaThread "C2 CompilerThread1" daemon [_thread_blocked, id=5796, stack(0x000000bc45500000,0x000000bc45600000)]
  0x0000026ce4b48640 JavaThread "Memory manager" [_thread_blocked, id=1256, stack(0x000000bc49c00000,0x000000bc49d00000)]

Other Threads:
=>0x0000026cdfde2a50 VMThread "VM Thread" [stack: 0x000000bc44800000,0x000000bc44900000] [id=10196]
  0x0000026ce09cc420 WatcherThread [stack: 0x000000bc45400000,0x000000bc45500000] [id=3424]
  0x0000026cc68d53f0 GCTaskThread "GC Thread#0" [stack: 0x000000bc44300000,0x000000bc44400000] [id=1724]
  0x0000026ce0fec690 GCTaskThread "GC Thread#1" [stack: 0x000000bc45600000,0x000000bc45700000] [id=9640]
  0x0000026ce0c74a80 GCTaskThread "GC Thread#2" [stack: 0x000000bc45700000,0x000000bc45800000] [id=7268]
  0x0000026ce1613590 GCTaskThread "GC Thread#3" [stack: 0x000000bc45800000,0x000000bc45900000] [id=6948]
  0x0000026cc68e6240 ConcurrentGCThread "G1 Main Marker" [stack: 0x000000bc44400000,0x000000bc44500000] [id=7832]
  0x0000026cc68e7300 ConcurrentGCThread "G1 Conc#0" [stack: 0x000000bc44500000,0x000000bc44600000] [id=5832]
  0x0000026cc694df00 ConcurrentGCThread "G1 Refine#0" [stack: 0x000000bc44600000,0x000000bc44700000] [id=4336]
  0x0000026cc694e830 ConcurrentGCThread "G1 Service" [stack: 0x000000bc44700000,0x000000bc44800000] [id=7000]

Threads with active compile tasks:
C2 CompilerThread0    12873 6823       4       java.math.BigInteger::montReduce (99 bytes)
C2 CompilerThread1    12873 6827       4       java.util.HashMap$EntryIterator::next (5 bytes)

VM state: at safepoint (normal execution)

VM Mutex/Monitor currently owned by a thread:  ([mutex/lock_event])
[0x0000026cc68716d0] Threads_lock - owner thread: 0x0000026cdfde2a50
[0x0000026cc6872e70] Heap_lock - owner thread: 0x0000026cc68e6240

Heap address: 0x0000000080000000, size: 2048 MB, Compressed Oops mode: 32-bit

CDS archive(s) not mapped
Compressed class space mapped at: 0x0000000100000000-0x0000000140000000, reserved size: 1073741824
Narrow klass base: 0x0000000000000000, Narrow klass shift: 3, Narrow klass range: 0x140000000

GC Precious Log:
 CPUs: 4 total, 4 available
 Memory: 8104M
 Large Page Support: Disabled
 NUMA Support: Disabled
 Compressed Oops: Enabled (32-bit)
 Heap Region Size: 1M
 Heap Min Capacity: 8M
 Heap Initial Capacity: 128M
 Heap Max Capacity: 2G
 Pre-touch: Disabled
 Parallel Workers: 4
 Concurrent Workers: 1
 Concurrent Refinement Workers: 4
 Periodic GC: Disabled

Heap:
 garbage-first heap   total 204800K, used 139958K [0x0000000080000000, 0x0000000100000000)
  region size 1024K, 15 young (15360K), 3 survivors (3072K)
 Metaspace       used 65181K, committed 65856K, reserved 1105920K
  class space    used 8664K, committed 8960K, reserved 1048576K

Heap Regions: E=young(eden), S=young(survivor), O=old, HS=humongous(starts), HC=humongous(continues), CS=collection set, F=free, OA=open archive, CA=closed archive, TAMS=top-at-mark-start (previous, next)
|   0|0x0000000080000000, 0x0000000080100000, 0x0000000080100000|100%| O|  |TAMS 0x0000000080100000, 0x0000000080000000| Untracked 
|   1|0x0000000080100000, 0x0000000080200000, 0x0000000080200000|100%| O|  |TAMS 0x0000000080200000, 0x0000000080100000| Untracked 
|   2|0x0000000080200000, 0x0000000080300000, 0x0000000080300000|100%|HS|  |TAMS 0x0000000080300000, 0x0000000080200000| Complete 
|   3|0x0000000080300000, 0x0000000080400000, 0x0000000080400000|100%|HC|  |TAMS 0x0000000080400000, 0x0000000080300000| Complete 
|   4|0x0000000080400000, 0x0000000080500000, 0x0000000080500000|100%|HC|  |TAMS 0x0000000080500000, 0x0000000080400000| Complete 
|   5|0x0000000080500000, 0x0000000080600000, 0x0000000080600000|100%|HC|  |TAMS 0x0000000080600000, 0x0000000080500000| Complete 
|   6|0x0000000080600000, 0x0000000080700000, 0x0000000080700000|100%| O|  |TAMS 0x0000000080700000, 0x0000000080600000| Untracked 
|   7|0x0000000080700000, 0x0000000080800000, 0x0000000080800000|100%| O|  |TAMS 0x0000000080800000, 0x0000000080700000| Untracked 
|   8|0x0000000080800000, 0x0000000080900000, 0x0000000080900000|100%| O|  |TAMS 0x0000000080900000, 0x0000000080800000| Untracked 
|   9|0x0000000080900000, 0x0000000080a00000, 0x0000000080a00000|100%| O|  |TAMS 0x0000000080a00000, 0x0000000080900000| Untracked 
|  10|0x0000000080a00000, 0x0000000080b00000, 0x0000000080b00000|100%| O|  |TAMS 0x0000000080b00000, 0x0000000080a00000| Untracked 
|  11|0x0000000080b00000, 0x0000000080c00000, 0x0000000080c00000|100%|HS|  |TAMS 0x0000000080c00000, 0x0000000080b00000| Complete 
|  12|0x0000000080c00000, 0x0000000080d00000, 0x0000000080d00000|100%| O|  |TAMS 0x0000000080d00000, 0x0000000080c00000| Untracked 
|  13|0x0000000080d00000, 0x0000000080e00000, 0x0000000080e00000|100%| O|  |TAMS 0x0000000080e00000, 0x0000000080d00000| Updating 
|  14|0x0000000080e00000, 0x0000000080f00000, 0x0000000080f00000|100%| O|  |TAMS 0x0000000080f00000, 0x0000000080e00000| Untracked 
|  15|0x0000000080f00000, 0x0000000081000000, 0x0000000081000000|100%| O|  |TAMS 0x0000000081000000, 0x0000000080f00000| Untracked 
|  16|0x0000000081000000, 0x0000000081100000, 0x0000000081100000|100%| O|  |TAMS 0x0000000081100000, 0x0000000081000000| Untracked 
|  17|0x0000000081100000, 0x0000000081200000, 0x0000000081200000|100%| O|  |TAMS 0x0000000081200000, 0x0000000081100000| Untracked 
|  18|0x0000000081200000, 0x0000000081300000, 0x0000000081300000|100%| O|  |TAMS 0x0000000081300000, 0x0000000081200000| Untracked 
|  19|0x0000000081300000, 0x0000000081400000, 0x0000000081400000|100%| O|  |TAMS 0x0000000081400000, 0x0000000081300000| Untracked 
|  20|0x0000000081400000, 0x0000000081500000, 0x0000000081500000|100%| O|  |TAMS 0x0000000081500000, 0x0000000081400000| Updating 
|  21|0x0000000081500000, 0x0000000081600000, 0x0000000081600000|100%|HS|  |TAMS 0x0000000081600000, 0x0000000081500000| Complete 
|  22|0x0000000081600000, 0x0000000081700000, 0x0000000081700000|100%|HC|  |TAMS 0x0000000081700000, 0x0000000081600000| Complete 
|  23|0x0000000081700000, 0x0000000081800000, 0x0000000081800000|100%|HS|  |TAMS 0x0000000081800000, 0x0000000081700000| Complete 
|  24|0x0000000081800000, 0x0000000081900000, 0x0000000081900000|100%|HC|  |TAMS 0x0000000081900000, 0x0000000081800000| Complete 
|  25|0x0000000081900000, 0x0000000081a00000, 0x0000000081a00000|100%|HC|  |TAMS 0x0000000081a00000, 0x0000000081900000| Complete 
|  26|0x0000000081a00000, 0x0000000081b00000, 0x0000000081b00000|100%|HS|  |TAMS 0x0000000081b00000, 0x0000000081a00000| Complete 
|  27|0x0000000081b00000, 0x0000000081c00000, 0x0000000081c00000|100%|HC|  |TAMS 0x0000000081c00000, 0x0000000081b00000| Complete 
|  28|0x0000000081c00000, 0x0000000081d00000, 0x0000000081d00000|100%|HC|  |TAMS 0x0000000081d00000, 0x0000000081c00000| Complete 
|  29|0x0000000081d00000, 0x0000000081e00000, 0x0000000081e00000|100%|HS|  |TAMS 0x0000000081e00000, 0x0000000081d00000| Complete 
|  30|0x0000000081e00000, 0x0000000081f00000, 0x0000000081f00000|100%|HC|  |TAMS 0x0000000081f00000, 0x0000000081e00000| Complete 
|  31|0x0000000081f00000, 0x0000000082000000, 0x0000000082000000|100%|HS|  |TAMS 0x0000000082000000, 0x0000000081f00000| Complete 
|  32|0x0000000082000000, 0x0000000082100000, 0x0000000082100000|100%|HC|  |TAMS 0x0000000082100000, 0x0000000082000000| Complete 
|  33|0x0000000082100000, 0x0000000082200000, 0x0000000082200000|100%|HC|  |TAMS 0x0000000082200000, 0x0000000082100000| Complete 
|  34|0x0000000082200000, 0x0000000082300000, 0x0000000082300000|100%|HC|  |TAMS 0x0000000082300000, 0x0000000082200000| Complete 
|  35|0x0000000082300000, 0x0000000082400000, 0x0000000082400000|100%|HC|  |TAMS 0x0000000082400000, 0x0000000082300000| Complete 
|  36|0x0000000082400000, 0x0000000082500000, 0x0000000082500000|100%|HC|  |TAMS 0x0000000082500000, 0x0000000082400000| Complete 
|  37|0x0000000082500000, 0x0000000082600000, 0x0000000082600000|100%| O|  |TAMS 0x0000000082600000, 0x0000000082500000| Untracked 
|  38|0x0000000082600000, 0x0000000082700000, 0x0000000082700000|100%| O|  |TAMS 0x0000000082700000, 0x0000000082600000| Untracked 
|  39|0x0000000082700000, 0x0000000082800000, 0x0000000082800000|100%| O|  |TAMS 0x0000000082800000, 0x0000000082700000| Untracked 
|  40|0x0000000082800000, 0x0000000082900000, 0x0000000082900000|100%| O|  |TAMS 0x0000000082900000, 0x0000000082800000| Untracked 
|  41|0x0000000082900000, 0x0000000082a00000, 0x0000000082a00000|100%|HS|  |TAMS 0x0000000082a00000, 0x0000000082900000| Complete 
|  42|0x0000000082a00000, 0x0000000082b00000, 0x0000000082b00000|100%|HC|  |TAMS 0x0000000082b00000, 0x0000000082a00000| Complete 
|  43|0x0000000082b00000, 0x0000000082c00000, 0x0000000082c00000|100%|HC|  |TAMS 0x0000000082c00000, 0x0000000082b00000| Complete 
|  44|0x0000000082c00000, 0x0000000082d00000, 0x0000000082d00000|100%|HC|  |TAMS 0x0000000082d00000, 0x0000000082c00000| Complete 
|  45|0x0000000082d00000, 0x0000000082e00000, 0x0000000082e00000|100%|HC|  |TAMS 0x0000000082e00000, 0x0000000082d00000| Complete 
|  46|0x0000000082e00000, 0x0000000082f00000, 0x0000000082f00000|100%|HC|  |TAMS 0x0000000082f00000, 0x0000000082e00000| Complete 
|  47|0x0000000082f00000, 0x0000000083000000, 0x0000000083000000|100%|HC|  |TAMS 0x0000000083000000, 0x0000000082f00000| Complete 
|  48|0x0000000083000000, 0x0000000083100000, 0x0000000083100000|100%|HC|  |TAMS 0x0000000083100000, 0x0000000083000000| Complete 
|  49|0x0000000083100000, 0x0000000083200000, 0x0000000083200000|100%|HC|  |TAMS 0x0000000083200000, 0x0000000083100000| Complete 
|  50|0x0000000083200000, 0x0000000083300000, 0x0000000083300000|100%|HC|  |TAMS 0x0000000083300000, 0x0000000083200000| Complete 
|  51|0x0000000083300000, 0x0000000083400000, 0x0000000083400000|100%|HS|  |TAMS 0x0000000083400000, 0x0000000083300000| Complete 
|  52|0x0000000083400000, 0x0000000083500000, 0x0000000083500000|100%|HC|  |TAMS 0x0000000083500000, 0x0000000083400000| Complete 
|  53|0x0000000083500000, 0x0000000083600000, 0x0000000083600000|100%| O|  |TAMS 0x0000000083600000, 0x0000000083500000| Updating 
|  54|0x0000000083600000, 0x0000000083700000, 0x0000000083700000|100%| O|  |TAMS 0x0000000083700000, 0x0000000083600000| Untracked 
|  55|0x0000000083700000, 0x0000000083800000, 0x0000000083800000|100%| O|  |TAMS 0x0000000083800000, 0x0000000083700000| Untracked 
|  56|0x0000000083800000, 0x0000000083900000, 0x0000000083900000|100%| O|  |TAMS 0x0000000083900000, 0x0000000083800000| Untracked 
|  57|0x0000000083900000, 0x0000000083a00000, 0x0000000083a00000|100%| O|  |TAMS 0x0000000083a00000, 0x0000000083900000| Untracked 
|  58|0x0000000083a00000, 0x0000000083b00000, 0x0000000083b00000|100%| O|  |TAMS 0x0000000083b00000, 0x0000000083a00000| Untracked 
|  59|0x0000000083b00000, 0x0000000083c00000, 0x0000000083c00000|100%| O|  |TAMS 0x0000000083c00000, 0x0000000083b00000| Untracked 
|  60|0x0000000083c00000, 0x0000000083d00000, 0x0000000083d00000|100%| O|  |TAMS 0x0000000083d00000, 0x0000000083c00000| Untracked 
|  61|0x0000000083d00000, 0x0000000083e00000, 0x0000000083e00000|100%| O|  |TAMS 0x0000000083e00000, 0x0000000083d00000| Untracked 
|  62|0x0000000083e00000, 0x0000000083f00000, 0x0000000083f00000|100%|HS|  |TAMS 0x0000000083f00000, 0x0000000083e00000| Complete 
|  63|0x0000000083f00000, 0x0000000084000000, 0x0000000084000000|100%|HC|  |TAMS 0x0000000084000000, 0x0000000083f00000| Complete 
|  64|0x0000000084000000, 0x0000000084100000, 0x0000000084100000|100%|HC|  |TAMS 0x0000000084100000, 0x0000000084000000| Complete 
|  65|0x0000000084100000, 0x0000000084200000, 0x0000000084200000|100%|HC|  |TAMS 0x0000000084200000, 0x0000000084100000| Complete 
|  66|0x0000000084200000, 0x0000000084300000, 0x0000000084300000|100%|HC|  |TAMS 0x0000000084300000, 0x0000000084200000| Complete 
|  67|0x0000000084300000, 0x0000000084400000, 0x0000000084400000|100%|HC|  |TAMS 0x0000000084400000, 0x0000000084300000| Complete 
|  68|0x0000000084400000, 0x0000000084500000, 0x0000000084500000|100%|HC|  |TAMS 0x0000000084500000, 0x0000000084400000| Complete 
|  69|0x0000000084500000, 0x0000000084600000, 0x0000000084600000|100%|HC|  |TAMS 0x0000000084600000, 0x0000000084500000| Complete 
|  70|0x0000000084600000, 0x0000000084700000, 0x0000000084700000|100%|HC|  |TAMS 0x0000000084700000, 0x0000000084600000| Complete 
|  71|0x0000000084700000, 0x0000000084800000, 0x0000000084800000|100%|HC|  |TAMS 0x0000000084800000, 0x0000000084700000| Complete 
|  72|0x0000000084800000, 0x0000000084900000, 0x0000000084900000|100%|HC|  |TAMS 0x0000000084900000, 0x0000000084800000| Complete 
|  73|0x0000000084900000, 0x0000000084a00000, 0x0000000084a00000|100%|HS|  |TAMS 0x0000000084a00000, 0x0000000084900000| Complete 
|  74|0x0000000084a00000, 0x0000000084b00000, 0x0000000084b00000|100%|HC|  |TAMS 0x0000000084b00000, 0x0000000084a00000| Complete 
|  75|0x0000000084b00000, 0x0000000084c00000, 0x0000000084c00000|100%|HS|  |TAMS 0x0000000084c00000, 0x0000000084b00000| Complete 
|  76|0x0000000084c00000, 0x0000000084d00000, 0x0000000084d00000|100%|HC|  |TAMS 0x0000000084d00000, 0x0000000084c00000| Complete 
|  77|0x0000000084d00000, 0x0000000084e00000, 0x0000000084e00000|100%|HC|  |TAMS 0x0000000084e00000, 0x0000000084d00000| Complete 
|  78|0x0000000084e00000, 0x0000000084f00000, 0x0000000084f00000|100%|HS|  |TAMS 0x0000000084f00000, 0x0000000084e00000| Complete 
|  79|0x0000000084f00000, 0x0000000085000000, 0x0000000085000000|100%|HC|  |TAMS 0x0000000085000000, 0x0000000084f00000| Complete 
|  80|0x0000000085000000, 0x0000000085100000, 0x0000000085100000|100%|HS|  |TAMS 0x0000000085100000, 0x0000000085000000| Complete 
|  81|0x0000000085100000, 0x0000000085200000, 0x0000000085200000|100%|HC|  |TAMS 0x0000000085200000, 0x0000000085100000| Complete 
|  82|0x0000000085200000, 0x0000000085300000, 0x0000000085300000|100%|HC|  |TAMS 0x0000000085300000, 0x0000000085200000| Complete 
|  83|0x0000000085300000, 0x0000000085400000, 0x0000000085400000|100%| O|  |TAMS 0x0000000085400000, 0x0000000085300000| Untracked 
|  84|0x0000000085400000, 0x0000000085500000, 0x0000000085500000|100%| O|  |TAMS 0x0000000085500000, 0x0000000085400000| Untracked 
|  85|0x0000000085500000, 0x0000000085600000, 0x0000000085600000|100%| O|  |TAMS 0x0000000085600000, 0x0000000085500000| Untracked 
|  86|0x0000000085600000, 0x0000000085700000, 0x0000000085700000|100%| O|  |TAMS 0x0000000085700000, 0x0000000085600000| Untracked 
|  87|0x0000000085700000, 0x0000000085800000, 0x0000000085800000|100%| O|  |TAMS 0x0000000085800000, 0x0000000085700000| Untracked 
|  88|0x0000000085800000, 0x0000000085900000, 0x0000000085900000|100%| O|  |TAMS 0x0000000085900000, 0x0000000085800000| Untracked 
|  89|0x0000000085900000, 0x0000000085a00000, 0x0000000085a00000|100%| O|  |TAMS 0x0000000085a00000, 0x0000000085900000| Untracked 
|  90|0x0000000085a00000, 0x0000000085b00000, 0x0000000085b00000|100%|HS|  |TAMS 0x0000000085b00000, 0x0000000085a00000| Complete 
|  91|0x0000000085b00000, 0x0000000085c00000, 0x0000000085c00000|100%|HC|  |TAMS 0x0000000085c00000, 0x0000000085b00000| Complete 
|  92|0x0000000085c00000, 0x0000000085d00000, 0x0000000085d00000|100%|HC|  |TAMS 0x0000000085d00000, 0x0000000085c00000| Complete 
|  93|0x0000000085d00000, 0x0000000085e00000, 0x0000000085e00000|100%|HC|  |TAMS 0x0000000085e00000, 0x0000000085d00000| Complete 
|  94|0x0000000085e00000, 0x0000000085f00000, 0x0000000085f00000|100%|HC|  |TAMS 0x0000000085f00000, 0x0000000085e00000| Complete 
|  95|0x0000000085f00000, 0x0000000086000000, 0x0000000086000000|100%|HC|  |TAMS 0x0000000086000000, 0x0000000085f00000| Complete 
|  96|0x0000000086000000, 0x0000000086100000, 0x0000000086100000|100%|HS|  |TAMS 0x0000000086100000, 0x0000000086000000| Complete 
|  97|0x0000000086100000, 0x0000000086200000, 0x0000000086200000|100%| O|  |TAMS 0x0000000086200000, 0x0000000086100000| Untracked 
|  98|0x0000000086200000, 0x0000000086300000, 0x0000000086300000|100%|HS|  |TAMS 0x0000000086300000, 0x0000000086200000| Complete 
|  99|0x0000000086300000, 0x0000000086400000, 0x0000000086400000|100%|HS|  |TAMS 0x0000000086400000, 0x0000000086300000| Complete 
| 100|0x0000000086400000, 0x0000000086500000, 0x0000000086500000|100%|HC|  |TAMS 0x0000000086500000, 0x0000000086400000| Complete 
| 101|0x0000000086500000, 0x0000000086600000, 0x0000000086600000|100%|HS|  |TAMS 0x0000000086600000, 0x0000000086500000| Complete 
| 102|0x0000000086600000, 0x0000000086700000, 0x0000000086700000|100%|HS|  |TAMS 0x0000000086700000, 0x0000000086600000| Complete 
| 103|0x0000000086700000, 0x0000000086800000, 0x0000000086800000|100%|HC|  |TAMS 0x0000000086800000, 0x0000000086700000| Complete 
| 104|0x0000000086800000, 0x0000000086900000, 0x0000000086900000|100%|HC|  |TAMS 0x0000000086900000, 0x0000000086800000| Complete 
| 105|0x0000000086900000, 0x0000000086a00000, 0x0000000086a00000|100%|HC|  |TAMS 0x0000000086a00000, 0x0000000086900000| Complete 
| 106|0x0000000086a00000, 0x0000000086b00000, 0x0000000086b00000|100%| O|  |TAMS 0x0000000086b00000, 0x0000000086a00000| Untracked 
| 107|0x0000000086b00000, 0x0000000086c00000, 0x0000000086c00000|100%| O|  |TAMS 0x0000000086c00000, 0x0000000086b00000| Untracked 
| 108|0x0000000086c00000, 0x0000000086d00000, 0x0000000086d00000|100%| O|  |TAMS 0x0000000086d00000, 0x0000000086c00000| Untracked 
| 109|0x0000000086d00000, 0x0000000086e00000, 0x0000000086e00000|100%| O|  |TAMS 0x0000000086e00000, 0x0000000086d00000| Untracked 
| 110|0x0000000086e00000, 0x0000000086f00000, 0x0000000086f00000|100%| O|  |TAMS 0x0000000086f00000, 0x0000000086e00000| Untracked 
| 111|0x0000000086f00000, 0x0000000087000000, 0x0000000087000000|100%| O|  |TAMS 0x0000000087000000, 0x0000000086f00000| Untracked 
| 112|0x0000000087000000, 0x0000000087100000, 0x0000000087100000|100%| O|  |TAMS 0x0000000087100000, 0x0000000087000000| Untracked 
| 113|0x0000000087100000, 0x0000000087200000, 0x0000000087200000|100%| O|  |TAMS 0x0000000087200000, 0x0000000087100000| Untracked 
| 114|0x0000000087200000, 0x0000000087300000, 0x0000000087300000|100%| O|  |TAMS 0x0000000087300000, 0x0000000087200000| Untracked 
| 115|0x0000000087300000, 0x0000000087400000, 0x0000000087400000|100%| O|  |TAMS 0x0000000087400000, 0x0000000087300000| Untracked 
| 116|0x0000000087400000, 0x00000000874ada00, 0x0000000087500000| 67%| O|  |TAMS 0x00000000874ada00, 0x0000000087400000| Updating 
| 117|0x0000000087500000, 0x0000000087600000, 0x0000000087600000|100%|HS|  |TAMS 0x0000000087500000, 0x0000000087500000| Complete 
| 118|0x0000000087600000, 0x0000000087700000, 0x0000000087700000|100%|HS|  |TAMS 0x0000000087600000, 0x0000000087600000| Complete 
| 119|0x0000000087700000, 0x0000000087800000, 0x0000000087800000|100%|HS|  |TAMS 0x0000000087700000, 0x0000000087700000| Complete 
| 120|0x0000000087800000, 0x0000000087900000, 0x0000000087900000|100%|HS|  |TAMS 0x0000000087800000, 0x0000000087800000| Complete 
| 121|0x0000000087900000, 0x0000000087a00000, 0x0000000087a00000|100%|HS|  |TAMS 0x0000000087900000, 0x0000000087900000| Complete 
| 122|0x0000000087a00000, 0x0000000087b00000, 0x0000000087b00000|100%|HS|  |TAMS 0x0000000087a00000, 0x0000000087a00000| Complete 
| 123|0x0000000087b00000, 0x0000000087b00000, 0x0000000087c00000|  0%| F|  |TAMS 0x0000000087b00000, 0x0000000087b00000| Untracked 
| 124|0x0000000087c00000, 0x0000000087c00000, 0x0000000087d00000|  0%| F|  |TAMS 0x0000000087c00000, 0x0000000087c00000| Untracked 
| 125|0x0000000087d00000, 0x0000000087d00000, 0x0000000087e00000|  0%| F|  |TAMS 0x0000000087d00000, 0x0000000087d00000| Untracked 
| 126|0x0000000087e00000, 0x0000000087e00000, 0x0000000087f00000|  0%| F|  |TAMS 0x0000000087e00000, 0x0000000087e00000| Untracked 
| 127|0x0000000087f00000, 0x0000000087f00000, 0x0000000088000000|  0%| F|  |TAMS 0x0000000087f00000, 0x0000000087f00000| Untracked 
| 128|0x0000000088000000, 0x0000000088000000, 0x0000000088100000|  0%| F|  |TAMS 0x0000000088000000, 0x0000000088000000| Untracked 
| 129|0x0000000088100000, 0x0000000088100000, 0x0000000088200000|  0%| F|  |TAMS 0x0000000088100000, 0x0000000088100000| Untracked 
| 130|0x0000000088200000, 0x0000000088200000, 0x0000000088300000|  0%| F|  |TAMS 0x0000000088200000, 0x0000000088200000| Untracked 
| 131|0x0000000088300000, 0x0000000088300000, 0x0000000088400000|  0%| F|  |TAMS 0x0000000088300000, 0x0000000088300000| Untracked 
| 132|0x0000000088400000, 0x0000000088400000, 0x0000000088500000|  0%| F|  |TAMS 0x0000000088400000, 0x0000000088400000| Untracked 
| 133|0x0000000088500000, 0x0000000088500000, 0x0000000088600000|  0%| F|  |TAMS 0x0000000088500000, 0x0000000088500000| Untracked 
| 134|0x0000000088600000, 0x0000000088600000, 0x0000000088700000|  0%| F|  |TAMS 0x0000000088600000, 0x0000000088600000| Untracked 
| 135|0x0000000088700000, 0x0000000088700000, 0x0000000088800000|  0%| F|  |TAMS 0x0000000088700000, 0x0000000088700000| Untracked 
| 136|0x0000000088800000, 0x0000000088800000, 0x0000000088900000|  0%| F|  |TAMS 0x0000000088800000, 0x0000000088800000| Untracked 
| 137|0x0000000088900000, 0x0000000088900000, 0x0000000088a00000|  0%| F|  |TAMS 0x0000000088900000, 0x0000000088900000| Untracked 
| 138|0x0000000088a00000, 0x0000000088a00000, 0x0000000088b00000|  0%| F|  |TAMS 0x0000000088a00000, 0x0000000088a00000| Untracked 
| 139|0x0000000088b00000, 0x0000000088b00000, 0x0000000088c00000|  0%| F|  |TAMS 0x0000000088b00000, 0x0000000088b00000| Untracked 
| 140|0x0000000088c00000, 0x0000000088c00000, 0x0000000088d00000|  0%| F|  |TAMS 0x0000000088c00000, 0x0000000088c00000| Untracked 
| 141|0x0000000088d00000, 0x0000000088d00000, 0x0000000088e00000|  0%| F|  |TAMS 0x0000000088d00000, 0x0000000088d00000| Untracked 
| 142|0x0000000088e00000, 0x0000000088e00000, 0x0000000088f00000|  0%| F|  |TAMS 0x0000000088e00000, 0x0000000088e00000| Untracked 
| 143|0x0000000088f00000, 0x0000000088f00000, 0x0000000089000000|  0%| F|  |TAMS 0x0000000088f00000, 0x0000000088f00000| Untracked 
| 144|0x0000000089000000, 0x0000000089000000, 0x0000000089100000|  0%| F|  |TAMS 0x0000000089000000, 0x0000000089000000| Untracked 
| 145|0x0000000089100000, 0x0000000089100000, 0x0000000089200000|  0%| F|  |TAMS 0x0000000089100000, 0x0000000089100000| Untracked 
| 146|0x0000000089200000, 0x0000000089200000, 0x0000000089300000|  0%| F|  |TAMS 0x0000000089200000, 0x0000000089200000| Untracked 
| 147|0x0000000089300000, 0x0000000089300000, 0x0000000089400000|  0%| F|  |TAMS 0x0000000089300000, 0x0000000089300000| Untracked 
| 148|0x0000000089400000, 0x0000000089400000, 0x0000000089500000|  0%| F|  |TAMS 0x0000000089400000, 0x0000000089400000| Untracked 
| 149|0x0000000089500000, 0x0000000089500000, 0x0000000089600000|  0%| F|  |TAMS 0x0000000089500000, 0x0000000089500000| Untracked 
| 150|0x0000000089600000, 0x0000000089600000, 0x0000000089700000|  0%| F|  |TAMS 0x0000000089600000, 0x0000000089600000| Untracked 
| 151|0x0000000089700000, 0x0000000089700000, 0x0000000089800000|  0%| F|  |TAMS 0x0000000089700000, 0x0000000089700000| Untracked 
| 152|0x0000000089800000, 0x0000000089800000, 0x0000000089900000|  0%| F|  |TAMS 0x0000000089800000, 0x0000000089800000| Untracked 
| 153|0x0000000089900000, 0x0000000089900000, 0x0000000089a00000|  0%| F|  |TAMS 0x0000000089900000, 0x0000000089900000| Untracked 
| 154|0x0000000089a00000, 0x0000000089a00000, 0x0000000089b00000|  0%| F|  |TAMS 0x0000000089a00000, 0x0000000089a00000| Untracked 
| 155|0x0000000089b00000, 0x0000000089b00000, 0x0000000089c00000|  0%| F|  |TAMS 0x0000000089b00000, 0x0000000089b00000| Untracked 
| 156|0x0000000089c00000, 0x0000000089c00000, 0x0000000089d00000|  0%| F|  |TAMS 0x0000000089c00000, 0x0000000089c00000| Untracked 
| 157|0x0000000089d00000, 0x0000000089d00000, 0x0000000089e00000|  0%| F|  |TAMS 0x0000000089d00000, 0x0000000089d00000| Untracked 
| 158|0x0000000089e00000, 0x0000000089e00000, 0x0000000089f00000|  0%| F|  |TAMS 0x0000000089e00000, 0x0000000089e00000| Untracked 
| 159|0x0000000089f00000, 0x0000000089f00000, 0x000000008a000000|  0%| F|  |TAMS 0x0000000089f00000, 0x0000000089f00000| Untracked 
| 160|0x000000008a000000, 0x000000008a000000, 0x000000008a100000|  0%| F|  |TAMS 0x000000008a000000, 0x000000008a000000| Untracked 
| 161|0x000000008a100000, 0x000000008a100000, 0x000000008a200000|  0%| F|  |TAMS 0x000000008a100000, 0x000000008a100000| Untracked 
| 162|0x000000008a200000, 0x000000008a200000, 0x000000008a300000|  0%| F|  |TAMS 0x000000008a200000, 0x000000008a200000| Untracked 
| 163|0x000000008a300000, 0x000000008a300000, 0x000000008a400000|  0%| F|  |TAMS 0x000000008a300000, 0x000000008a300000| Untracked 
| 164|0x000000008a400000, 0x000000008a400000, 0x000000008a500000|  0%| F|  |TAMS 0x000000008a400000, 0x000000008a400000| Untracked 
| 165|0x000000008a500000, 0x000000008a500000, 0x000000008a600000|  0%| F|  |TAMS 0x000000008a500000, 0x000000008a500000| Untracked 
| 166|0x000000008a600000, 0x000000008a600000, 0x000000008a700000|  0%| F|  |TAMS 0x000000008a600000, 0x000000008a600000| Untracked 
| 167|0x000000008a700000, 0x000000008a700000, 0x000000008a800000|  0%| F|  |TAMS 0x000000008a700000, 0x000000008a700000| Untracked 
| 168|0x000000008a800000, 0x000000008a800000, 0x000000008a900000|  0%| F|  |TAMS 0x000000008a800000, 0x000000008a800000| Untracked 
| 169|0x000000008a900000, 0x000000008a900000, 0x000000008aa00000|  0%| F|  |TAMS 0x000000008a900000, 0x000000008a900000| Untracked 
| 170|0x000000008aa00000, 0x000000008aa00000, 0x000000008ab00000|  0%| F|  |TAMS 0x000000008aa00000, 0x000000008aa00000| Untracked 
| 171|0x000000008ab00000, 0x000000008ab00000, 0x000000008ac00000|  0%| F|  |TAMS 0x000000008ab00000, 0x000000008ab00000| Untracked 
| 172|0x000000008ac00000, 0x000000008ac00000, 0x000000008ad00000|  0%| F|  |TAMS 0x000000008ac00000, 0x000000008ac00000| Untracked 
| 173|0x000000008ad00000, 0x000000008ad00000, 0x000000008ae00000|  0%| F|  |TAMS 0x000000008ad00000, 0x000000008ad00000| Untracked 
| 174|0x000000008ae00000, 0x000000008ae00000, 0x000000008af00000|  0%| F|  |TAMS 0x000000008ae00000, 0x000000008ae00000| Untracked 
| 175|0x000000008af00000, 0x000000008af00000, 0x000000008b000000|  0%| F|  |TAMS 0x000000008af00000, 0x000000008af00000| Untracked 
| 176|0x000000008b000000, 0x000000008b000000, 0x000000008b100000|  0%| F|  |TAMS 0x000000008b000000, 0x000000008b000000| Untracked 
| 177|0x000000008b100000, 0x000000008b100000, 0x000000008b200000|  0%| F|  |TAMS 0x000000008b100000, 0x000000008b100000| Untracked 
| 178|0x000000008b200000, 0x000000008b200000, 0x000000008b300000|  0%| F|  |TAMS 0x000000008b200000, 0x000000008b200000| Untracked 
| 179|0x000000008b300000, 0x000000008b300000, 0x000000008b400000|  0%| F|  |TAMS 0x000000008b300000, 0x000000008b300000| Untracked 
| 180|0x000000008b400000, 0x000000008b400000, 0x000000008b500000|  0%| F|  |TAMS 0x000000008b400000, 0x000000008b400000| Untracked 
| 181|0x000000008b500000, 0x000000008b500000, 0x000000008b600000|  0%| F|  |TAMS 0x000000008b500000, 0x000000008b500000| Untracked 
| 182|0x000000008b600000, 0x000000008b600000, 0x000000008b700000|  0%| F|  |TAMS 0x000000008b600000, 0x000000008b600000| Untracked 
| 183|0x000000008b700000, 0x000000008b700000, 0x000000008b800000|  0%| F|  |TAMS 0x000000008b700000, 0x000000008b700000| Untracked 
| 184|0x000000008b800000, 0x000000008b800000, 0x000000008b900000|  0%| F|  |TAMS 0x000000008b800000, 0x000000008b800000| Untracked 
| 185|0x000000008b900000, 0x000000008ba00000, 0x000000008ba00000|100%| E|  |TAMS 0x000000008b900000, 0x000000008b900000| Complete 
| 186|0x000000008ba00000, 0x000000008bb00000, 0x000000008bb00000|100%| E|CS|TAMS 0x000000008ba00000, 0x000000008ba00000| Complete 
| 187|0x000000008bb00000, 0x000000008bc00000, 0x000000008bc00000|100%| E|CS|TAMS 0x000000008bb00000, 0x000000008bb00000| Complete 
| 188|0x000000008bc00000, 0x000000008bd00000, 0x000000008bd00000|100%| E|CS|TAMS 0x000000008bc00000, 0x000000008bc00000| Complete 
| 189|0x000000008bd00000, 0x000000008be00000, 0x000000008be00000|100%| S|CS|TAMS 0x000000008bd00000, 0x000000008bd00000| Complete 
| 190|0x000000008be00000, 0x000000008bf00000, 0x000000008bf00000|100%| S|CS|TAMS 0x000000008be00000, 0x000000008be00000| Complete 
| 191|0x000000008bf00000, 0x000000008c000000, 0x000000008c000000|100%| S|CS|TAMS 0x000000008bf00000, 0x000000008bf00000| Complete 
| 192|0x000000008c000000, 0x000000008c100000, 0x000000008c100000|100%| E|CS|TAMS 0x000000008c000000, 0x000000008c000000| Complete 
| 193|0x000000008c100000, 0x000000008c200000, 0x000000008c200000|100%| E|CS|TAMS 0x000000008c100000, 0x000000008c100000| Complete 
| 194|0x000000008c200000, 0x000000008c300000, 0x000000008c300000|100%| E|CS|TAMS 0x000000008c200000, 0x000000008c200000| Complete 
| 195|0x000000008c300000, 0x000000008c400000, 0x000000008c400000|100%| E|CS|TAMS 0x000000008c300000, 0x000000008c300000| Complete 
| 196|0x000000008c400000, 0x000000008c500000, 0x000000008c500000|100%| E|CS|TAMS 0x000000008c400000, 0x000000008c400000| Complete 
| 197|0x000000008c500000, 0x000000008c600000, 0x000000008c600000|100%| E|CS|TAMS 0x000000008c500000, 0x000000008c500000| Complete 
| 198|0x000000008c600000, 0x000000008c700000, 0x000000008c700000|100%| E|CS|TAMS 0x000000008c600000, 0x000000008c600000| Complete 
| 199|0x000000008c700000, 0x000000008c800000, 0x000000008c800000|100%| E|CS|TAMS 0x000000008c700000, 0x000000008c700000| Complete 

Card table byte_map: [0x0000026cd9150000,0x0000026cd9550000] _byte_map_base: 0x0000026cd8d50000

Marking Bits (Prev, Next): (CMBitMap*) 0x0000026cc68d5910, (CMBitMap*) 0x0000026cc68d5950
 Prev Bits: [0x0000026cd9950000, 0x0000026cdb950000)
 Next Bits: [0x0000026cdb950000, 0x0000026cdd950000)

Polling page: 0x0000026cc4860000

Metaspace:

Usage:
  Non-class:     55.19 MB used.
      Class:      8.46 MB used.
       Both:     63.65 MB used.

Virtual space:
  Non-class space:       56.00 MB reserved,      55.56 MB (>99%) committed,  7 nodes.
      Class space:        1.00 GB reserved,       8.75 MB ( <1%) committed,  1 nodes.
             Both:        1.05 GB reserved,      64.31 MB (  6%) committed. 

Chunk freelists:
   Non-Class:  371.00 KB
       Class:  3.14 MB
        Both:  3.50 MB

MaxMetaspaceSize: unlimited
CompressedClassSpaceSize: 1.00 GB
Initial GC threshold: 21.00 MB
Current GC threshold: 104.50 MB
CDS: off
MetaspaceReclaimPolicy: balanced
 - commit_granule_bytes: 65536.
 - commit_granule_words: 8192.
 - virtual_space_node_default_size: 1048576.
 - enlarge_chunks_in_place: 1.
 - new_chunks_are_fully_committed: 0.
 - uncommit_free_chunks: 1.
 - use_allocation_guard: 0.
 - handle_deallocations: 1.


Internal statistics:

num_allocs_failed_limit: 3.
num_arena_births: 684.
num_arena_deaths: 0.
num_vsnodes_births: 8.
num_vsnodes_deaths: 0.
num_space_committed: 1029.
num_space_uncommitted: 0.
num_chunks_returned_to_freelist: 3.
num_chunks_taken_from_freelist: 2848.
num_chunk_merges: 3.
num_chunk_splits: 1866.
num_chunks_enlarged: 1248.
num_purges: 0.
num_inconsistent_stats: 0.

CodeHeap 'non-profiled nmethods': size=120000Kb used=3262Kb max_used=3435Kb free=116737Kb
 bounds [0x0000026cd1820000, 0x0000026cd1b80000, 0x0000026cd8d50000]
CodeHeap 'profiled nmethods': size=120000Kb used=11468Kb max_used=11760Kb free=108532Kb
 bounds [0x0000026cc9d50000, 0x0000026cca8d0000, 0x0000026cd1280000]
CodeHeap 'non-nmethods': size=5760Kb used=2351Kb max_used=2396Kb free=3408Kb
 bounds [0x0000026cd1280000, 0x0000026cd14f0000, 0x0000026cd1820000]
 total_blobs=6842 nmethods=5965 adapters=789
 compilation: enabled
              stopped_count=0, restarted_count=0
 full_count=0

Compilation events (20 events):
Event: 12.797 Thread 0x0000026ce080e440 6820       3       java.math.SignedMutableBigInteger::signedAdd (34 bytes)
Event: 12.797 Thread 0x0000026ce080e440 nmethod 6820 0x0000026cca2fff90 code [0x0000026cca300140, 0x0000026cca300438]
Event: 12.797 Thread 0x0000026ce080e440 6821       3       java.math.SignedMutableBigInteger::signedSubtract (34 bytes)
Event: 12.797 Thread 0x0000026ce080e440 nmethod 6821 0x0000026cca2ffa10 code [0x0000026cca2ffbc0, 0x0000026cca2ffeb8]
Event: 12.798 Thread 0x0000026ce080e440 6822       3       java.math.MutableBigInteger::divWord (108 bytes)
Event: 12.798 Thread 0x0000026ce080e440 nmethod 6822 0x0000026cca2ff390 code [0x0000026cca2ff540, 0x0000026cca2ff8b8]
Event: 12.802 Thread 0x0000026ce080db40 nmethod 6805 0x0000026cd1a73790 code [0x0000026cd1a73900, 0x0000026cd1a73c18]
Event: 12.802 Thread 0x0000026ce080db40 6823       4       java.math.BigInteger::montReduce (99 bytes)
Event: 12.811 Thread 0x0000026ce3c139b0 nmethod 6710% 0x0000026cd193d110 code [0x0000026cd193d4a0, 0x0000026cd1942378]
Event: 12.812 Thread 0x0000026ce3c139b0 6802       4       java.math.BigInteger::implMultiplyToLen (216 bytes)
Event: 12.816 Thread 0x0000026ce080e440 6824       3       java.math.BigInteger::implMontgomeryMultiply (22 bytes)
Event: 12.816 Thread 0x0000026ce080e440 nmethod 6824 0x0000026cca2fef90 code [0x0000026cca2ff140, 0x0000026cca2ff2b8]
Event: 12.818 Thread 0x0000026ce080e440 6825       1       sun.security.util.KnownOIDs::stdName (5 bytes)
Event: 12.818 Thread 0x0000026ce080e440 nmethod 6825 0x0000026cd1a73490 code [0x0000026cd1a73620, 0x0000026cd1a736f8]
Event: 12.818 Thread 0x0000026ce080e440 6826       3       java.math.BigInteger::bitLength (140 bytes)
Event: 12.818 Thread 0x0000026ce080e440 nmethod 6826 0x0000026cca2fe610 code [0x0000026cca2fe800, 0x0000026cca2fed58]
Event: 12.826 Thread 0x0000026ce080e440 6828       3       java.util.LinkedHashMap::get (29 bytes)
Event: 12.826 Thread 0x0000026ce080e440 nmethod 6828 0x0000026cca2fe110 code [0x0000026cca2fe2c0, 0x0000026cca2fe4f8]
Event: 12.829 Thread 0x0000026ce3c139b0 nmethod 6802 0x0000026cd1a72810 code [0x0000026cd1a729a0, 0x0000026cd1a73218]
Event: 12.829 Thread 0x0000026ce3c139b0 6827       4       java.util.HashMap$EntryIterator::next (5 bytes)

GC Heap History (20 events):
Event: 7.036 GC heap before
{Heap before GC invocations=18 (full 0):
 garbage-first heap   total 114688K, used 77179K [0x0000000080000000, 0x0000000100000000)
  region size 1024K, 16 young (16384K), 2 survivors (2048K)
 Metaspace       used 46570K, committed 47040K, reserved 1089536K
  class space    used 6179K, committed 6400K, reserved 1048576K
}
Event: 7.042 GC heap after
{Heap after GC invocations=19 (full 0):
 garbage-first heap   total 141312K, used 65525K [0x0000000080000000, 0x0000000100000000)
  region size 1024K, 3 young (3072K), 3 survivors (3072K)
 Metaspace       used 46570K, committed 47040K, reserved 1089536K
  class space    used 6179K, committed 6400K, reserved 1048576K
}
Event: 7.058 GC heap before
{Heap before GC invocations=19 (full 0):
 garbage-first heap   total 141312K, used 76789K [0x0000000080000000, 0x0000000100000000)
  region size 1024K, 4 young (4096K), 3 survivors (3072K)
 Metaspace       used 46570K, committed 47040K, reserved 1089536K
  class space    used 6179K, committed 6400K, reserved 1048576K
}
Event: 7.064 GC heap after
{Heap after GC invocations=20 (full 0):
 garbage-first heap   total 141312K, used 76823K [0x0000000080000000, 0x0000000100000000)
  region size 1024K, 3 young (3072K), 3 survivors (3072K)
 Metaspace       used 46570K, committed 47040K, reserved 1089536K
  class space    used 6179K, committed 6400K, reserved 1048576K
}
Event: 7.529 GC heap before
{Heap before GC invocations=21 (full 0):
 garbage-first heap   total 150528K, used 97303K [0x0000000080000000, 0x0000000100000000)
  region size 1024K, 15 young (15360K), 3 survivors (3072K)
 Metaspace       used 47301K, committed 47744K, reserved 1097728K
  class space    used 6262K, committed 6464K, reserved 1048576K
}
Event: 7.537 GC heap after
{Heap after GC invocations=22 (full 0):
 garbage-first heap   total 150528K, used 90172K [0x0000000080000000, 0x0000000100000000)
  region size 1024K, 5 young (5120K), 5 survivors (5120K)
 Metaspace       used 47301K, committed 47744K, reserved 1097728K
  class space    used 6262K, committed 6464K, reserved 1048576K
}
Event: 8.401 GC heap before
{Heap before GC invocations=23 (full 0):
 garbage-first heap   total 157696K, used 113724K [0x0000000080000000, 0x0000000100000000)
  region size 1024K, 27 young (27648K), 5 survivors (5120K)
 Metaspace       used 49285K, committed 49792K, reserved 1097728K
  class space    used 6454K, committed 6656K, reserved 1048576K
}
Event: 8.419 GC heap after
{Heap after GC invocations=24 (full 0):
 garbage-first heap   total 157696K, used 91548K [0x0000000080000000, 0x0000000100000000)
  region size 1024K, 3 young (3072K), 3 survivors (3072K)
 Metaspace       used 49285K, committed 49792K, reserved 1097728K
  class space    used 6454K, committed 6656K, reserved 1048576K
}
Event: 9.035 GC heap before
{Heap before GC invocations=24 (full 0):
 garbage-first heap   total 157696K, used 105884K [0x0000000080000000, 0x0000000100000000)
  region size 1024K, 18 young (18432K), 3 survivors (3072K)
 Metaspace       used 50772K, committed 51264K, reserved 1097728K
  class space    used 6705K, committed 6912K, reserved 1048576K
}
Event: 9.048 GC heap after
{Heap after GC invocations=25 (full 0):
 garbage-first heap   total 157696K, used 92920K [0x0000000080000000, 0x0000000100000000)
  region size 1024K, 2 young (2048K), 2 survivors (2048K)
 Metaspace       used 50772K, committed 51264K, reserved 1097728K
  class space    used 6705K, committed 6912K, reserved 1048576K
}
Event: 9.879 GC heap before
{Heap before GC invocations=26 (full 0):
 garbage-first heap   total 168960K, used 127736K [0x0000000080000000, 0x0000000100000000)
  region size 1024K, 29 young (29696K), 2 survivors (2048K)
 Metaspace       used 53870K, committed 54400K, reserved 1097728K
  class space    used 7211K, committed 7488K, reserved 1048576K
}
Event: 9.885 GC heap after
{Heap after GC invocations=27 (full 0):
 garbage-first heap   total 168960K, used 101971K [0x0000000080000000, 0x0000000100000000)
  region size 1024K, 4 young (4096K), 4 survivors (4096K)
 Metaspace       used 53870K, committed 54400K, reserved 1097728K
  class space    used 7211K, committed 7488K, reserved 1048576K
}
Event: 10.547 GC heap before
{Heap before GC invocations=27 (full 0):
 garbage-first heap   total 168960K, used 129619K [0x0000000080000000, 0x0000000100000000)
  region size 1024K, 33 young (33792K), 4 survivors (4096K)
 Metaspace       used 54845K, committed 55424K, reserved 1097728K
  class space    used 7290K, committed 7552K, reserved 1048576K
}
Event: 10.555 GC heap after
{Heap after GC invocations=28 (full 0):
 garbage-first heap   total 168960K, used 104334K [0x0000000080000000, 0x0000000100000000)
  region size 1024K, 5 young (5120K), 5 survivors (5120K)
 Metaspace       used 54845K, committed 55424K, reserved 1097728K
  class space    used 7290K, committed 7552K, reserved 1048576K
}
Event: 11.023 GC heap before
{Heap before GC invocations=29 (full 0):
 garbage-first heap   total 201728K, used 141198K [0x0000000080000000, 0x0000000100000000)
  region size 1024K, 33 young (33792K), 5 survivors (5120K)
 Metaspace       used 57549K, committed 58240K, reserved 1105920K
  class space    used 7679K, committed 8000K, reserved 1048576K
}
Event: 11.032 GC heap after
{Heap after GC invocations=30 (full 0):
 garbage-first heap   total 201728K, used 119333K [0x0000000080000000, 0x0000000100000000)
  region size 1024K, 5 young (5120K), 5 survivors (5120K)
 Metaspace       used 57549K, committed 58240K, reserved 1105920K
  class space    used 7679K, committed 8000K, reserved 1048576K
}
Event: 12.465 GC heap before
{Heap before GC invocations=30 (full 0):
 garbage-first heap   total 201728K, used 154149K [0x0000000080000000, 0x0000000100000000)
  region size 1024K, 39 young (39936K), 5 survivors (5120K)
 Metaspace       used 63401K, committed 64064K, reserved 1105920K
  class space    used 8451K, committed 8768K, reserved 1048576K
}
Event: 12.474 GC heap after
{Heap after GC invocations=31 (full 0):
 garbage-first heap   total 201728K, used 121207K [0x0000000080000000, 0x0000000100000000)
  region size 1024K, 2 young (2048K), 2 survivors (2048K)
 Metaspace       used 63401K, committed 64064K, reserved 1105920K
  class space    used 8451K, committed 8768K, reserved 1048576K
}
Event: 12.719 GC heap before
{Heap before GC invocations=32 (full 0):
 garbage-first heap   total 204800K, used 128375K [0x0000000080000000, 0x0000000100000000)
  region size 1024K, 10 young (10240K), 2 survivors (2048K)
 Metaspace       used 65107K, committed 65728K, reserved 1105920K
  class space    used 8659K, committed 8960K, reserved 1048576K
}
Event: 12.724 GC heap after
{Heap after GC invocations=33 (full 0):
 garbage-first heap   total 204800K, used 122550K [0x0000000080000000, 0x0000000100000000)
  region size 1024K, 3 young (3072K), 3 survivors (3072K)
 Metaspace       used 65107K, committed 65728K, reserved 1105920K
  class space    used 8659K, committed 8960K, reserved 1048576K
}

Dll operation events (2 events):
Event: 0.008 Loaded shared library C:\Program Files\Android\Android Studio\jbr\bin\java.dll
Event: 0.516 Loaded shared library C:\Program Files\Android\Android Studio\jbr\bin\verify.dll

Deoptimization events (20 events):
Event: 12.814 Thread 0x0000026ce3324f10 DEOPT PACKING pc=0x0000026cca3ed0b8 sp=0x000000bc45ff1d90
Event: 12.814 Thread 0x0000026ce3324f10 DEOPT UNPACKING pc=0x0000026cd12d7143 sp=0x000000bc45ff11e8 mode 0
Event: 12.815 Thread 0x0000026ce3324f10 DEOPT PACKING pc=0x0000026cca3ed0b8 sp=0x000000bc45ff1d90
Event: 12.815 Thread 0x0000026ce3324f10 DEOPT UNPACKING pc=0x0000026cd12d7143 sp=0x000000bc45ff11e8 mode 0
Event: 12.815 Thread 0x0000026ce3324f10 DEOPT PACKING pc=0x0000026cca3ed0b8 sp=0x000000bc45ff1d90
Event: 12.815 Thread 0x0000026ce3324f10 DEOPT UNPACKING pc=0x0000026cd12d7143 sp=0x000000bc45ff11e8 mode 0
Event: 12.815 Thread 0x0000026ce3324f10 DEOPT PACKING pc=0x0000026cca3ed0b8 sp=0x000000bc45ff1d90
Event: 12.815 Thread 0x0000026ce3324f10 DEOPT UNPACKING pc=0x0000026cd12d7143 sp=0x000000bc45ff11e8 mode 0
Event: 12.816 Thread 0x0000026ce3324f10 DEOPT PACKING pc=0x0000026cca3ed0b8 sp=0x000000bc45ff1d90
Event: 12.816 Thread 0x0000026ce3324f10 DEOPT UNPACKING pc=0x0000026cd12d7143 sp=0x000000bc45ff11e8 mode 0
Event: 12.816 Thread 0x0000026ce3324f10 DEOPT PACKING pc=0x0000026cca3ed0b8 sp=0x000000bc45ff1df0
Event: 12.816 Thread 0x0000026ce3324f10 DEOPT UNPACKING pc=0x0000026cd12d7143 sp=0x000000bc45ff1248 mode 0
Event: 12.817 Thread 0x0000026ce3324f10 DEOPT PACKING pc=0x0000026cca3ed0b8 sp=0x000000bc45ff1df0
Event: 12.817 Thread 0x0000026ce3324f10 DEOPT UNPACKING pc=0x0000026cd12d7143 sp=0x000000bc45ff1248 mode 0
Event: 12.817 Thread 0x0000026ce3324f10 DEOPT PACKING pc=0x0000026cca3ed0b8 sp=0x000000bc45ff2040
Event: 12.817 Thread 0x0000026ce3324f10 DEOPT UNPACKING pc=0x0000026cd12d7143 sp=0x000000bc45ff1498 mode 0
Event: 12.826 Thread 0x0000026ce3324f10 Uncommon trap: trap_request=0xffffff45 fr.pc=0x0000026cd1a11e14 relative=0x00000000000001f4
Event: 12.826 Thread 0x0000026ce3324f10 Uncommon trap: reason=unstable_if action=reinterpret pc=0x0000026cd1a11e14 method=java.util.jar.JarFile.maybeInstantiateVerifier()V @ 4 c2
Event: 12.826 Thread 0x0000026ce3324f10 DEOPT PACKING pc=0x0000026cd1a11e14 sp=0x000000bc45ff2a30
Event: 12.826 Thread 0x0000026ce3324f10 DEOPT UNPACKING pc=0x0000026cd12d69a3 sp=0x000000bc45ff2988 mode 2

Classes unloaded (0 events):
No events

Classes redefined (0 events):
No events

Internal exceptions (20 events):
Event: 9.607 Thread 0x0000026ce3324f10 Exception <a 'java/lang/ClassNotFoundException'{0x00000000895ca930}: org/gradle/api/internal/project/ProjectScriptBeanInfo> (0x00000000895ca930) 
thrown [s\src\hotspot\share\classfile\systemDictionary.cpp, line 256]
Event: 9.608 Thread 0x0000026ce3324f10 Exception <a 'java/lang/ClassNotFoundException'{0x00000000895d5ca8}: org/gradle/api/internal/project/ProjectScriptCustomizer> (0x00000000895d5ca8) 
thrown [s\src\hotspot\share\classfile\systemDictionary.cpp, line 256]
Event: 9.609 Thread 0x0000026ce3324f10 Exception <a 'java/lang/ClassNotFoundException'{0x00000000895ed278}: build_ews0jba3kv9v8k5y9m2mghjzpCustomizer> (0x00000000895ed278) 
thrown [s\src\hotspot\share\classfile\systemDictionary.cpp, line 256]
Event: 9.623 Thread 0x0000026ce3324f10 Exception <a 'java/lang/ClassNotFoundException'{0x00000000894623a0}: org/gradle/plugin/use/internal/PluginRequestCollector$PluginDependenciesSpecImplBeanInfo> (0x00000000894623a0) 
thrown [s\src\hotspot\share\classfile\systemDictionary.cpp, line 256]
Event: 9.624 Thread 0x0000026ce3324f10 Exception <a 'java/lang/ClassNotFoundException'{0x00000000894747d8}: org/gradle/plugin/use/internal/PluginRequestCollector$PluginDependenciesSpecImplCustomizer> (0x00000000894747d8) 
thrown [s\src\hotspot\share\classfile\systemDictionary.cpp, line 256]
Event: 9.630 Thread 0x0000026ce3324f10 Exception <a 'java/lang/ClassNotFoundException'{0x00000000894ae380}: org/gradle/plugin/use/internal/PluginRequestCollector$PluginDependencySpecImplBeanInfo> (0x00000000894ae380) 
thrown [s\src\hotspot\share\classfile\systemDictionary.cpp, line 256]
Event: 9.630 Thread 0x0000026ce3324f10 Exception <a 'java/lang/ClassNotFoundException'{0x00000000894c0a28}: org/gradle/plugin/use/internal/PluginRequestCollector$PluginDependencySpecImplCustomizer> (0x00000000894c0a28) 
thrown [s\src\hotspot\share\classfile\systemDictionary.cpp, line 256]
Event: 9.835 Thread 0x0000026ce3324f10 Exception <a 'java/lang/NoSuchMethodError'{0x0000000088bab168}: 'java.lang.Object java.lang.invoke.DirectMethodHandle$Holder.newInvokeSpecial(java.lang.Object, java.lang.Object, java.lang.Object, java.lang.Object, java.lang.Object, int)'> (0x0000000088bab168) 
thrown [s\src\hotspot\share\interpreter\linkResolver.cpp, line 771]
Event: 9.836 Thread 0x0000026ce3324f10 Exception <a 'java/lang/NoSuchMethodError'{0x0000000088bb07c0}: 'java.lang.Object java.lang.invoke.DirectMethodHandle$Holder.invokeSpecial(java.lang.Object, java.lang.Object, java.lang.Object, java.lang.Object, java.lang.Object, java.lang.Object, int)'> (0x0000000088bb07c0) 
thrown [s\src\hotspot\share\interpreter\linkResolver.cpp, line 771]
Event: 9.852 Thread 0x0000026ce3324f10 Exception <a 'java/lang/NoSuchMethodError'{0x000000008884b2c8}: 'void java.lang.invoke.DirectMethodHandle$Holder.invokeStatic(java.lang.Object, java.lang.Object, java.lang.Object, int, java.lang.Object)'> (0x000000008884b2c8) 
thrown [s\src\hotspot\share\interpreter\linkResolver.cpp, line 771]
Event: 10.242 Thread 0x0000026ce3324f10 Implicit null exception at 0x0000026cd1b560ef to 0x0000026cd1b56338
Event: 10.541 Thread 0x0000026ce3324f10 Exception <a 'java/lang/ClassNotFoundException'{0x000000008884b878}: build_2os3flwztxwl2scdgapd7smthBeanInfo> (0x000000008884b878) 
thrown [s\src\hotspot\share\classfile\systemDictionary.cpp, line 256]
Event: 10.542 Thread 0x0000026ce3324f10 Exception <a 'java/lang/ClassNotFoundException'{0x00000000888520f8}: build_2os3flwztxwl2scdgapd7smthCustomizer> (0x00000000888520f8) 
thrown [s\src\hotspot\share\classfile\systemDictionary.cpp, line 256]
Event: 10.848 Thread 0x0000026ce3324f10 Exception <a 'java/lang/NoSuchMethodError'{0x000000008b8c02c0}: 'java.lang.Object java.lang.invoke.DirectMethodHandle$Holder.newInvokeSpecial(java.lang.Object, java.lang.Object, java.lang.Object, java.lang.Object, int)'> (0x000000008b8c02c0) 
thrown [s\src\hotspot\share\interpreter\linkResolver.cpp, line 771]
Event: 10.848 Thread 0x0000026ce3324f10 Exception <a 'java/lang/NoSuchMethodError'{0x000000008b8c5708}: 'java.lang.Object java.lang.invoke.DirectMethodHandle$Holder.invokeSpecial(java.lang.Object, java.lang.Object, java.lang.Object, java.lang.Object, java.lang.Object, int)'> (0x000000008b8c5708) 
thrown [s\src\hotspot\share\interpreter\linkResolver.cpp, line 771]
Event: 10.849 Thread 0x0000026ce3324f10 Exception <a 'java/lang/NoSuchMethodError'{0x000000008b8ca488}: 'java.lang.Object java.lang.invoke.Invokers$Holder.linkToTargetMethod(java.lang.Object, java.lang.Object, java.lang.Object, int, java.lang.Object)'> (0x000000008b8ca488) 
thrown [s\src\hotspot\share\interpreter\linkResolver.cpp, line 771]
Event: 11.131 Thread 0x0000026ce3324f10 Exception <a 'java/lang/NoSuchMethodError'{0x000000008bf65f30}: 'int java.lang.invoke.DirectMethodHandle$Holder.invokeInterface(java.lang.Object, java.lang.Object, java.lang.Object, java.lang.Object)'> (0x000000008bf65f30) 
thrown [s\src\hotspot\share\interpreter\linkResolver.cpp, line 771]
Event: 12.290 Thread 0x0000026ce3324f10 Exception <a 'java/lang/IncompatibleClassChangeError'{0x000000008a33d3e0}: Found class java.lang.Object, but interface was expected> (0x000000008a33d3e0) 
thrown [s\src\hotspot\share\interpreter\linkResolver.cpp, line 838]
Event: 12.379 Thread 0x0000026ce3324f10 Implicit null exception at 0x0000026cd1a43459 to 0x0000026cd1a435f0
Event: 12.656 Thread 0x0000026ce3324f10 Implicit null exception at 0x0000026cd19f438c to 0x0000026cd19f44be

VM Operations (20 events):
Event: 11.032 Executing VM operation: G1CollectForAllocation done
Event: 11.120 Executing VM operation: HandshakeAllThreads
Event: 11.120 Executing VM operation: HandshakeAllThreads done
Event: 11.130 Executing VM operation: HandshakeAllThreads
Event: 11.130 Executing VM operation: HandshakeAllThreads done
Event: 12.132 Executing VM operation: Cleanup
Event: 12.132 Executing VM operation: Cleanup done
Event: 12.316 Executing VM operation: HandshakeAllThreads
Event: 12.317 Executing VM operation: HandshakeAllThreads done
Event: 12.465 Executing VM operation: G1CollectForAllocation
Event: 12.474 Executing VM operation: G1CollectForAllocation done
Event: 12.553 Executing VM operation: G1Concurrent
Event: 12.557 Executing VM operation: G1Concurrent done
Event: 12.592 Executing VM operation: G1Concurrent
Event: 12.592 Executing VM operation: G1Concurrent done
Event: 12.626 Executing VM operation: HandshakeAllThreads
Event: 12.626 Executing VM operation: HandshakeAllThreads done
Event: 12.719 Executing VM operation: G1TryInitiateConcMark
Event: 12.724 Executing VM operation: G1TryInitiateConcMark done
Event: 12.835 Executing VM operation: G1Concurrent

Events (20 events):
Event: 12.688 loading class java/security/cert/CertPathValidatorException$BasicReason
Event: 12.689 loading class java/security/cert/CertPathValidatorException$Reason
Event: 12.689 loading class java/security/cert/CertPathValidatorException$Reason done
Event: 12.689 loading class java/security/cert/CertPathValidatorException$BasicReason done
Event: 12.689 loading class java/security/SignatureException
Event: 12.689 loading class java/security/SignatureException done
Event: 12.692 loading class sun/security/rsa/RSASignature$SHA256withRSA
Event: 12.692 loading class sun/security/rsa/RSASignature$SHA256withRSA done
Event: 12.694 loading class sun/security/provider/DSA$SHA256withDSA
Event: 12.694 loading class sun/security/provider/DSA$SHA256withDSA done
Event: 12.710 loading class java/util/Base64
Event: 12.710 loading class java/util/Base64 done
Event: 12.710 loading class java/util/Base64$Decoder
Event: 12.710 loading class java/util/Base64$Decoder done
Event: 12.710 loading class java/util/Base64$Encoder
Event: 12.710 loading class java/util/Base64$Encoder done
Event: 12.711 loading class java/util/jar/JarVerifier$VerifierStream
Event: 12.712 loading class java/util/jar/JarVerifier$VerifierStream done
Event: 12.713 loading class sun/security/util/ManifestEntryVerifier$SunProviderHolder
Event: 12.713 loading class sun/security/util/ManifestEntryVerifier$SunProviderHolder done


Dynamic libraries:
0x00007ff771220000 - 0x00007ff77122a000 	C:\Program Files\Android\Android Studio\jbr\bin\java.exe
0x00007ffa50530000 - 0x00007ffa50728000 	C:\Windows\SYSTEM32\ntdll.dll
0x00007ffa4fef0000 - 0x00007ffa4ffad000 	C:\Windows\System32\KERNEL32.DLL
0x00007ffa4de40000 - 0x00007ffa4e10e000 	C:\Windows\System32\KERNELBASE.dll
0x00007ffa4dca0000 - 0x00007ffa4dda0000 	C:\Windows\System32\ucrtbase.dll
0x00007ffa2ca70000 - 0x00007ffa2ca87000 	C:\Program Files\Android\Android Studio\jbr\bin\jli.dll
0x00007ffa3ad20000 - 0x00007ffa3ad3b000 	C:\Program Files\Android\Android Studio\jbr\bin\VCRUNTIME140.dll
0x00007ffa4f600000 - 0x00007ffa4f7a0000 	C:\Windows\System32\USER32.dll
0x00007ffa3bbd0000 - 0x00007ffa3be6a000 	C:\Windows\WinSxS\amd64_microsoft.windows.common-controls_6595b64144ccf1df_6.0.19041.1110_none_60b5254171f9507e\COMCTL32.dll
0x00007ffa4dda0000 - 0x00007ffa4ddc2000 	C:\Windows\System32\win32u.dll
0x00007ffa4efe0000 - 0x00007ffa4f07e000 	C:\Windows\System32\msvcrt.dll
0x00007ffa504b0000 - 0x00007ffa504da000 	C:\Windows\System32\GDI32.dll
0x00007ffa4e2f0000 - 0x00007ffa4e3fb000 	C:\Windows\System32\gdi32full.dll
0x00007ffa4e250000 - 0x00007ffa4e2ed000 	C:\Windows\System32\msvcp_win.dll
0x00007ffa50480000 - 0x00007ffa504b0000 	C:\Windows\System32\IMM32.DLL
0x00007ffa43770000 - 0x00007ffa4377c000 	C:\Program Files\Android\Android Studio\jbr\bin\vcruntime140_1.dll
0x00007ffa2c9e0000 - 0x00007ffa2ca6d000 	C:\Program Files\Android\Android Studio\jbr\bin\msvcp140.dll
0x00007ffa1fa90000 - 0x00007ffa206fd000 	C:\Program Files\Android\Android Studio\jbr\bin\server\jvm.dll
0x00007ffa4e7b0000 - 0x00007ffa4e85e000 	C:\Windows\System32\ADVAPI32.dll
0x00007ffa4eec0000 - 0x00007ffa4ef5c000 	C:\Windows\System32\sechost.dll
0x00007ffa4ed90000 - 0x00007ffa4eeb5000 	C:\Windows\System32\RPCRT4.dll
0x00007ffa40500000 - 0x00007ffa40509000 	C:\Windows\SYSTEM32\WSOCK32.dll
0x00007ffa44d20000 - 0x00007ffa44d47000 	C:\Windows\SYSTEM32\WINMM.dll
0x00007ffa4f590000 - 0x00007ffa4f5fb000 	C:\Windows\System32\WS2_32.dll
0x00007ffa425b0000 - 0x00007ffa425ba000 	C:\Windows\SYSTEM32\VERSION.dll
0x00007ffa4bb50000 - 0x00007ffa4bb62000 	C:\Windows\SYSTEM32\kernel.appcore.dll
0x00007ffa39120000 - 0x00007ffa3912a000 	C:\Program Files\Android\Android Studio\jbr\bin\jimage.dll
0x00007ffa47200000 - 0x00007ffa473e4000 	C:\Windows\SYSTEM32\DBGHELP.DLL
0x00007ffa471a0000 - 0x00007ffa471cc000 	C:\Windows\SYSTEM32\dbgcore.DLL
0x00007ffa4e1c0000 - 0x00007ffa4e242000 	C:\Windows\System32\bcryptPrimitives.dll
0x00007ffa2dca0000 - 0x00007ffa2dcc5000 	C:\Program Files\Android\Android Studio\jbr\bin\java.dll
0x00007ffa33e20000 - 0x00007ffa33e38000 	C:\Program Files\Android\Android Studio\jbr\bin\zip.dll
0x00007ffa4f7a0000 - 0x00007ffa4fee4000 	C:\Windows\System32\SHELL32.dll
0x00007ffa4bd50000 - 0x00007ffa4c4e4000 	C:\Windows\SYSTEM32\windows.storage.dll
0x00007ffa4e980000 - 0x00007ffa4ecd4000 	C:\Windows\System32\combase.dll
0x00007ffa4d6b0000 - 0x00007ffa4d6e0000 	C:\Windows\SYSTEM32\Wldp.dll
0x00007ffa4e8c0000 - 0x00007ffa4e96d000 	C:\Windows\System32\SHCORE.dll
0x00007ffa50420000 - 0x00007ffa50475000 	C:\Windows\System32\shlwapi.dll
0x00007ffa4db90000 - 0x00007ffa4dbaf000 	C:\Windows\SYSTEM32\profapi.dll
0x00007ffa37db0000 - 0x00007ffa37dc9000 	C:\Program Files\Android\Android Studio\jbr\bin\net.dll
0x00007ffa426f0000 - 0x00007ffa427fa000 	C:\Windows\SYSTEM32\WINHTTP.dll
0x00007ffa4d410000 - 0x00007ffa4d47a000 	C:\Windows\system32\mswsock.dll
0x00007ffa34440000 - 0x00007ffa34456000 	C:\Program Files\Android\Android Studio\jbr\bin\nio.dll
0x00007ffa330b0000 - 0x00007ffa330c0000 	C:\Program Files\Android\Android Studio\jbr\bin\verify.dll
0x00007ffa1ecf0000 - 0x00007ffa1ed17000 	C:\Users\markt\.gradle\native\68d5fa5c4cc2d200863cafc0d521ce42e7d3e7ee720ec0a83991735586a16f82\windows-amd64\native-platform.dll
0x00007ffa2c130000 - 0x00007ffa2c274000 	C:\Users\markt\.gradle\native\e376f236ea51e6404a007f0833ffe2c6e607c4080706a723a18a27aeea778392\windows-amd64\native-platform-file-events.dll
0x00007ffa34af0000 - 0x00007ffa34af9000 	C:\Program Files\Android\Android Studio\jbr\bin\management.dll
0x00007ffa342b0000 - 0x00007ffa342bb000 	C:\Program Files\Android\Android Studio\jbr\bin\management_ext.dll
0x00007ffa4f3d0000 - 0x00007ffa4f3d8000 	C:\Windows\System32\PSAPI.DLL
0x00007ffa4d600000 - 0x00007ffa4d618000 	C:\Windows\SYSTEM32\CRYPTSP.dll
0x00007ffa4cd20000 - 0x00007ffa4cd54000 	C:\Windows\system32\rsaenh.dll
0x00007ffa4e560000 - 0x00007ffa4e587000 	C:\Windows\System32\bcrypt.dll
0x00007ffa4db10000 - 0x00007ffa4db3e000 	C:\Windows\SYSTEM32\USERENV.dll
0x00007ffa4d620000 - 0x00007ffa4d62c000 	C:\Windows\SYSTEM32\CRYPTBASE.dll
0x00007ffa4d0b0000 - 0x00007ffa4d0eb000 	C:\Windows\SYSTEM32\IPHLPAPI.DLL
0x00007ffa504e0000 - 0x00007ffa504e8000 	C:\Windows\System32\NSI.dll
0x00007ffa45100000 - 0x00007ffa45117000 	C:\Windows\SYSTEM32\dhcpcsvc6.DLL
0x00007ffa44f60000 - 0x00007ffa44f7d000 	C:\Windows\SYSTEM32\dhcpcsvc.DLL
0x00007ffa4d100000 - 0x00007ffa4d1cb000 	C:\Windows\SYSTEM32\DNSAPI.dll
0x00007ffa39e00000 - 0x00007ffa39e07000 	C:\Windows\system32\wshunix.dll

dbghelp: loaded successfully - version: 4.0.5 - missing functions: none
symbol engine: initialized successfully - sym options: 0x614 - pdb path: .;C:\Program Files\Android\Android Studio\jbr\bin;C:\Windows\SYSTEM32;C:\Windows\WinSxS\amd64_microsoft.windows.common-controls_6595b64144ccf1df_6.0.19041.1110_none_60b5254171f9507e;C:\Program Files\Android\Android Studio\jbr\bin\server;C:\Users\markt\.gradle\native\68d5fa5c4cc2d200863cafc0d521ce42e7d3e7ee720ec0a83991735586a16f82\windows-amd64;C:\Users\markt\.gradle\native\e376f236ea51e6404a007f0833ffe2c6e607c4080706a723a18a27aeea778392\windows-amd64

VM Arguments:
jvm_args: --add-opens=java.base/java.util=ALL-UNNAMED --add-opens=java.base/java.lang=ALL-UNNAMED --add-opens=java.base/java.lang.invoke=ALL-UNNAMED --add-opens=java.prefs/java.util.prefs=ALL-UNNAMED --add-opens=java.base/java.nio.charset=ALL-UNNAMED --add-opens=java.base/java.net=ALL-UNNAMED --add-opens=java.base/java.util.concurrent.atomic=ALL-UNNAMED -Xmx2048m -Dfile.encoding=UTF-8 -Duser.country=US -Duser.language=en -Duser.variant 
java_command: org.gradle.launcher.daemon.bootstrap.GradleDaemon 8.0
java_class_path (initial): C:\Users\markt\.gradle\wrapper\dists\gradle-8.0-bin\ca5e32bp14vu59qr306oxotwh\gradle-8.0\lib\gradle-launcher-8.0.jar
Launcher Type: SUN_STANDARD

[Global flags]
     intx CICompilerCount                          = 3                                         {product} {ergonomic}
     uint ConcGCThreads                            = 1                                         {product} {ergonomic}
     uint G1ConcRefinementThreads                  = 4                                         {product} {ergonomic}
   size_t G1HeapRegionSize                         = 1048576                                   {product} {ergonomic}
    uintx GCDrainStackTargetSize                   = 64                                        {product} {ergonomic}
   size_t InitialHeapSize                          = 134217728                                 {product} {ergonomic}
   size_t MarkStackSize                            = 4194304                                   {product} {ergonomic}
   size_t MaxHeapSize                              = 2147483648                                {product} {command line}
   size_t MaxNewSize                               = 1287651328                                {product} {ergonomic}
   size_t MinHeapDeltaBytes                        = 1048576                                   {product} {ergonomic}
   size_t MinHeapSize                              = 8388608                                   {product} {ergonomic}
    uintx NonNMethodCodeHeapSize                   = 5832780                                {pd product} {ergonomic}
    uintx NonProfiledCodeHeapSize                  = 122912730                              {pd product} {ergonomic}
    uintx ProfiledCodeHeapSize                     = 122912730                              {pd product} {ergonomic}
    uintx ReservedCodeCacheSize                    = 251658240                              {pd product} {ergonomic}
     bool SegmentedCodeCache                       = true                                      {product} {ergonomic}
   size_t SoftMaxHeapSize                          = 2147483648                             {manageable} {ergonomic}
     bool UseCompressedClassPointers               = true                           {product lp64_product} {ergonomic}
     bool UseCompressedOops                        = true                           {product lp64_product} {ergonomic}
     bool UseG1GC                                  = true                                      {product} {ergonomic}
     bool UseLargePagesIndividualAllocation        = false                                  {pd product} {ergonomic}

Logging:
Log output configuration:
 #0: stdout all=warning uptime,level,tags
 #1: stderr all=off uptime,level,tags

Environment Variables:
JAVA_HOME=C:\Program Files\Java\jdk-20\bin
PATH=C:\Users\markt\AppData\Local\Programs\Microsoft VS Code\bin;C:\Users\markt\AppData\Local\Programs\Python\Python311\;C:\Users\markt\AppData\Local\Programs\Python\Python311\Scripts\;C:\Program Files\nodejs;C:\Users\markt\AppData\Local\Programs\Python\Python311\Scripts\;C:\Users\markt\AppData\Local\Programs\Python\Python311\;C:\Users\markt\AppData\Local\Programs\Microsoft VS Code\bin;C:\Program Files\heroku\bin;C:\Program Files\nodejs;C:\Users\markt\AppData\Roaming\npm;
USERNAME=Tristan
OS=Windows_NT
PROCESSOR_IDENTIFIER=Intel64 Family 6 Model 60 Stepping 3, GenuineIntel
TMP=C:\Users\markt\AppData\Local\Temp
TEMP=C:\Users\markt\AppData\Local\Temp



---------------  S Y S T E M  ---------------

OS:
 Windows 10 , 64 bit Build 19041 (10.0.19041.1806)
OS uptime: 0 days 3:42 hours

CPU: total 4 (initial active 4) (2 cores per cpu, 2 threads per core) family 6 model 60 stepping 3 microcode 0x27, cx8, cmov, fxsr, ht, mmx, sse, sse2, sse3, ssse3, sse4.1, sse4.2, popcnt, lzcnt, tsc, tscinvbit, avx, avx2, aes, erms, clmul, bmi1, bmi2, fma, vzeroupper, clflush

Memory: 4k page, system-wide physical 8104M (448M free)
TotalPageFile size 10152M (AvailPageFile size 28M)
current process WorkingSet (physical memory assigned to process): 388M, peak: 388M
current process commit charge ("private bytes"): 422M, peak: 452M

vm_info: OpenJDK 64-Bit Server VM (17.0.6+0-b2043.56-9586694) for windows-amd64 JRE (17.0.6+0-b2043.56-9586694), built on Feb  9 2023 20:06:20 by "androidbuild" with MS VC++ 16.10 / 16.11 (VS2019)

END.
