#
# There is insufficient memory for the Java Runtime Environment to continue.
# Native memory allocation (mmap) failed to map 134217728 bytes for G1 virtual space
# Possible reasons:
#   The system is out of physical RAM or swap space
#   The process is running with CompressedOops enabled, and the Java Heap may be blocking the growth of the native heap
# Possible solutions:
#   Reduce memory load on the system
#   Increase physical memory or swap space
#   Check if swap backing store is full
#   Decrease Java heap size (-Xmx/-Xms)
#   Decrease number of Java threads
#   Decrease Java thread stack sizes (-Xss)
#   Set larger code cache with -XX:ReservedCodeCacheSize=
#   JVM is running with Unscaled Compressed Oops mode in which the Java heap is
#     placed in the first 4GB address space. The Java Heap base address is the
#     maximum limit for the native heap growth. Please use -XX:HeapBaseMinAddress
#     to set the Java Heap base and to place the Java Heap above 4GB virtual address.
# This output file may be truncated or incomplete.
#
#  Out of Memory Error (os_windows.cpp:3769), pid=9880, tid=9212
#
# JRE version:  (17.0.6) (build )
# Java VM: OpenJDK 64-Bit Server VM (17.0.6+0-b2043.56-10027231, mixed mode, sharing, tiered, compressed oops, compressed class ptrs, g1 gc, windows-amd64)
# No core dump will be written. Minidumps are not enabled by default on client versions of Windows
#

---------------  S U M M A R Y ------------

Command Line: org.jetbrains.kotlin.cli.jvm.K2JVMCompiler @C:\Users\markt\AndroidStudioProjects\WinrateCalculator\app\build\20230810_6024058335661073723.compiler.options

Host: Intel(R) Core(TM) i5-4200M CPU @ 2.50GHz, 4 cores, 7G,  Windows 10 , 64 bit Build 19041 (10.0.19041.2364)
Time: Thu Aug 10 14:13:28 2023 Malay Peninsula Standard Time elapsed time: 0.009924 seconds (0d 0h 0m 0s)

---------------  T H R E A D  ---------------

Current thread (0x000002017d92afd0):  JavaThread "Unknown thread" [_thread_in_vm, id=9212, stack(0x000000d75c900000,0x000000d75ca00000)]

Stack: [0x000000d75c900000,0x000000d75ca00000]
Native frames: (J=compiled Java code, j=interpreted, Vv=VM code, C=native code)
V  [jvm.dll+0x683c9a]
V  [jvm.dll+0x8427a4]
V  [jvm.dll+0x843f9e]
V  [jvm.dll+0x844603]
V  [jvm.dll+0x249b75]
V  [jvm.dll+0x680b69]
V  [jvm.dll+0x67505a]
V  [jvm.dll+0x309acb]
V  [jvm.dll+0x310f86]
V  [jvm.dll+0x3608ee]
V  [jvm.dll+0x360b1f]
V  [jvm.dll+0x2dfbf8]
V  [jvm.dll+0x2e0b64]
V  [jvm.dll+0x814091]
V  [jvm.dll+0x36e6a1]
V  [jvm.dll+0x7f35cc]
V  [jvm.dll+0x3f0e8f]
V  [jvm.dll+0x3f29d1]
C  [jli.dll+0x526b]
C  [ucrtbase.dll+0x21bb2]
C  [KERNEL32.DLL+0x17614]
C  [ntdll.dll+0x526a1]


---------------  P R O C E S S  ---------------

Threads class SMR info:
_java_thread_list=0x00007ffa704cc058, length=0, elements={
}

Java Threads: ( => current thread )

Other Threads:
  0x000002017d984910 GCTaskThread "GC Thread#0" [stack: 0x000000d75ca00000,0x000000d75cb00000] [id=10160]
  0x000002017d9969e0 ConcurrentGCThread "G1 Main Marker" [stack: 0x000000d75cb00000,0x000000d75cc00000] [id=10280]
  0x000002017d997b90 ConcurrentGCThread "G1 Conc#0" [stack: 0x000000d75cc00000,0x000000d75cd00000] [id=9708]

[error occurred during error reporting (printing all threads), id 0xc0000005, EXCEPTION_ACCESS_VIOLATION (0xc0000005) at pc=0x00007ffa6fc80797]

VM state: not at safepoint (not fully initialized)

VM Mutex/Monitor currently owned by a thread:  ([mutex/lock_event])
[0x000002017d927d40] Heap_lock - owner thread: 0x000002017d92afd0

Heap address: 0x0000000081400000, size: 2028 MB, Compressed Oops mode: 32-bit

CDS archive(s) mapped at: [0x0000000000000000-0x0000000000000000-0x0000000000000000), size 0, SharedBaseAddress: 0x0000000800000000, ArchiveRelocationMode: 0.
Narrow klass base: 0x0000000000000000, Narrow klass shift: 0, Narrow klass range: 0x0

GC Precious Log:
<Empty>

Heap:
 garbage-first heap   total 0K, used 0K [0x0000000081400000, 0x0000000100000000)
  region size 1024K, 0 young (0K), 0 survivors (0K)

[error occurred during error reporting (printing heap information), id 0xc0000005, EXCEPTION_ACCESS_VIOLATION (0xc0000005) at pc=0x00007ffa7006da89]

GC Heap History (0 events):
No events

Dll operation events (1 events):
Event: 0.006 Loaded shared library C:\Program Files\Android\Android Studio\jbr\bin\java.dll

Deoptimization events (0 events):
No events

Classes unloaded (0 events):
No events

Classes redefined (0 events):
No events

Internal exceptions (0 events):
No events

VM Operations (0 events):
No events

Events (0 events):
No events


Dynamic libraries:
0x00007ff704b30000 - 0x00007ff704b3a000 	C:\Program Files\Android\Android Studio\jbr\bin\java.exe
0x00007ffa9c9d0000 - 0x00007ffa9cbc8000 	C:\WINDOWS\SYSTEM32\ntdll.dll
0x00007ffa9c590000 - 0x00007ffa9c64f000 	C:\WINDOWS\System32\KERNEL32.DLL
0x00007ffa9a580000 - 0x00007ffa9a852000 	C:\WINDOWS\System32\KERNELBASE.dll
0x00007ffa9a860000 - 0x00007ffa9a960000 	C:\WINDOWS\System32\ucrtbase.dll
0x00007ffa911f0000 - 0x00007ffa9120b000 	C:\Program Files\Android\Android Studio\jbr\bin\VCRUNTIME140.dll
0x00007ffa957b0000 - 0x00007ffa957c7000 	C:\Program Files\Android\Android Studio\jbr\bin\jli.dll
0x00007ffa9c730000 - 0x00007ffa9c8d1000 	C:\WINDOWS\System32\USER32.dll
0x00007ffa9a220000 - 0x00007ffa9a242000 	C:\WINDOWS\System32\win32u.dll
0x00007ffa87750000 - 0x00007ffa879ea000 	C:\WINDOWS\WinSxS\amd64_microsoft.windows.common-controls_6595b64144ccf1df_6.0.19041.1110_none_60b5254171f9507e\COMCTL32.dll
0x00007ffa9ac30000 - 0x00007ffa9ac5b000 	C:\WINDOWS\System32\GDI32.dll
0x00007ffa9aa10000 - 0x00007ffa9aaae000 	C:\WINDOWS\System32\msvcrt.dll
0x00007ffa9a470000 - 0x00007ffa9a57f000 	C:\WINDOWS\System32\gdi32full.dll
0x00007ffa9a250000 - 0x00007ffa9a2ed000 	C:\WINDOWS\System32\msvcp_win.dll
0x00007ffa9ab60000 - 0x00007ffa9ab92000 	C:\WINDOWS\System32\IMM32.DLL
0x00007ffa96f30000 - 0x00007ffa96f3c000 	C:\Program Files\Android\Android Studio\jbr\bin\vcruntime140_1.dll
0x00007ffa7d830000 - 0x00007ffa7d8bd000 	C:\Program Files\Android\Android Studio\jbr\bin\msvcp140.dll
0x00007ffa6f990000 - 0x00007ffa705fe000 	C:\Program Files\Android\Android Studio\jbr\bin\server\jvm.dll
0x00007ffa9b9d0000 - 0x00007ffa9ba7e000 	C:\WINDOWS\System32\ADVAPI32.dll
0x00007ffa9c270000 - 0x00007ffa9c30c000 	C:\WINDOWS\System32\sechost.dll
0x00007ffa9b420000 - 0x00007ffa9b545000 	C:\WINDOWS\System32\RPCRT4.dll
0x00007ffa97760000 - 0x00007ffa97769000 	C:\WINDOWS\SYSTEM32\WSOCK32.dll
0x00007ffa932f0000 - 0x00007ffa93317000 	C:\WINDOWS\SYSTEM32\WINMM.dll
0x00007ffa8f930000 - 0x00007ffa8f93a000 	C:\WINDOWS\SYSTEM32\VERSION.dll
0x00007ffa9ac60000 - 0x00007ffa9accb000 	C:\WINDOWS\System32\WS2_32.dll
0x00007ffa97ea0000 - 0x00007ffa97eb2000 	C:\WINDOWS\SYSTEM32\kernel.appcore.dll
0x00007ffa96f20000 - 0x00007ffa96f2a000 	C:\Program Files\Android\Android Studio\jbr\bin\jimage.dll
0x00007ffa8a680000 - 0x00007ffa8a864000 	C:\WINDOWS\SYSTEM32\DBGHELP.DLL
0x00007ffa883b0000 - 0x00007ffa883e5000 	C:\WINDOWS\SYSTEM32\dbgcore.DLL
0x00007ffa9a2f0000 - 0x00007ffa9a372000 	C:\WINDOWS\System32\bcryptPrimitives.dll
0x00007ffa96ec0000 - 0x00007ffa96ee5000 	C:\Program Files\Android\Android Studio\jbr\bin\java.dll

dbghelp: loaded successfully - version: 4.0.5 - missing functions: none
symbol engine: initialized successfully - sym options: 0x614 - pdb path: .;C:\Program Files\Android\Android Studio\jbr\bin;C:\WINDOWS\SYSTEM32;C:\WINDOWS\WinSxS\amd64_microsoft.windows.common-controls_6595b64144ccf1df_6.0.19041.1110_none_60b5254171f9507e;C:\Program Files\Android\Android Studio\jbr\bin\server

VM Arguments:
java_command: org.jetbrains.kotlin.cli.jvm.K2JVMCompiler @C:\Users\markt\AndroidStudioProjects\WinrateCalculator\app\build\20230810_6024058335661073723.compiler.options
java_class_path (initial): C:\Users\markt\.gradle\caches\modules-2\files-2.1\org.jetbrains.kotlin\kotlin-compiler-embeddable\1.8.20\78d9baa57f65babf9e0a93e51f62f26f5f35ac3e\kotlin-compiler-embeddable-1.8.20.jar;C:\Users\markt\.gradle\caches\modules-2\files-2.1\org.jetbrains.kotlin\kotlin-stdlib\1.8.20\e72fc5e03ec6c064c678a6bd0d955c88d55b0c4a\kotlin-stdlib-1.8.20.jar;C:\Users\markt\.gradle\caches\modules-2\files-2.1\org.jetbrains.kotlin\kotlin-script-runtime\1.8.20\c850771e723701f9d63dbcf641429c0f29290074\kotlin-script-runtime-1.8.20.jar;C:\Users\markt\.gradle\caches\modules-2\files-2.1\org.jetbrains.kotlin\kotlin-reflect\1.6.10\1cbe9c92c12a94eea200d23c2bbaedaf3daf5132\kotlin-reflect-1.6.10.jar;C:\Users\markt\.gradle\caches\modules-2\files-2.1\org.jetbrains.kotlin\kotlin-daemon-embeddable\1.8.20\c1b808fbe5fee60bd0504a54778120ef40f383d4\kotlin-daemon-embeddable-1.8.20.jar;C:\Users\markt\.gradle\caches\modules-2\files-2.1\org.jetbrains.intellij.deps\trove4j\1.0.20200330\3afb14d5f9ceb459d724e907a21145e8ff394f02\trove4j-1.0.20200330.jar;C:\Users\markt\.gradle\caches\modules-2\files-2.1\net.java.dev.jna\jna\5.6.0\330f2244e9030119ab3030fc3fededc86713d9cc\jna-5.6.0.jar;C:\Users\markt\.gradle\caches\modules-2\files-2.1\org.jetbrains.kotlin\kotlin-stdlib-common\1.8.20\5eddaaf234c8c49d03eebeb6a14feb7f90faca71\kotlin-stdlib-common-1.8.20.jar;C:\Users\markt\.gradle\caches\modules-2\files-2.1\org.jetbrains\annotations\13.0\919f0dfe192fb4e063e7dacadee7f8bb9a2672a9\annotations-13.0.jar
Launcher Type: SUN_STANDARD

[Global flags]
     intx CICompilerCount                          = 3                                         {product} {ergonomic}
     uint ConcGCThreads                            = 1                                         {product} {ergonomic}
     uint G1ConcRefinementThreads                  = 4                                         {product} {ergonomic}
   size_t G1HeapRegionSize                         = 1048576                                   {product} {ergonomic}
    uintx GCDrainStackTargetSize                   = 64                                        {product} {ergonomic}
   size_t InitialHeapSize                          = 134217728                                 {product} {ergonomic}
   size_t MarkStackSize                            = 4194304                                   {product} {ergonomic}
   size_t MaxHeapSize                              = 2126512128                                {product} {ergonomic}
   size_t MinHeapDeltaBytes                        = 1048576                                   {product} {ergonomic}
   size_t MinHeapSize                              = 8388608                                   {product} {ergonomic}
    uintx NonNMethodCodeHeapSize                   = 5832780                                {pd product} {ergonomic}
    uintx NonProfiledCodeHeapSize                  = 122912730                              {pd product} {ergonomic}
    uintx ProfiledCodeHeapSize                     = 122912730                              {pd product} {ergonomic}
    uintx ReservedCodeCacheSize                    = 251658240                              {pd product} {ergonomic}
     bool SegmentedCodeCache                       = true                                      {product} {ergonomic}
   size_t SoftMaxHeapSize                          = 2126512128                             {manageable} {ergonomic}
     bool UseCompressedClassPointers               = true                           {product lp64_product} {ergonomic}
     bool UseCompressedOops                        = true                           {product lp64_product} {ergonomic}
     bool UseG1GC                                  = true                                      {product} {ergonomic}
     bool UseLargePagesIndividualAllocation        = false                                  {pd product} {ergonomic}

Logging:
Log output configuration:
 #0: stdout all=warning uptime,level,tags
 #1: stderr all=off uptime,level,tags

Environment Variables:
JAVA_HOME=C:\Program Files\Java\jdk-20\bin
PATH=C:\Users\markt\AppData\Local\Programs\Microsoft VS Code\bin;C:\Users\markt\AppData\Local\Programs\Python\Python311\;C:\Users\markt\AppData\Local\Programs\Python\Python311\Scripts\;C:\Program Files\nodejs;;%SystemRoot%\system32;%SystemRoot%;%SystemRoot%\System32\Wbem;%SYSTEMROOT%\System32\WindowsPowerShell\v1.0\;%SYSTEMROOT%\System32\OpenSSH\;C:\Users\markt\AppData\Local\Programs\Python\Python311\Scripts\;C:\Users\markt\AppData\Local\Programs\Python\Python311\;C:\Users\markt\AppData\Local\Programs\Microsoft VS Code\bin;C:\Program Files\heroku\bin;C:\Program Files\nodejs;C:\Users\markt\AppData\Roaming\npm;;%USERPROFILE%\AppData\Local\Microsoft\WindowsApps
USERNAME=Tristan
OS=Windows_NT
PROCESSOR_IDENTIFIER=Intel64 Family 6 Model 60 Stepping 3, GenuineIntel
TMP=C:\Users\markt\AppData\Local\Temp
TEMP=C:\Users\markt\AppData\Local\Temp


JNI global refs:

[error occurred during error reporting (JNI global references), id 0xc0000005, EXCEPTION_ACCESS_VIOLATION (0xc0000005) at pc=0x00007ffa6fa47a10]


---------------  S Y S T E M  ---------------

OS:
 Windows 10 , 64 bit Build 19041 (10.0.19041.2364)
OS uptime: 0 days 4:54 hours

CPU: total 4 (initial active 4) (2 cores per cpu, 2 threads per core) family 6 model 60 stepping 3 microcode 0x27, cx8, cmov, fxsr, ht, mmx, sse, sse2, sse3, ssse3, sse4.1, sse4.2, popcnt, lzcnt, tsc, tscinvbit, avx, avx2, aes, erms, clmul, bmi1, bmi2, fma, vzeroupper, clflush

Memory: 4k page, system-wide physical 8104M (516M free)
TotalPageFile size 10152M (AvailPageFile size 111M)
current process WorkingSet (physical memory assigned to process): 10M, peak: 10M
current process commit charge ("private bytes"): 51M, peak: 179M

vm_info: OpenJDK 64-Bit Server VM (17.0.6+0-b2043.56-10027231) for windows-amd64 JRE (17.0.6+0-b2043.56-10027231), built on Apr 28 2023 00:43:19 by "androidbuild" with MS VC++ 16.10 / 16.11 (VS2019)

END.
